{"/home/iletavcioski/Documents/TPO1/LP234-11/src/server/test.exports.js":{"path":"/home/iletavcioski/Documents/TPO1/LP234-11/src/server/test.exports.js","statementMap":{"0":{"start":{"line":2,"column":25},"end":{"line":2,"column":45}},"1":{"start":{"line":3,"column":14},"end":{"line":3,"column":30}},"2":{"start":{"line":4,"column":12},"end":{"line":4,"column":31}},"3":{"start":{"line":5,"column":33},"end":{"line":5,"column":71}},"4":{"start":{"line":7,"column":0},"end":{"line":12,"column":1}}},"fnMap":{},"branchMap":{},"s":{"0":1,"1":1,"2":1,"3":1,"4":1},"f":{},"b":{},"_coverageSchema":"1a1c01bbd47fc00a2c39e90264f33305004495a9","hash":"2ebbdad797d31112c07f38eb4e8b0e85d2682065","contentHash":"6b86fc9810fc1a2a4fe907ac1b94059c51925bf827eda27ce6168bf581483788"},"/home/iletavcioski/Documents/TPO1/LP234-11/src/server/server.js":{"path":"/home/iletavcioski/Documents/TPO1/LP234-11/src/server/server.js","statementMap":{"0":{"start":{"line":1,"column":16},"end":{"line":1,"column":34}},"1":{"start":{"line":2,"column":15},"end":{"line":2,"column":32}},"2":{"start":{"line":3,"column":13},"end":{"line":3,"column":28}},"3":{"start":{"line":4,"column":15},"end":{"line":4,"column":32}},"4":{"start":{"line":5,"column":21},"end":{"line":5,"column":45}},"5":{"start":{"line":14,"column":4},"end":{"line":14,"column":42}},"6":{"start":{"line":23,"column":4},"end":{"line":23,"column":45}},"7":{"start":{"line":24,"column":15},"end":{"line":24,"column":32}},"8":{"start":{"line":25,"column":27},"end":{"line":25,"column":57}},"9":{"start":{"line":32,"column":4},"end":{"line":32,"column":44}},"10":{"start":{"line":33,"column":22},"end":{"line":33,"column":61}},"11":{"start":{"line":34,"column":21},"end":{"line":34,"column":56}},"12":{"start":{"line":40,"column":4},"end":{"line":40,"column":41}},"13":{"start":{"line":47,"column":4},"end":{"line":47,"column":45}},"14":{"start":{"line":48,"column":21},"end":{"line":48,"column":60}},"15":{"start":{"line":50,"column":12},"end":{"line":50,"column":21}},"16":{"start":{"line":51,"column":0},"end":{"line":51,"column":26}},"17":{"start":{"line":53,"column":0},"end":{"line":53,"column":24}},"18":{"start":{"line":54,"column":0},"end":{"line":54,"column":49}},"19":{"start":{"line":55,"column":0},"end":{"line":55,"column":24}},"20":{"start":{"line":58,"column":2},"end":{"line":60,"column":29}},"21":{"start":{"line":62,"column":0},"end":{"line":62,"column":59}},"22":{"start":{"line":63,"column":0},"end":{"line":63,"column":23}},"23":{"start":{"line":64,"column":0},"end":{"line":64,"column":18}},"24":{"start":{"line":65,"column":0},"end":{"line":65,"column":16}},"25":{"start":{"line":70,"column":0},"end":{"line":75,"column":2}},"26":{"start":{"line":74,"column":16},"end":{"line":74,"column":38}},"27":{"start":{"line":76,"column":0},"end":{"line":76,"column":69}},"28":{"start":{"line":76,"column":45},"end":{"line":76,"column":67}},"29":{"start":{"line":77,"column":0},"end":{"line":83,"column":2}},"30":{"start":{"line":82,"column":16},"end":{"line":82,"column":38}},"31":{"start":{"line":84,"column":0},"end":{"line":86,"column":2}},"32":{"start":{"line":85,"column":2},"end":{"line":85,"column":32}},"33":{"start":{"line":87,"column":0},"end":{"line":89,"column":2}},"34":{"start":{"line":88,"column":2},"end":{"line":88,"column":21}},"35":{"start":{"line":91,"column":0},"end":{"line":91,"column":56}},"36":{"start":{"line":91,"column":38},"end":{"line":91,"column":54}},"37":{"start":{"line":94,"column":0},"end":{"line":96,"column":2}},"38":{"start":{"line":95,"column":2},"end":{"line":95,"column":33}},"39":{"start":{"line":98,"column":0},"end":{"line":98,"column":80}},"40":{"start":{"line":98,"column":52},"end":{"line":98,"column":78}},"41":{"start":{"line":99,"column":0},"end":{"line":101,"column":2}},"42":{"start":{"line":100,"column":2},"end":{"line":100,"column":31}},"43":{"start":{"line":102,"column":0},"end":{"line":104,"column":2}},"44":{"start":{"line":103,"column":2},"end":{"line":103,"column":32}},"45":{"start":{"line":107,"column":0},"end":{"line":113,"column":2}},"46":{"start":{"line":112,"column":16},"end":{"line":112,"column":32}},"47":{"start":{"line":114,"column":0},"end":{"line":116,"column":2}},"48":{"start":{"line":115,"column":2},"end":{"line":115,"column":27}},"49":{"start":{"line":117,"column":0},"end":{"line":119,"column":2}},"50":{"start":{"line":118,"column":2},"end":{"line":118,"column":25}},"51":{"start":{"line":122,"column":0},"end":{"line":124,"column":2}},"52":{"start":{"line":123,"column":2},"end":{"line":123,"column":21}},"53":{"start":{"line":126,"column":0},"end":{"line":126,"column":76}},"54":{"start":{"line":126,"column":53},"end":{"line":126,"column":74}},"55":{"start":{"line":127,"column":0},"end":{"line":130,"column":2}},"56":{"start":{"line":128,"column":2},"end":{"line":128,"column":27}},"57":{"start":{"line":131,"column":0},"end":{"line":133,"column":2}},"58":{"start":{"line":132,"column":2},"end":{"line":132,"column":26}},"59":{"start":{"line":135,"column":0},"end":{"line":135,"column":70}},"60":{"start":{"line":135,"column":52},"end":{"line":135,"column":68}},"61":{"start":{"line":138,"column":0},"end":{"line":138,"column":79}},"62":{"start":{"line":138,"column":59},"end":{"line":138,"column":77}},"63":{"start":{"line":141,"column":0},"end":{"line":141,"column":76}},"64":{"start":{"line":141,"column":50},"end":{"line":141,"column":74}},"65":{"start":{"line":142,"column":0},"end":{"line":144,"column":2}},"66":{"start":{"line":143,"column":2},"end":{"line":143,"column":27}},"67":{"start":{"line":145,"column":0},"end":{"line":147,"column":2}},"68":{"start":{"line":146,"column":2},"end":{"line":146,"column":24}},"69":{"start":{"line":148,"column":0},"end":{"line":150,"column":2}},"70":{"start":{"line":149,"column":2},"end":{"line":149,"column":29}},"71":{"start":{"line":151,"column":0},"end":{"line":153,"column":2}},"72":{"start":{"line":152,"column":2},"end":{"line":152,"column":24}},"73":{"start":{"line":156,"column":0},"end":{"line":158,"column":2}},"74":{"start":{"line":157,"column":2},"end":{"line":157,"column":20}},"75":{"start":{"line":161,"column":13},"end":{"line":161,"column":37}},"76":{"start":{"line":162,"column":0},"end":{"line":166,"column":3}},"77":{"start":{"line":163,"column":2},"end":{"line":163,"column":48}},"78":{"start":{"line":169,"column":0},"end":{"line":169,"column":21}}},"fnMap":{"0":{"name":"(anonymous_0)","decl":{"start":{"line":74,"column":2},"end":{"line":74,"column":3}},"loc":{"start":{"line":74,"column":16},"end":{"line":74,"column":38}},"line":74},"1":{"name":"(anonymous_1)","decl":{"start":{"line":76,"column":31},"end":{"line":76,"column":32}},"loc":{"start":{"line":76,"column":45},"end":{"line":76,"column":67}},"line":76},"2":{"name":"(anonymous_2)","decl":{"start":{"line":82,"column":2},"end":{"line":82,"column":3}},"loc":{"start":{"line":82,"column":16},"end":{"line":82,"column":38}},"line":82},"3":{"name":"(anonymous_3)","decl":{"start":{"line":84,"column":48},"end":{"line":84,"column":49}},"loc":{"start":{"line":85,"column":2},"end":{"line":85,"column":32}},"line":85},"4":{"name":"(anonymous_4)","decl":{"start":{"line":87,"column":63},"end":{"line":87,"column":64}},"loc":{"start":{"line":88,"column":2},"end":{"line":88,"column":21}},"line":88},"5":{"name":"(anonymous_5)","decl":{"start":{"line":91,"column":24},"end":{"line":91,"column":25}},"loc":{"start":{"line":91,"column":38},"end":{"line":91,"column":54}},"line":91},"6":{"name":"(anonymous_6)","decl":{"start":{"line":94,"column":41},"end":{"line":94,"column":42}},"loc":{"start":{"line":95,"column":2},"end":{"line":95,"column":33}},"line":95},"7":{"name":"(anonymous_7)","decl":{"start":{"line":98,"column":38},"end":{"line":98,"column":39}},"loc":{"start":{"line":98,"column":52},"end":{"line":98,"column":78}},"line":98},"8":{"name":"(anonymous_8)","decl":{"start":{"line":99,"column":45},"end":{"line":99,"column":46}},"loc":{"start":{"line":100,"column":2},"end":{"line":100,"column":31}},"line":100},"9":{"name":"(anonymous_9)","decl":{"start":{"line":102,"column":47},"end":{"line":102,"column":48}},"loc":{"start":{"line":103,"column":2},"end":{"line":103,"column":32}},"line":103},"10":{"name":"(anonymous_10)","decl":{"start":{"line":112,"column":2},"end":{"line":112,"column":3}},"loc":{"start":{"line":112,"column":16},"end":{"line":112,"column":32}},"line":112},"11":{"name":"(anonymous_11)","decl":{"start":{"line":114,"column":43},"end":{"line":114,"column":44}},"loc":{"start":{"line":115,"column":2},"end":{"line":115,"column":27}},"line":115},"12":{"name":"(anonymous_12)","decl":{"start":{"line":117,"column":40},"end":{"line":117,"column":41}},"loc":{"start":{"line":118,"column":2},"end":{"line":118,"column":25}},"line":118},"13":{"name":"(anonymous_13)","decl":{"start":{"line":122,"column":46},"end":{"line":122,"column":47}},"loc":{"start":{"line":123,"column":2},"end":{"line":123,"column":21}},"line":123},"14":{"name":"(anonymous_14)","decl":{"start":{"line":126,"column":39},"end":{"line":126,"column":40}},"loc":{"start":{"line":126,"column":53},"end":{"line":126,"column":74}},"line":126},"15":{"name":"(anonymous_15)","decl":{"start":{"line":127,"column":44},"end":{"line":127,"column":45}},"loc":{"start":{"line":127,"column":58},"end":{"line":129,"column":1}},"line":127},"16":{"name":"(anonymous_16)","decl":{"start":{"line":131,"column":41},"end":{"line":131,"column":42}},"loc":{"start":{"line":132,"column":2},"end":{"line":132,"column":26}},"line":132},"17":{"name":"(anonymous_17)","decl":{"start":{"line":135,"column":38},"end":{"line":135,"column":39}},"loc":{"start":{"line":135,"column":52},"end":{"line":135,"column":68}},"line":135},"18":{"name":"(anonymous_18)","decl":{"start":{"line":138,"column":45},"end":{"line":138,"column":46}},"loc":{"start":{"line":138,"column":59},"end":{"line":138,"column":77}},"line":138},"19":{"name":"(anonymous_19)","decl":{"start":{"line":141,"column":36},"end":{"line":141,"column":37}},"loc":{"start":{"line":141,"column":50},"end":{"line":141,"column":74}},"line":141},"20":{"name":"(anonymous_20)","decl":{"start":{"line":142,"column":47},"end":{"line":142,"column":48}},"loc":{"start":{"line":143,"column":2},"end":{"line":143,"column":27}},"line":143},"21":{"name":"(anonymous_21)","decl":{"start":{"line":145,"column":44},"end":{"line":145,"column":45}},"loc":{"start":{"line":146,"column":2},"end":{"line":146,"column":24}},"line":146},"22":{"name":"(anonymous_22)","decl":{"start":{"line":148,"column":49},"end":{"line":148,"column":50}},"loc":{"start":{"line":149,"column":2},"end":{"line":149,"column":29}},"line":149},"23":{"name":"(anonymous_23)","decl":{"start":{"line":151,"column":30},"end":{"line":151,"column":31}},"loc":{"start":{"line":152,"column":2},"end":{"line":152,"column":24}},"line":152},"24":{"name":"(anonymous_24)","decl":{"start":{"line":156,"column":41},"end":{"line":156,"column":42}},"loc":{"start":{"line":157,"column":2},"end":{"line":157,"column":20}},"line":157},"25":{"name":"(anonymous_25)","decl":{"start":{"line":162,"column":17},"end":{"line":162,"column":18}},"loc":{"start":{"line":162,"column":23},"end":{"line":166,"column":1}},"line":162}},"branchMap":{"0":{"loc":{"start":{"line":58,"column":2},"end":{"line":60,"column":29}},"type":"cond-expr","locations":[{"start":{"line":59,"column":6},"end":{"line":59,"column":46}},{"start":{"line":60,"column":6},"end":{"line":60,"column":29}}],"line":58},"1":{"loc":{"start":{"line":161,"column":13},"end":{"line":161,"column":37}},"type":"binary-expr","locations":[{"start":{"line":161,"column":13},"end":{"line":161,"column":29}},{"start":{"line":161,"column":33},"end":{"line":161,"column":37}}],"line":161}},"s":{"0":1,"1":1,"2":1,"3":1,"4":1,"5":1,"6":1,"7":1,"8":1,"9":1,"10":1,"11":1,"12":1,"13":1,"14":1,"15":1,"16":1,"17":1,"18":1,"19":1,"20":1,"21":1,"22":1,"23":1,"24":1,"25":1,"26":2,"27":1,"28":2,"29":1,"30":1,"31":1,"32":0,"33":1,"34":15,"35":1,"36":1,"37":1,"38":1,"39":1,"40":2,"41":1,"42":2,"43":1,"44":0,"45":1,"46":2,"47":1,"48":0,"49":1,"50":0,"51":1,"52":2,"53":1,"54":0,"55":1,"56":2,"57":1,"58":0,"59":1,"60":3,"61":1,"62":0,"63":1,"64":1,"65":1,"66":2,"67":1,"68":2,"69":1,"70":2,"71":1,"72":0,"73":1,"74":2,"75":1,"76":1,"77":1,"78":1},"f":{"0":2,"1":2,"2":1,"3":0,"4":15,"5":1,"6":1,"7":2,"8":2,"9":0,"10":2,"11":0,"12":0,"13":2,"14":0,"15":2,"16":0,"17":3,"18":0,"19":1,"20":2,"21":2,"22":2,"23":0,"24":2,"25":1},"b":{"0":[0,1],"1":[1,0]},"_coverageSchema":"1a1c01bbd47fc00a2c39e90264f33305004495a9","hash":"35fe927474f5b5df34ec0c1d66ad68ee341f3a26","contentHash":"cf07e898e34b1b7e2fadb79a399fbf104e1be3ffa7912750f2fa267875d3c960"},"/home/iletavcioski/Documents/TPO1/LP234-11/src/server/controller/AuthController.js":{"path":"/home/iletavcioski/Documents/TPO1/LP234-11/src/server/controller/AuthController.js","statementMap":{"0":{"start":{"line":1,"column":12},"end":{"line":1,"column":35}},"1":{"start":{"line":2,"column":12},"end":{"line":2,"column":26}},"2":{"start":{"line":3,"column":26},"end":{"line":3,"column":54}},"3":{"start":{"line":11,"column":4},"end":{"line":11,"column":34}},"4":{"start":{"line":12,"column":29},"end":{"line":12,"column":59}},"5":{"start":{"line":16,"column":21},"end":{"line":46,"column":1}},"6":{"start":{"line":17,"column":51},"end":{"line":17,"column":59}},"7":{"start":{"line":18,"column":17},"end":{"line":18,"column":40}},"8":{"start":{"line":20,"column":21},"end":{"line":20,"column":49}},"9":{"start":{"line":22,"column":16},"end":{"line":32,"column":3}},"10":{"start":{"line":35,"column":17},"end":{"line":35,"column":45}},"11":{"start":{"line":37,"column":2},"end":{"line":39,"column":3}},"12":{"start":{"line":38,"column":4},"end":{"line":38,"column":72}},"13":{"start":{"line":42,"column":25},"end":{"line":42,"column":74}},"14":{"start":{"line":43,"column":2},"end":{"line":43,"column":47}},"15":{"start":{"line":45,"column":2},"end":{"line":45,"column":35}},"16":{"start":{"line":48,"column":18},"end":{"line":64,"column":1}},"17":{"start":{"line":49,"column":30},"end":{"line":49,"column":38}},"18":{"start":{"line":51,"column":15},"end":{"line":51,"column":42}},"19":{"start":{"line":53,"column":2},"end":{"line":55,"column":3}},"20":{"start":{"line":54,"column":4},"end":{"line":54,"column":63}},"21":{"start":{"line":57,"column":26},"end":{"line":57,"column":67}},"22":{"start":{"line":59,"column":2},"end":{"line":61,"column":3}},"23":{"start":{"line":60,"column":4},"end":{"line":60,"column":63}},"24":{"start":{"line":63,"column":2},"end":{"line":63,"column":46}},"25":{"start":{"line":67,"column":21},"end":{"line":93,"column":1}},"26":{"start":{"line":68,"column":22},"end":{"line":72,"column":3}},"27":{"start":{"line":73,"column":23},"end":{"line":77,"column":3}},"28":{"start":{"line":79,"column":2},"end":{"line":81,"column":5}},"29":{"start":{"line":83,"column":15},"end":{"line":83,"column":41}},"30":{"start":{"line":84,"column":24},"end":{"line":84,"column":55}},"31":{"start":{"line":85,"column":20},"end":{"line":90,"column":3}},"32":{"start":{"line":92,"column":2},"end":{"line":92,"column":64}},"33":{"start":{"line":95,"column":22},"end":{"line":101,"column":1}},"34":{"start":{"line":96,"column":16},"end":{"line":99,"column":3}},"35":{"start":{"line":100,"column":2},"end":{"line":100,"column":55}},"36":{"start":{"line":104,"column":21},"end":{"line":123,"column":1}},"37":{"start":{"line":105,"column":2},"end":{"line":122,"column":3}},"38":{"start":{"line":106,"column":23},"end":{"line":106,"column":50}},"39":{"start":{"line":107,"column":4},"end":{"line":109,"column":5}},"40":{"start":{"line":108,"column":6},"end":{"line":108,"column":65}},"41":{"start":{"line":111,"column":18},"end":{"line":111,"column":42}},"42":{"start":{"line":113,"column":21},"end":{"line":113,"column":69}},"43":{"start":{"line":114,"column":4},"end":{"line":118,"column":5}},"44":{"start":{"line":115,"column":6},"end":{"line":115,"column":42}},"45":{"start":{"line":116,"column":6},"end":{"line":116,"column":13}},"46":{"start":{"line":117,"column":6},"end":{"line":117,"column":13}},"47":{"start":{"line":119,"column":4},"end":{"line":119,"column":62}},"48":{"start":{"line":121,"column":4},"end":{"line":121,"column":37}},"49":{"start":{"line":125,"column":21},"end":{"line":139,"column":1}},"50":{"start":{"line":127,"column":2},"end":{"line":138,"column":3}},"51":{"start":{"line":128,"column":26},"end":{"line":128,"column":41}},"52":{"start":{"line":129,"column":21},"end":{"line":129,"column":78}},"53":{"start":{"line":130,"column":4},"end":{"line":133,"column":5}},"54":{"start":{"line":131,"column":21},"end":{"line":131,"column":36}},"55":{"start":{"line":132,"column":6},"end":{"line":132,"column":39}},"56":{"start":{"line":135,"column":4},"end":{"line":135,"column":62}},"57":{"start":{"line":137,"column":4},"end":{"line":137,"column":62}},"58":{"start":{"line":141,"column":29},"end":{"line":147,"column":1}},"59":{"start":{"line":142,"column":16},"end":{"line":142,"column":64}},"60":{"start":{"line":143,"column":13},"end":{"line":143,"column":23}},"61":{"start":{"line":144,"column":2},"end":{"line":144,"column":41}},"62":{"start":{"line":145,"column":2},"end":{"line":145,"column":28}},"63":{"start":{"line":146,"column":2},"end":{"line":146,"column":14}},"64":{"start":{"line":149,"column":29},"end":{"line":171,"column":1}},"65":{"start":{"line":150,"column":17},"end":{"line":150,"column":34}},"66":{"start":{"line":151,"column":15},"end":{"line":151,"column":40}},"67":{"start":{"line":152,"column":22},"end":{"line":152,"column":32}},"68":{"start":{"line":153,"column":22},"end":{"line":157,"column":3}},"69":{"start":{"line":158,"column":2},"end":{"line":170,"column":3}},"70":{"start":{"line":159,"column":4},"end":{"line":159,"column":37}},"71":{"start":{"line":160,"column":31},"end":{"line":163,"column":5}},"72":{"start":{"line":164,"column":4},"end":{"line":164,"column":57}},"73":{"start":{"line":165,"column":4},"end":{"line":167,"column":7}},"74":{"start":{"line":169,"column":4},"end":{"line":169,"column":28}},"75":{"start":{"line":173,"column":21},"end":{"line":190,"column":1}},"76":{"start":{"line":174,"column":27},"end":{"line":174,"column":35}},"77":{"start":{"line":175,"column":2},"end":{"line":175,"column":48}},"78":{"start":{"line":176,"column":15},"end":{"line":176,"column":51}},"79":{"start":{"line":177,"column":15},"end":{"line":177,"column":77}},"80":{"start":{"line":179,"column":2},"end":{"line":187,"column":3}},"81":{"start":{"line":180,"column":24},"end":{"line":180,"column":52}},"82":{"start":{"line":181,"column":4},"end":{"line":186,"column":5}},"83":{"start":{"line":182,"column":6},"end":{"line":182,"column":39}},"84":{"start":{"line":183,"column":6},"end":{"line":183,"column":58}},"85":{"start":{"line":185,"column":6},"end":{"line":185,"column":78}},"86":{"start":{"line":189,"column":2},"end":{"line":189,"column":69}},"87":{"start":{"line":192,"column":15},"end":{"line":195,"column":1}},"88":{"start":{"line":193,"column":2},"end":{"line":193,"column":25}},"89":{"start":{"line":194,"column":2},"end":{"line":194,"column":62}},"90":{"start":{"line":197,"column":0},"end":{"line":206,"column":2}}},"fnMap":{"0":{"name":"(anonymous_0)","decl":{"start":{"line":16,"column":21},"end":{"line":16,"column":22}},"loc":{"start":{"line":16,"column":41},"end":{"line":46,"column":1}},"line":16},"1":{"name":"(anonymous_1)","decl":{"start":{"line":48,"column":18},"end":{"line":48,"column":19}},"loc":{"start":{"line":48,"column":38},"end":{"line":64,"column":1}},"line":48},"2":{"name":"(anonymous_2)","decl":{"start":{"line":67,"column":21},"end":{"line":67,"column":22}},"loc":{"start":{"line":67,"column":45},"end":{"line":93,"column":1}},"line":67},"3":{"name":"(anonymous_3)","decl":{"start":{"line":95,"column":22},"end":{"line":95,"column":23}},"loc":{"start":{"line":95,"column":47},"end":{"line":101,"column":1}},"line":95},"4":{"name":"(anonymous_4)","decl":{"start":{"line":104,"column":21},"end":{"line":104,"column":22}},"loc":{"start":{"line":104,"column":41},"end":{"line":123,"column":1}},"line":104},"5":{"name":"(anonymous_5)","decl":{"start":{"line":125,"column":21},"end":{"line":125,"column":22}},"loc":{"start":{"line":125,"column":35},"end":{"line":139,"column":1}},"line":125},"6":{"name":"(anonymous_6)","decl":{"start":{"line":141,"column":29},"end":{"line":141,"column":30}},"loc":{"start":{"line":141,"column":57},"end":{"line":147,"column":1}},"line":141},"7":{"name":"(anonymous_7)","decl":{"start":{"line":149,"column":29},"end":{"line":149,"column":30}},"loc":{"start":{"line":149,"column":49},"end":{"line":171,"column":1}},"line":149},"8":{"name":"(anonymous_8)","decl":{"start":{"line":173,"column":21},"end":{"line":173,"column":22}},"loc":{"start":{"line":173,"column":41},"end":{"line":190,"column":1}},"line":173},"9":{"name":"(anonymous_9)","decl":{"start":{"line":192,"column":15},"end":{"line":192,"column":16}},"loc":{"start":{"line":192,"column":29},"end":{"line":195,"column":1}},"line":192}},"branchMap":{"0":{"loc":{"start":{"line":18,"column":17},"end":{"line":18,"column":40}},"type":"cond-expr","locations":[{"start":{"line":18,"column":30},"end":{"line":18,"column":33}},{"start":{"line":18,"column":36},"end":{"line":18,"column":40}}],"line":18},"1":{"loc":{"start":{"line":37,"column":2},"end":{"line":39,"column":3}},"type":"if","locations":[{"start":{"line":37,"column":2},"end":{"line":39,"column":3}},{"start":{"line":37,"column":2},"end":{"line":39,"column":3}}],"line":37},"2":{"loc":{"start":{"line":53,"column":2},"end":{"line":55,"column":3}},"type":"if","locations":[{"start":{"line":53,"column":2},"end":{"line":55,"column":3}},{"start":{"line":53,"column":2},"end":{"line":55,"column":3}}],"line":53},"3":{"loc":{"start":{"line":59,"column":2},"end":{"line":61,"column":3}},"type":"if","locations":[{"start":{"line":59,"column":2},"end":{"line":61,"column":3}},{"start":{"line":59,"column":2},"end":{"line":61,"column":3}}],"line":59},"4":{"loc":{"start":{"line":107,"column":4},"end":{"line":109,"column":5}},"type":"if","locations":[{"start":{"line":107,"column":4},"end":{"line":109,"column":5}},{"start":{"line":107,"column":4},"end":{"line":109,"column":5}}],"line":107},"5":{"loc":{"start":{"line":114,"column":4},"end":{"line":118,"column":5}},"type":"if","locations":[{"start":{"line":114,"column":4},"end":{"line":118,"column":5}},{"start":{"line":114,"column":4},"end":{"line":118,"column":5}}],"line":114},"6":{"loc":{"start":{"line":130,"column":4},"end":{"line":133,"column":5}},"type":"if","locations":[{"start":{"line":130,"column":4},"end":{"line":133,"column":5}},{"start":{"line":130,"column":4},"end":{"line":133,"column":5}}],"line":130},"7":{"loc":{"start":{"line":179,"column":2},"end":{"line":187,"column":3}},"type":"if","locations":[{"start":{"line":179,"column":2},"end":{"line":187,"column":3}},{"start":{"line":179,"column":2},"end":{"line":187,"column":3}}],"line":179}},"s":{"0":1,"1":1,"2":1,"3":1,"4":1,"5":1,"6":2,"7":2,"8":2,"9":2,"10":2,"11":2,"12":0,"13":2,"14":2,"15":2,"16":1,"17":15,"18":15,"19":15,"20":1,"21":14,"22":14,"23":1,"24":13,"25":1,"26":15,"27":15,"28":15,"29":15,"30":15,"31":15,"32":15,"33":1,"34":30,"35":30,"36":1,"37":28,"38":28,"39":28,"40":2,"41":26,"42":26,"43":24,"44":24,"45":24,"46":24,"47":0,"48":2,"49":1,"50":2,"51":2,"52":2,"53":0,"54":0,"55":0,"56":0,"57":2,"58":1,"59":5,"60":5,"61":5,"62":5,"63":5,"64":1,"65":0,"66":0,"67":0,"68":0,"69":0,"70":0,"71":0,"72":0,"73":0,"74":0,"75":1,"76":1,"77":1,"78":1,"79":1,"80":1,"81":1,"82":1,"83":1,"84":1,"85":0,"86":0,"87":1,"88":1,"89":1,"90":1},"f":{"0":2,"1":15,"2":15,"3":30,"4":28,"5":2,"6":5,"7":0,"8":1,"9":1},"b":{"0":[2,0],"1":[0,2],"2":[1,14],"3":[1,13],"4":[2,26],"5":[24,0],"6":[0,0],"7":[1,0]},"_coverageSchema":"1a1c01bbd47fc00a2c39e90264f33305004495a9","hash":"e77eb57f455df79d14b1cdaad580c10ce78e9863","contentHash":"7715ebb9961ac8e09ffe49d7b09c35280e5d7173596e8385b0034e482fb7f9f3"},"/home/iletavcioski/Documents/TPO1/LP234-11/src/server/controller/EmailController.js":{"path":"/home/iletavcioski/Documents/TPO1/LP234-11/src/server/controller/EmailController.js","statementMap":{"0":{"start":{"line":1,"column":19},"end":{"line":1,"column":40}},"1":{"start":{"line":2,"column":0},"end":{"line":2,"column":27}},"2":{"start":{"line":4,"column":20},"end":{"line":13,"column":1}},"3":{"start":{"line":15,"column":20},"end":{"line":15,"column":59}},"4":{"start":{"line":17,"column":22},"end":{"line":33,"column":1}},"5":{"start":{"line":18,"column":22},"end":{"line":24,"column":3}},"6":{"start":{"line":27,"column":2},"end":{"line":32,"column":5}},"7":{"start":{"line":28,"column":4},"end":{"line":30,"column":5}},"8":{"start":{"line":29,"column":6},"end":{"line":29,"column":32}},"9":{"start":{"line":31,"column":4},"end":{"line":31,"column":55}},"10":{"start":{"line":35,"column":0},"end":{"line":37,"column":2}}},"fnMap":{"0":{"name":"(anonymous_0)","decl":{"start":{"line":17,"column":22},"end":{"line":17,"column":23}},"loc":{"start":{"line":17,"column":39},"end":{"line":33,"column":1}},"line":17},"1":{"name":"(anonymous_1)","decl":{"start":{"line":27,"column":36},"end":{"line":27,"column":37}},"loc":{"start":{"line":27,"column":59},"end":{"line":32,"column":3}},"line":27}},"branchMap":{"0":{"loc":{"start":{"line":28,"column":4},"end":{"line":30,"column":5}},"type":"if","locations":[{"start":{"line":28,"column":4},"end":{"line":30,"column":5}},{"start":{"line":28,"column":4},"end":{"line":30,"column":5}}],"line":28}},"s":{"0":1,"1":1,"2":1,"3":1,"4":1,"5":2,"6":2,"7":2,"8":0,"9":2,"10":1},"f":{"0":2,"1":2},"b":{"0":[0,2]},"_coverageSchema":"1a1c01bbd47fc00a2c39e90264f33305004495a9","hash":"19431ef27bcfe57ca01364bec438680ac8298aac","contentHash":"0c4689e2e5ff1289911a5c10513e87019cd25b49cbfd3d0f72177fc756d8431b"},"/home/iletavcioski/Documents/TPO1/LP234-11/src/server/controller/ProfileController.js":{"path":"/home/iletavcioski/Documents/TPO1/LP234-11/src/server/controller/ProfileController.js","statementMap":{"0":{"start":{"line":1,"column":23},"end":{"line":1,"column":54}},"1":{"start":{"line":2,"column":26},"end":{"line":2,"column":50}},"2":{"start":{"line":3,"column":15},"end":{"line":3,"column":32}},"3":{"start":{"line":5,"column":19},"end":{"line":5,"column":21}},"4":{"start":{"line":7,"column":21},"end":{"line":10,"column":1}},"5":{"start":{"line":8,"column":15},"end":{"line":8,"column":47}},"6":{"start":{"line":9,"column":2},"end":{"line":9,"column":43}},"7":{"start":{"line":12,"column":22},"end":{"line":14,"column":1}},"8":{"start":{"line":13,"column":2},"end":{"line":13,"column":71}},"9":{"start":{"line":24,"column":22},"end":{"line":68,"column":1}},"10":{"start":{"line":25,"column":30},"end":{"line":35,"column":3}},"11":{"start":{"line":37,"column":2},"end":{"line":67,"column":3}},"12":{"start":{"line":38,"column":4},"end":{"line":44,"column":5}},"13":{"start":{"line":39,"column":19},"end":{"line":39,"column":76}},"14":{"start":{"line":40,"column":6},"end":{"line":40,"column":43}},"15":{"start":{"line":42,"column":6},"end":{"line":42,"column":23}},"16":{"start":{"line":43,"column":6},"end":{"line":43,"column":19}},"17":{"start":{"line":46,"column":19},"end":{"line":65,"column":6}},"18":{"start":{"line":47,"column":6},"end":{"line":64,"column":7}},"19":{"start":{"line":48,"column":21},"end":{"line":48,"column":71}},"20":{"start":{"line":49,"column":19},"end":{"line":49,"column":26}},"21":{"start":{"line":52,"column":38},"end":{"line":59,"column":9}},"22":{"start":{"line":60,"column":8},"end":{"line":60,"column":63}},"23":{"start":{"line":61,"column":8},"end":{"line":61,"column":23}},"24":{"start":{"line":63,"column":8},"end":{"line":63,"column":23}},"25":{"start":{"line":66,"column":4},"end":{"line":66,"column":18}},"26":{"start":{"line":70,"column":22},"end":{"line":79,"column":1}},"27":{"start":{"line":71,"column":2},"end":{"line":78,"column":3}},"28":{"start":{"line":72,"column":4},"end":{"line":74,"column":20}},"29":{"start":{"line":76,"column":4},"end":{"line":76,"column":19}},"30":{"start":{"line":77,"column":4},"end":{"line":77,"column":22}},"31":{"start":{"line":81,"column":20},"end":{"line":87,"column":1}},"32":{"start":{"line":82,"column":15},"end":{"line":85,"column":34}},"33":{"start":{"line":86,"column":2},"end":{"line":86,"column":39}},"34":{"start":{"line":89,"column":23},"end":{"line":95,"column":1}},"35":{"start":{"line":90,"column":15},"end":{"line":93,"column":26}},"36":{"start":{"line":94,"column":2},"end":{"line":94,"column":39}},"37":{"start":{"line":97,"column":30},"end":{"line":100,"column":1}},"38":{"start":{"line":98,"column":15},"end":{"line":98,"column":42}},"39":{"start":{"line":99,"column":2},"end":{"line":99,"column":29}},"40":{"start":{"line":102,"column":15},"end":{"line":127,"column":1}},"41":{"start":{"line":103,"column":14},"end":{"line":103,"column":29}},"42":{"start":{"line":104,"column":15},"end":{"line":104,"column":51}},"43":{"start":{"line":106,"column":2},"end":{"line":108,"column":3}},"44":{"start":{"line":107,"column":4},"end":{"line":107,"column":56}},"45":{"start":{"line":110,"column":32},"end":{"line":110,"column":36}},"46":{"start":{"line":112,"column":29},"end":{"line":119,"column":3}},"47":{"start":{"line":121,"column":2},"end":{"line":126,"column":3}},"48":{"start":{"line":122,"column":4},"end":{"line":122,"column":55}},"49":{"start":{"line":123,"column":4},"end":{"line":123,"column":58}},"50":{"start":{"line":125,"column":4},"end":{"line":125,"column":50}},"51":{"start":{"line":129,"column":30},"end":{"line":135,"column":1}},"52":{"start":{"line":130,"column":17},"end":{"line":130,"column":34}},"53":{"start":{"line":131,"column":15},"end":{"line":133,"column":34}},"54":{"start":{"line":134,"column":2},"end":{"line":134,"column":32}},"55":{"start":{"line":137,"column":21},"end":{"line":145,"column":1}},"56":{"start":{"line":139,"column":15},"end":{"line":142,"column":34}},"57":{"start":{"line":143,"column":19},"end":{"line":143,"column":44}},"58":{"start":{"line":144,"column":2},"end":{"line":144,"column":18}},"59":{"start":{"line":147,"column":23},"end":{"line":153,"column":1}},"60":{"start":{"line":148,"column":16},"end":{"line":151,"column":34}},"61":{"start":{"line":152,"column":2},"end":{"line":152,"column":18}},"62":{"start":{"line":155,"column":25},"end":{"line":179,"column":1}},"63":{"start":{"line":156,"column":2},"end":{"line":178,"column":3}},"64":{"start":{"line":157,"column":19},"end":{"line":157,"column":36}},"65":{"start":{"line":158,"column":17},"end":{"line":158,"column":42}},"66":{"start":{"line":159,"column":18},"end":{"line":159,"column":22}},"67":{"start":{"line":160,"column":4},"end":{"line":172,"column":5}},"68":{"start":{"line":162,"column":20},"end":{"line":162,"column":48}},"69":{"start":{"line":163,"column":6},"end":{"line":163,"column":48}},"70":{"start":{"line":164,"column":11},"end":{"line":172,"column":5}},"71":{"start":{"line":166,"column":19},"end":{"line":166,"column":45}},"72":{"start":{"line":167,"column":6},"end":{"line":171,"column":8}},"73":{"start":{"line":174,"column":4},"end":{"line":174,"column":41}},"74":{"start":{"line":176,"column":4},"end":{"line":176,"column":19}},"75":{"start":{"line":177,"column":4},"end":{"line":177,"column":76}},"76":{"start":{"line":181,"column":26},"end":{"line":189,"column":1}},"77":{"start":{"line":182,"column":14},"end":{"line":187,"column":21}},"78":{"start":{"line":188,"column":2},"end":{"line":188,"column":25}},"79":{"start":{"line":191,"column":19},"end":{"line":194,"column":1}},"80":{"start":{"line":192,"column":14},"end":{"line":192,"column":74}},"81":{"start":{"line":193,"column":2},"end":{"line":193,"column":37}},"82":{"start":{"line":196,"column":18},"end":{"line":203,"column":1}},"83":{"start":{"line":197,"column":2},"end":{"line":202,"column":3}},"84":{"start":{"line":198,"column":4},"end":{"line":198,"column":68}},"85":{"start":{"line":200,"column":4},"end":{"line":200,"column":19}},"86":{"start":{"line":201,"column":4},"end":{"line":201,"column":22}},"87":{"start":{"line":206,"column":18},"end":{"line":209,"column":1}},"88":{"start":{"line":207,"column":18},"end":{"line":207,"column":70}},"89":{"start":{"line":208,"column":2},"end":{"line":208,"column":17}},"90":{"start":{"line":211,"column":22},"end":{"line":221,"column":1}},"91":{"start":{"line":212,"column":2},"end":{"line":220,"column":3}},"92":{"start":{"line":213,"column":16},"end":{"line":213,"column":39}},"93":{"start":{"line":214,"column":23},"end":{"line":214,"column":51}},"94":{"start":{"line":215,"column":4},"end":{"line":215,"column":32}},"95":{"start":{"line":216,"column":4},"end":{"line":216,"column":16}},"96":{"start":{"line":218,"column":4},"end":{"line":218,"column":19}},"97":{"start":{"line":219,"column":4},"end":{"line":219,"column":17}},"98":{"start":{"line":223,"column":24},"end":{"line":249,"column":1}},"99":{"start":{"line":224,"column":2},"end":{"line":248,"column":3}},"100":{"start":{"line":225,"column":19},"end":{"line":225,"column":36}},"101":{"start":{"line":226,"column":22},"end":{"line":226,"column":30}},"102":{"start":{"line":227,"column":24},"end":{"line":227,"column":62}},"103":{"start":{"line":229,"column":4},"end":{"line":233,"column":5}},"104":{"start":{"line":230,"column":6},"end":{"line":232,"column":64}},"105":{"start":{"line":235,"column":20},"end":{"line":235,"column":46}},"106":{"start":{"line":236,"column":4},"end":{"line":238,"column":5}},"107":{"start":{"line":237,"column":6},"end":{"line":237,"column":75}},"108":{"start":{"line":240,"column":4},"end":{"line":242,"column":67}},"109":{"start":{"line":244,"column":4},"end":{"line":244,"column":19}},"110":{"start":{"line":245,"column":4},"end":{"line":247,"column":67}},"111":{"start":{"line":251,"column":28},"end":{"line":270,"column":1}},"112":{"start":{"line":252,"column":31},"end":{"line":252,"column":39}},"113":{"start":{"line":253,"column":24},"end":{"line":253,"column":47}},"114":{"start":{"line":254,"column":17},"end":{"line":254,"column":34}},"115":{"start":{"line":255,"column":2},"end":{"line":269,"column":3}},"116":{"start":{"line":256,"column":17},"end":{"line":256,"column":42}},"117":{"start":{"line":257,"column":24},"end":{"line":262,"column":5}},"118":{"start":{"line":263,"column":4},"end":{"line":263,"column":37}},"119":{"start":{"line":265,"column":4},"end":{"line":265,"column":76}},"120":{"start":{"line":267,"column":4},"end":{"line":267,"column":19}},"121":{"start":{"line":268,"column":4},"end":{"line":268,"column":68}},"122":{"start":{"line":272,"column":29},"end":{"line":294,"column":1}},"123":{"start":{"line":273,"column":17},"end":{"line":273,"column":34}},"124":{"start":{"line":274,"column":15},"end":{"line":274,"column":40}},"125":{"start":{"line":275,"column":39},"end":{"line":275,"column":47}},"126":{"start":{"line":276,"column":26},"end":{"line":276,"column":70}},"127":{"start":{"line":278,"column":2},"end":{"line":282,"column":3}},"128":{"start":{"line":279,"column":4},"end":{"line":281,"column":77}},"129":{"start":{"line":283,"column":2},"end":{"line":293,"column":3}},"130":{"start":{"line":284,"column":22},"end":{"line":284,"column":53}},"131":{"start":{"line":285,"column":24},"end":{"line":285,"column":53}},"132":{"start":{"line":286,"column":4},"end":{"line":286,"column":37}},"133":{"start":{"line":287,"column":4},"end":{"line":287,"column":77}},"134":{"start":{"line":289,"column":4},"end":{"line":289,"column":19}},"135":{"start":{"line":290,"column":4},"end":{"line":292,"column":72}},"136":{"start":{"line":296,"column":46},"end":{"line":326,"column":1}},"137":{"start":{"line":297,"column":26},"end":{"line":297,"column":68}},"138":{"start":{"line":298,"column":15},"end":{"line":299,"column":41}},"139":{"start":{"line":301,"column":14},"end":{"line":301,"column":27}},"140":{"start":{"line":302,"column":2},"end":{"line":303,"column":74}},"141":{"start":{"line":303,"column":4},"end":{"line":303,"column":74}},"142":{"start":{"line":305,"column":19},"end":{"line":305,"column":38}},"143":{"start":{"line":306,"column":2},"end":{"line":308,"column":3}},"144":{"start":{"line":307,"column":4},"end":{"line":307,"column":17}},"145":{"start":{"line":310,"column":22},"end":{"line":315,"column":3}},"146":{"start":{"line":317,"column":2},"end":{"line":325,"column":3}},"147":{"start":{"line":318,"column":4},"end":{"line":320,"column":27}},"148":{"start":{"line":321,"column":4},"end":{"line":321,"column":15}},"149":{"start":{"line":323,"column":4},"end":{"line":323,"column":19}},"150":{"start":{"line":324,"column":4},"end":{"line":324,"column":16}},"151":{"start":{"line":328,"column":23},"end":{"line":330,"column":1}},"152":{"start":{"line":329,"column":2},"end":{"line":329,"column":28}},"153":{"start":{"line":332,"column":32},"end":{"line":355,"column":1}},"154":{"start":{"line":333,"column":16},"end":{"line":333,"column":17}},"155":{"start":{"line":334,"column":14},"end":{"line":334,"column":15}},"156":{"start":{"line":335,"column":2},"end":{"line":342,"column":3}},"157":{"start":{"line":336,"column":16},"end":{"line":336,"column":49}},"158":{"start":{"line":337,"column":16},"end":{"line":337,"column":44}},"159":{"start":{"line":338,"column":15},"end":{"line":338,"column":48}},"160":{"start":{"line":339,"column":4},"end":{"line":339,"column":40}},"161":{"start":{"line":340,"column":4},"end":{"line":340,"column":20}},"162":{"start":{"line":341,"column":4},"end":{"line":341,"column":12}},"163":{"start":{"line":343,"column":2},"end":{"line":343,"column":28}},"164":{"start":{"line":345,"column":2},"end":{"line":353,"column":3}},"165":{"start":{"line":346,"column":4},"end":{"line":346,"column":16}},"166":{"start":{"line":347,"column":9},"end":{"line":353,"column":3}},"167":{"start":{"line":348,"column":4},"end":{"line":348,"column":16}},"168":{"start":{"line":349,"column":9},"end":{"line":353,"column":3}},"169":{"start":{"line":350,"column":4},"end":{"line":350,"column":16}},"170":{"start":{"line":352,"column":4},"end":{"line":352,"column":16}},"171":{"start":{"line":354,"column":2},"end":{"line":354,"column":17}},"172":{"start":{"line":357,"column":30},"end":{"line":372,"column":1}},"173":{"start":{"line":358,"column":2},"end":{"line":360,"column":3}},"174":{"start":{"line":359,"column":4},"end":{"line":359,"column":17}},"175":{"start":{"line":361,"column":16},"end":{"line":365,"column":39}},"176":{"start":{"line":367,"column":2},"end":{"line":369,"column":3}},"177":{"start":{"line":368,"column":4},"end":{"line":368,"column":17}},"178":{"start":{"line":370,"column":14},"end":{"line":370,"column":50}},"179":{"start":{"line":371,"column":2},"end":{"line":371,"column":27}},"180":{"start":{"line":374,"column":20},"end":{"line":380,"column":1}},"181":{"start":{"line":375,"column":15},"end":{"line":378,"column":34}},"182":{"start":{"line":379,"column":2},"end":{"line":379,"column":39}},"183":{"start":{"line":382,"column":22},"end":{"line":388,"column":1}},"184":{"start":{"line":383,"column":19},"end":{"line":383,"column":36}},"185":{"start":{"line":384,"column":15},"end":{"line":385,"column":38}},"186":{"start":{"line":387,"column":4},"end":{"line":387,"column":38}},"187":{"start":{"line":390,"column":33},"end":{"line":410,"column":1}},"188":{"start":{"line":391,"column":27},"end":{"line":391,"column":70}},"189":{"start":{"line":393,"column":15},"end":{"line":393,"column":83}},"190":{"start":{"line":395,"column":16},"end":{"line":395,"column":78}},"191":{"start":{"line":397,"column":22},"end":{"line":401,"column":3}},"192":{"start":{"line":403,"column":2},"end":{"line":409,"column":3}},"193":{"start":{"line":404,"column":4},"end":{"line":404,"column":93}},"194":{"start":{"line":405,"column":4},"end":{"line":405,"column":16}},"195":{"start":{"line":407,"column":4},"end":{"line":407,"column":19}},"196":{"start":{"line":408,"column":4},"end":{"line":408,"column":17}},"197":{"start":{"line":412,"column":31},"end":{"line":427,"column":1}},"198":{"start":{"line":413,"column":2},"end":{"line":415,"column":3}},"199":{"start":{"line":414,"column":4},"end":{"line":414,"column":17}},"200":{"start":{"line":416,"column":18},"end":{"line":418,"column":23}},"201":{"start":{"line":420,"column":12},"end":{"line":420,"column":13}},"202":{"start":{"line":421,"column":2},"end":{"line":423,"column":3}},"203":{"start":{"line":422,"column":4},"end":{"line":422,"column":27}},"204":{"start":{"line":424,"column":22},"end":{"line":424,"column":54}},"205":{"start":{"line":426,"column":2},"end":{"line":426,"column":23}},"206":{"start":{"line":429,"column":0},"end":{"line":448,"column":2}}},"fnMap":{"0":{"name":"(anonymous_0)","decl":{"start":{"line":7,"column":21},"end":{"line":7,"column":22}},"loc":{"start":{"line":7,"column":41},"end":{"line":10,"column":1}},"line":7},"1":{"name":"(anonymous_1)","decl":{"start":{"line":12,"column":22},"end":{"line":12,"column":23}},"loc":{"start":{"line":12,"column":53},"end":{"line":14,"column":1}},"line":12},"2":{"name":"(anonymous_2)","decl":{"start":{"line":24,"column":22},"end":{"line":24,"column":23}},"loc":{"start":{"line":24,"column":38},"end":{"line":68,"column":1}},"line":24},"3":{"name":"(anonymous_3)","decl":{"start":{"line":46,"column":48},"end":{"line":46,"column":49}},"loc":{"start":{"line":46,"column":63},"end":{"line":65,"column":5}},"line":46},"4":{"name":"(anonymous_4)","decl":{"start":{"line":70,"column":22},"end":{"line":70,"column":23}},"loc":{"start":{"line":70,"column":38},"end":{"line":79,"column":1}},"line":70},"5":{"name":"(anonymous_5)","decl":{"start":{"line":81,"column":20},"end":{"line":81,"column":21}},"loc":{"start":{"line":81,"column":38},"end":{"line":87,"column":1}},"line":81},"6":{"name":"(anonymous_6)","decl":{"start":{"line":89,"column":23},"end":{"line":89,"column":24}},"loc":{"start":{"line":89,"column":40},"end":{"line":95,"column":1}},"line":89},"7":{"name":"(anonymous_7)","decl":{"start":{"line":97,"column":30},"end":{"line":97,"column":31}},"loc":{"start":{"line":97,"column":47},"end":{"line":100,"column":1}},"line":97},"8":{"name":"(anonymous_8)","decl":{"start":{"line":102,"column":15},"end":{"line":102,"column":16}},"loc":{"start":{"line":102,"column":35},"end":{"line":127,"column":1}},"line":102},"9":{"name":"(anonymous_9)","decl":{"start":{"line":129,"column":30},"end":{"line":129,"column":31}},"loc":{"start":{"line":129,"column":50},"end":{"line":135,"column":1}},"line":129},"10":{"name":"(anonymous_10)","decl":{"start":{"line":137,"column":21},"end":{"line":137,"column":22}},"loc":{"start":{"line":137,"column":39},"end":{"line":145,"column":1}},"line":137},"11":{"name":"(anonymous_11)","decl":{"start":{"line":147,"column":23},"end":{"line":147,"column":24}},"loc":{"start":{"line":147,"column":41},"end":{"line":153,"column":1}},"line":147},"12":{"name":"(anonymous_12)","decl":{"start":{"line":155,"column":25},"end":{"line":155,"column":26}},"loc":{"start":{"line":155,"column":45},"end":{"line":179,"column":1}},"line":155},"13":{"name":"(anonymous_13)","decl":{"start":{"line":181,"column":26},"end":{"line":181,"column":27}},"loc":{"start":{"line":181,"column":51},"end":{"line":189,"column":1}},"line":181},"14":{"name":"(anonymous_14)","decl":{"start":{"line":191,"column":19},"end":{"line":191,"column":20}},"loc":{"start":{"line":191,"column":36},"end":{"line":194,"column":1}},"line":191},"15":{"name":"(anonymous_15)","decl":{"start":{"line":196,"column":18},"end":{"line":196,"column":19}},"loc":{"start":{"line":196,"column":33},"end":{"line":203,"column":1}},"line":196},"16":{"name":"(anonymous_16)","decl":{"start":{"line":206,"column":18},"end":{"line":206,"column":19}},"loc":{"start":{"line":206,"column":35},"end":{"line":209,"column":1}},"line":206},"17":{"name":"(anonymous_17)","decl":{"start":{"line":211,"column":22},"end":{"line":211,"column":23}},"loc":{"start":{"line":211,"column":39},"end":{"line":221,"column":1}},"line":211},"18":{"name":"(anonymous_18)","decl":{"start":{"line":223,"column":24},"end":{"line":223,"column":25}},"loc":{"start":{"line":223,"column":44},"end":{"line":249,"column":1}},"line":223},"19":{"name":"(anonymous_19)","decl":{"start":{"line":251,"column":28},"end":{"line":251,"column":29}},"loc":{"start":{"line":251,"column":48},"end":{"line":270,"column":1}},"line":251},"20":{"name":"(anonymous_20)","decl":{"start":{"line":272,"column":29},"end":{"line":272,"column":30}},"loc":{"start":{"line":272,"column":49},"end":{"line":294,"column":1}},"line":272},"21":{"name":"(anonymous_21)","decl":{"start":{"line":296,"column":46},"end":{"line":296,"column":47}},"loc":{"start":{"line":296,"column":85},"end":{"line":326,"column":1}},"line":296},"22":{"name":"(anonymous_22)","decl":{"start":{"line":328,"column":23},"end":{"line":328,"column":24}},"loc":{"start":{"line":328,"column":52},"end":{"line":330,"column":1}},"line":328},"23":{"name":"(anonymous_23)","decl":{"start":{"line":332,"column":32},"end":{"line":332,"column":33}},"loc":{"start":{"line":332,"column":49},"end":{"line":355,"column":1}},"line":332},"24":{"name":"(anonymous_24)","decl":{"start":{"line":357,"column":30},"end":{"line":357,"column":31}},"loc":{"start":{"line":357,"column":56},"end":{"line":372,"column":1}},"line":357},"25":{"name":"(anonymous_25)","decl":{"start":{"line":374,"column":20},"end":{"line":374,"column":21}},"loc":{"start":{"line":374,"column":38},"end":{"line":380,"column":1}},"line":374},"26":{"name":"(anonymous_26)","decl":{"start":{"line":382,"column":22},"end":{"line":382,"column":23}},"loc":{"start":{"line":382,"column":42},"end":{"line":388,"column":1}},"line":382},"27":{"name":"(anonymous_27)","decl":{"start":{"line":390,"column":33},"end":{"line":390,"column":34}},"loc":{"start":{"line":390,"column":58},"end":{"line":410,"column":1}},"line":390},"28":{"name":"(anonymous_28)","decl":{"start":{"line":412,"column":31},"end":{"line":412,"column":32}},"loc":{"start":{"line":412,"column":56},"end":{"line":427,"column":1}},"line":412}},"branchMap":{"0":{"loc":{"start":{"line":37,"column":2},"end":{"line":67,"column":3}},"type":"if","locations":[{"start":{"line":37,"column":2},"end":{"line":67,"column":3}},{"start":{"line":37,"column":2},"end":{"line":67,"column":3}}],"line":37},"1":{"loc":{"start":{"line":40,"column":13},"end":{"line":40,"column":42}},"type":"cond-expr","locations":[{"start":{"line":40,"column":27},"end":{"line":40,"column":34}},{"start":{"line":40,"column":37},"end":{"line":40,"column":42}}],"line":40},"2":{"loc":{"start":{"line":86,"column":9},"end":{"line":86,"column":38}},"type":"cond-expr","locations":[{"start":{"line":86,"column":23},"end":{"line":86,"column":30}},{"start":{"line":86,"column":33},"end":{"line":86,"column":38}}],"line":86},"3":{"loc":{"start":{"line":94,"column":9},"end":{"line":94,"column":38}},"type":"cond-expr","locations":[{"start":{"line":94,"column":23},"end":{"line":94,"column":30}},{"start":{"line":94,"column":33},"end":{"line":94,"column":38}}],"line":94},"4":{"loc":{"start":{"line":99,"column":9},"end":{"line":99,"column":28}},"type":"cond-expr","locations":[{"start":{"line":99,"column":16},"end":{"line":99,"column":21}},{"start":{"line":99,"column":24},"end":{"line":99,"column":28}}],"line":99},"5":{"loc":{"start":{"line":106,"column":2},"end":{"line":108,"column":3}},"type":"if","locations":[{"start":{"line":106,"column":2},"end":{"line":108,"column":3}},{"start":{"line":106,"column":2},"end":{"line":108,"column":3}}],"line":106},"6":{"loc":{"start":{"line":160,"column":4},"end":{"line":172,"column":5}},"type":"if","locations":[{"start":{"line":160,"column":4},"end":{"line":172,"column":5}},{"start":{"line":160,"column":4},"end":{"line":172,"column":5}}],"line":160},"7":{"loc":{"start":{"line":164,"column":11},"end":{"line":172,"column":5}},"type":"if","locations":[{"start":{"line":164,"column":11},"end":{"line":172,"column":5}},{"start":{"line":164,"column":11},"end":{"line":172,"column":5}}],"line":164},"8":{"loc":{"start":{"line":193,"column":9},"end":{"line":193,"column":36}},"type":"cond-expr","locations":[{"start":{"line":193,"column":22},"end":{"line":193,"column":28}},{"start":{"line":193,"column":31},"end":{"line":193,"column":36}}],"line":193},"9":{"loc":{"start":{"line":229,"column":4},"end":{"line":233,"column":5}},"type":"if","locations":[{"start":{"line":229,"column":4},"end":{"line":233,"column":5}},{"start":{"line":229,"column":4},"end":{"line":233,"column":5}}],"line":229},"10":{"loc":{"start":{"line":236,"column":4},"end":{"line":238,"column":5}},"type":"if","locations":[{"start":{"line":236,"column":4},"end":{"line":238,"column":5}},{"start":{"line":236,"column":4},"end":{"line":238,"column":5}}],"line":236},"11":{"loc":{"start":{"line":253,"column":24},"end":{"line":253,"column":47}},"type":"cond-expr","locations":[{"start":{"line":253,"column":37},"end":{"line":253,"column":40}},{"start":{"line":253,"column":43},"end":{"line":253,"column":47}}],"line":253},"12":{"loc":{"start":{"line":278,"column":2},"end":{"line":282,"column":3}},"type":"if","locations":[{"start":{"line":278,"column":2},"end":{"line":282,"column":3}},{"start":{"line":278,"column":2},"end":{"line":282,"column":3}}],"line":278},"13":{"loc":{"start":{"line":302,"column":2},"end":{"line":303,"column":74}},"type":"if","locations":[{"start":{"line":302,"column":2},"end":{"line":303,"column":74}},{"start":{"line":302,"column":2},"end":{"line":303,"column":74}}],"line":302},"14":{"loc":{"start":{"line":306,"column":2},"end":{"line":308,"column":3}},"type":"if","locations":[{"start":{"line":306,"column":2},"end":{"line":308,"column":3}},{"start":{"line":306,"column":2},"end":{"line":308,"column":3}}],"line":306},"15":{"loc":{"start":{"line":345,"column":2},"end":{"line":353,"column":3}},"type":"if","locations":[{"start":{"line":345,"column":2},"end":{"line":353,"column":3}},{"start":{"line":345,"column":2},"end":{"line":353,"column":3}}],"line":345},"16":{"loc":{"start":{"line":347,"column":9},"end":{"line":353,"column":3}},"type":"if","locations":[{"start":{"line":347,"column":9},"end":{"line":353,"column":3}},{"start":{"line":347,"column":9},"end":{"line":353,"column":3}}],"line":347},"17":{"loc":{"start":{"line":349,"column":9},"end":{"line":353,"column":3}},"type":"if","locations":[{"start":{"line":349,"column":9},"end":{"line":353,"column":3}},{"start":{"line":349,"column":9},"end":{"line":353,"column":3}}],"line":349},"18":{"loc":{"start":{"line":358,"column":2},"end":{"line":360,"column":3}},"type":"if","locations":[{"start":{"line":358,"column":2},"end":{"line":360,"column":3}},{"start":{"line":358,"column":2},"end":{"line":360,"column":3}}],"line":358},"19":{"loc":{"start":{"line":367,"column":2},"end":{"line":369,"column":3}},"type":"if","locations":[{"start":{"line":367,"column":2},"end":{"line":369,"column":3}},{"start":{"line":367,"column":2},"end":{"line":369,"column":3}}],"line":367},"20":{"loc":{"start":{"line":371,"column":9},"end":{"line":371,"column":26}},"type":"cond-expr","locations":[{"start":{"line":371,"column":15},"end":{"line":371,"column":18}},{"start":{"line":371,"column":21},"end":{"line":371,"column":26}}],"line":371},"21":{"loc":{"start":{"line":379,"column":9},"end":{"line":379,"column":38}},"type":"cond-expr","locations":[{"start":{"line":379,"column":23},"end":{"line":379,"column":30}},{"start":{"line":379,"column":33},"end":{"line":379,"column":38}}],"line":379},"22":{"loc":{"start":{"line":413,"column":2},"end":{"line":415,"column":3}},"type":"if","locations":[{"start":{"line":413,"column":2},"end":{"line":415,"column":3}},{"start":{"line":413,"column":2},"end":{"line":415,"column":3}}],"line":413}},"s":{"0":1,"1":1,"2":1,"3":1,"4":1,"5":2,"6":2,"7":1,"8":14,"9":1,"10":2,"11":2,"12":1,"13":1,"14":1,"15":0,"16":0,"17":1,"18":1,"19":1,"20":1,"21":1,"22":1,"23":1,"24":0,"25":1,"26":1,"27":3,"28":3,"29":0,"30":0,"31":1,"32":25,"33":25,"34":1,"35":19,"36":19,"37":1,"38":4,"39":4,"40":1,"41":2,"42":2,"43":2,"44":0,"45":2,"46":2,"47":2,"48":2,"49":1,"50":1,"51":1,"52":1,"53":1,"54":1,"55":1,"56":1,"57":1,"58":1,"59":1,"60":1,"61":1,"62":1,"63":2,"64":2,"65":2,"66":2,"67":2,"68":1,"69":1,"70":1,"71":1,"72":1,"73":2,"74":0,"75":0,"76":1,"77":0,"78":0,"79":1,"80":0,"81":0,"82":1,"83":0,"84":0,"85":0,"86":0,"87":1,"88":0,"89":0,"90":1,"91":0,"92":0,"93":0,"94":0,"95":0,"96":0,"97":0,"98":1,"99":0,"100":0,"101":0,"102":0,"103":0,"104":0,"105":0,"106":0,"107":0,"108":0,"109":0,"110":0,"111":1,"112":2,"113":2,"114":2,"115":2,"116":2,"117":2,"118":2,"119":2,"120":0,"121":0,"122":1,"123":0,"124":0,"125":0,"126":0,"127":0,"128":0,"129":0,"130":0,"131":0,"132":0,"133":0,"134":0,"135":0,"136":1,"137":2,"138":2,"139":2,"140":2,"141":2,"142":2,"143":2,"144":2,"145":2,"146":2,"147":2,"148":2,"149":0,"150":0,"151":1,"152":3,"153":1,"154":2,"155":2,"156":2,"157":33,"158":33,"159":33,"160":33,"161":33,"162":33,"163":2,"164":2,"165":2,"166":0,"167":0,"168":0,"169":0,"170":0,"171":2,"172":1,"173":2,"174":0,"175":2,"176":2,"177":0,"178":2,"179":2,"180":1,"181":18,"182":18,"183":1,"184":0,"185":0,"186":0,"187":1,"188":1,"189":1,"190":1,"191":1,"192":1,"193":1,"194":1,"195":0,"196":0,"197":1,"198":1,"199":0,"200":1,"201":1,"202":1,"203":4,"204":1,"205":1,"206":1},"f":{"0":2,"1":14,"2":2,"3":1,"4":3,"5":25,"6":19,"7":4,"8":2,"9":1,"10":1,"11":1,"12":2,"13":0,"14":0,"15":0,"16":0,"17":0,"18":0,"19":2,"20":0,"21":2,"22":3,"23":2,"24":2,"25":18,"26":0,"27":1,"28":1},"b":{"0":[1,1],"1":[1,0],"2":[25,0],"3":[15,4],"4":[1,3],"5":[0,2],"6":[1,1],"7":[1,0],"8":[0,0],"9":[0,0],"10":[0,0],"11":[2,0],"12":[0,0],"13":[2,0],"14":[2,0],"15":[2,0],"16":[0,0],"17":[0,0],"18":[0,2],"19":[0,2],"20":[2,0],"21":[18,0],"22":[0,1]},"_coverageSchema":"1a1c01bbd47fc00a2c39e90264f33305004495a9","hash":"d3d51d502682121e62c9ad8c06df0e6c604625df","contentHash":"a4b68e2741c9597576b0010e245119ac50145d121a95dbd51ef25cdc1f332f9a"},"/home/iletavcioski/Documents/TPO1/LP234-11/src/server/DB/BazaTransakcij.js":{"path":"/home/iletavcioski/Documents/TPO1/LP234-11/src/server/DB/BazaTransakcij.js","statementMap":{"0":{"start":{"line":1,"column":13},"end":{"line":1,"column":28}},"1":{"start":{"line":2,"column":0},"end":{"line":2,"column":27}},"2":{"start":{"line":4,"column":19},"end":{"line":15,"column":2}},"3":{"start":{"line":17,"column":23},"end":{"line":19,"column":1}},"4":{"start":{"line":18,"column":2},"end":{"line":18,"column":52}},"5":{"start":{"line":21,"column":0},"end":{"line":24,"column":2}}},"fnMap":{"0":{"name":"(anonymous_0)","decl":{"start":{"line":17,"column":23},"end":{"line":17,"column":24}},"loc":{"start":{"line":17,"column":35},"end":{"line":19,"column":1}},"line":17}},"branchMap":{},"s":{"0":1,"1":1,"2":1,"3":1,"4":0,"5":1},"f":{"0":0},"b":{},"_coverageSchema":"1a1c01bbd47fc00a2c39e90264f33305004495a9","hash":"018074e112f1fc8a44e162077696bf4a37a30e1c","contentHash":"ad589838beed9aea5860f7f79319fd3104e3da6279617301f49ea296af974e63"},"/home/iletavcioski/Documents/TPO1/LP234-11/src/server/controller/PasmeFasada.js":{"path":"/home/iletavcioski/Documents/TPO1/LP234-11/src/server/controller/PasmeFasada.js","statementMap":{"0":{"start":{"line":1,"column":14},"end":{"line":1,"column":30}},"1":{"start":{"line":2,"column":41},"end":{"line":2,"column":67}},"2":{"start":{"line":3,"column":0},"end":{"line":3,"column":27}},"3":{"start":{"line":5,"column":12},"end":{"line":5,"column":83}},"4":{"start":{"line":7,"column":20},"end":{"line":20,"column":1}},"5":{"start":{"line":8,"column":18},"end":{"line":8,"column":29}},"6":{"start":{"line":9,"column":15},"end":{"line":9,"column":26}},"7":{"start":{"line":10,"column":2},"end":{"line":18,"column":3}},"8":{"start":{"line":11,"column":16},"end":{"line":11,"column":18}},"9":{"start":{"line":12,"column":4},"end":{"line":12,"column":34}},"10":{"start":{"line":13,"column":4},"end":{"line":13,"column":37}},"11":{"start":{"line":14,"column":4},"end":{"line":14,"column":46}},"12":{"start":{"line":15,"column":4},"end":{"line":15,"column":43}},"13":{"start":{"line":16,"column":4},"end":{"line":16,"column":41}},"14":{"start":{"line":17,"column":4},"end":{"line":17,"column":26}},"15":{"start":{"line":19,"column":2},"end":{"line":19,"column":19}},"16":{"start":{"line":22,"column":24},"end":{"line":27,"column":1}},"17":{"start":{"line":23,"column":17},"end":{"line":23,"column":37}},"18":{"start":{"line":24,"column":2},"end":{"line":24,"column":28}},"19":{"start":{"line":24,"column":15},"end":{"line":24,"column":28}},"20":{"start":{"line":25,"column":14},"end":{"line":25,"column":39}},"21":{"start":{"line":26,"column":2},"end":{"line":26,"column":13}},"22":{"start":{"line":29,"column":17},"end":{"line":45,"column":1}},"23":{"start":{"line":30,"column":2},"end":{"line":44,"column":3}},"24":{"start":{"line":31,"column":17},"end":{"line":31,"column":38}},"25":{"start":{"line":32,"column":4},"end":{"line":34,"column":5}},"26":{"start":{"line":33,"column":6},"end":{"line":33,"column":39}},"27":{"start":{"line":36,"column":4},"end":{"line":38,"column":5}},"28":{"start":{"line":37,"column":6},"end":{"line":37,"column":70}},"29":{"start":{"line":39,"column":4},"end":{"line":39,"column":26}},"30":{"start":{"line":40,"column":4},"end":{"line":40,"column":44}},"31":{"start":{"line":42,"column":4},"end":{"line":42,"column":21}},"32":{"start":{"line":43,"column":4},"end":{"line":43,"column":50}},"33":{"start":{"line":47,"column":21},"end":{"line":75,"column":1}},"34":{"start":{"line":48,"column":2},"end":{"line":74,"column":3}},"35":{"start":{"line":49,"column":17},"end":{"line":49,"column":38}},"36":{"start":{"line":50,"column":4},"end":{"line":52,"column":5}},"37":{"start":{"line":51,"column":6},"end":{"line":51,"column":39}},"38":{"start":{"line":54,"column":4},"end":{"line":56,"column":5}},"39":{"start":{"line":55,"column":6},"end":{"line":55,"column":19}},"40":{"start":{"line":57,"column":4},"end":{"line":57,"column":26}},"41":{"start":{"line":60,"column":4},"end":{"line":69,"column":5}},"42":{"start":{"line":61,"column":6},"end":{"line":61,"column":31}},"43":{"start":{"line":63,"column":6},"end":{"line":68,"column":7}},"44":{"start":{"line":64,"column":8},"end":{"line":67,"column":9}},"45":{"start":{"line":65,"column":10},"end":{"line":65,"column":28}},"46":{"start":{"line":66,"column":10},"end":{"line":66,"column":16}},"47":{"start":{"line":70,"column":4},"end":{"line":70,"column":17}},"48":{"start":{"line":72,"column":4},"end":{"line":72,"column":21}},"49":{"start":{"line":73,"column":4},"end":{"line":73,"column":17}},"50":{"start":{"line":77,"column":22},"end":{"line":96,"column":1}},"51":{"start":{"line":78,"column":2},"end":{"line":95,"column":3}},"52":{"start":{"line":79,"column":20},"end":{"line":79,"column":22}},"53":{"start":{"line":80,"column":4},"end":{"line":90,"column":5}},"54":{"start":{"line":81,"column":6},"end":{"line":89,"column":7}},"55":{"start":{"line":82,"column":22},"end":{"line":82,"column":60}},"56":{"start":{"line":83,"column":33},"end":{"line":83,"column":56}},"57":{"start":{"line":84,"column":8},"end":{"line":84,"column":39}},"58":{"start":{"line":86,"column":27},"end":{"line":86,"column":109}},"59":{"start":{"line":87,"column":36},"end":{"line":87,"column":69}},"60":{"start":{"line":88,"column":8},"end":{"line":88,"column":42}},"61":{"start":{"line":91,"column":4},"end":{"line":91,"column":19}},"62":{"start":{"line":93,"column":4},"end":{"line":93,"column":21}},"63":{"start":{"line":94,"column":4},"end":{"line":94,"column":17}},"64":{"start":{"line":98,"column":0},"end":{"line":102,"column":2}}},"fnMap":{"0":{"name":"(anonymous_0)","decl":{"start":{"line":7,"column":20},"end":{"line":7,"column":21}},"loc":{"start":{"line":7,"column":38},"end":{"line":20,"column":1}},"line":7},"1":{"name":"(anonymous_1)","decl":{"start":{"line":22,"column":24},"end":{"line":22,"column":25}},"loc":{"start":{"line":22,"column":36},"end":{"line":27,"column":1}},"line":22},"2":{"name":"(anonymous_2)","decl":{"start":{"line":29,"column":17},"end":{"line":29,"column":18}},"loc":{"start":{"line":29,"column":37},"end":{"line":45,"column":1}},"line":29},"3":{"name":"(anonymous_3)","decl":{"start":{"line":47,"column":21},"end":{"line":47,"column":22}},"loc":{"start":{"line":47,"column":41},"end":{"line":75,"column":1}},"line":47},"4":{"name":"(anonymous_4)","decl":{"start":{"line":77,"column":22},"end":{"line":77,"column":23}},"loc":{"start":{"line":77,"column":38},"end":{"line":96,"column":1}},"line":77}},"branchMap":{"0":{"loc":{"start":{"line":24,"column":2},"end":{"line":24,"column":28}},"type":"if","locations":[{"start":{"line":24,"column":2},"end":{"line":24,"column":28}},{"start":{"line":24,"column":2},"end":{"line":24,"column":28}}],"line":24},"1":{"loc":{"start":{"line":32,"column":4},"end":{"line":34,"column":5}},"type":"if","locations":[{"start":{"line":32,"column":4},"end":{"line":34,"column":5}},{"start":{"line":32,"column":4},"end":{"line":34,"column":5}}],"line":32},"2":{"loc":{"start":{"line":36,"column":4},"end":{"line":38,"column":5}},"type":"if","locations":[{"start":{"line":36,"column":4},"end":{"line":38,"column":5}},{"start":{"line":36,"column":4},"end":{"line":38,"column":5}}],"line":36},"3":{"loc":{"start":{"line":50,"column":4},"end":{"line":52,"column":5}},"type":"if","locations":[{"start":{"line":50,"column":4},"end":{"line":52,"column":5}},{"start":{"line":50,"column":4},"end":{"line":52,"column":5}}],"line":50},"4":{"loc":{"start":{"line":54,"column":4},"end":{"line":56,"column":5}},"type":"if","locations":[{"start":{"line":54,"column":4},"end":{"line":56,"column":5}},{"start":{"line":54,"column":4},"end":{"line":56,"column":5}}],"line":54},"5":{"loc":{"start":{"line":60,"column":4},"end":{"line":69,"column":5}},"type":"if","locations":[{"start":{"line":60,"column":4},"end":{"line":69,"column":5}},{"start":{"line":60,"column":4},"end":{"line":69,"column":5}}],"line":60},"6":{"loc":{"start":{"line":64,"column":8},"end":{"line":67,"column":9}},"type":"if","locations":[{"start":{"line":64,"column":8},"end":{"line":67,"column":9}},{"start":{"line":64,"column":8},"end":{"line":67,"column":9}}],"line":64},"7":{"loc":{"start":{"line":81,"column":6},"end":{"line":89,"column":7}},"type":"if","locations":[{"start":{"line":81,"column":6},"end":{"line":89,"column":7}},{"start":{"line":81,"column":6},"end":{"line":89,"column":7}}],"line":81}},"s":{"0":1,"1":1,"2":1,"3":1,"4":1,"5":0,"6":0,"7":0,"8":0,"9":0,"10":0,"11":0,"12":0,"13":0,"14":0,"15":0,"16":1,"17":0,"18":0,"19":0,"20":0,"21":0,"22":1,"23":0,"24":0,"25":0,"26":0,"27":0,"28":0,"29":0,"30":0,"31":0,"32":0,"33":1,"34":24,"35":24,"36":24,"37":0,"38":24,"39":0,"40":24,"41":24,"42":0,"43":24,"44":47,"45":24,"46":24,"47":24,"48":0,"49":0,"50":1,"51":2,"52":2,"53":2,"54":24,"55":24,"56":24,"57":24,"58":0,"59":0,"60":0,"61":2,"62":0,"63":0,"64":1},"f":{"0":0,"1":0,"2":0,"3":24,"4":2},"b":{"0":[0,0],"1":[0,0],"2":[0,0],"3":[0,24],"4":[0,24],"5":[0,24],"6":[24,23],"7":[24,0]},"_coverageSchema":"1a1c01bbd47fc00a2c39e90264f33305004495a9","hash":"8b13045eea43d314e6108ed2edb21595f776a650","contentHash":"baf14375aa83d0f03284499e7285c13ad524bed637ca7d978bcdf110900e434a"},"/home/iletavcioski/Documents/TPO1/LP234-11/src/server/controller/Predpomnilnik.js":{"path":"/home/iletavcioski/Documents/TPO1/LP234-11/src/server/controller/Predpomnilnik.js","statementMap":{"0":{"start":{"line":1,"column":14},"end":{"line":1,"column":30}},"1":{"start":{"line":3,"column":16},"end":{"line":3,"column":37}},"2":{"start":{"line":5,"column":22},"end":{"line":20,"column":1}},"3":{"start":{"line":6,"column":25},"end":{"line":18,"column":6}},"4":{"start":{"line":7,"column":8},"end":{"line":17,"column":11}},"5":{"start":{"line":8,"column":12},"end":{"line":16,"column":13}},"6":{"start":{"line":9,"column":16},"end":{"line":9,"column":33}},"7":{"start":{"line":10,"column":16},"end":{"line":10,"column":31}},"8":{"start":{"line":11,"column":19},"end":{"line":16,"column":13}},"9":{"start":{"line":12,"column":29},"end":{"line":12,"column":55}},"10":{"start":{"line":13,"column":16},"end":{"line":13,"column":32}},"11":{"start":{"line":15,"column":16},"end":{"line":15,"column":31}},"12":{"start":{"line":19,"column":4},"end":{"line":19,"column":26}},"13":{"start":{"line":22,"column":22},"end":{"line":36,"column":1}},"14":{"start":{"line":23,"column":25},"end":{"line":34,"column":6}},"15":{"start":{"line":24,"column":8},"end":{"line":33,"column":11}},"16":{"start":{"line":25,"column":12},"end":{"line":32,"column":13}},"17":{"start":{"line":26,"column":16},"end":{"line":26,"column":33}},"18":{"start":{"line":27,"column":16},"end":{"line":27,"column":31}},"19":{"start":{"line":28,"column":19},"end":{"line":32,"column":13}},"20":{"start":{"line":29,"column":16},"end":{"line":29,"column":29}},"21":{"start":{"line":31,"column":16},"end":{"line":31,"column":31}},"22":{"start":{"line":35,"column":4},"end":{"line":35,"column":26}},"23":{"start":{"line":38,"column":0},"end":{"line":42,"column":1}}},"fnMap":{"0":{"name":"(anonymous_0)","decl":{"start":{"line":5,"column":22},"end":{"line":5,"column":23}},"loc":{"start":{"line":5,"column":33},"end":{"line":20,"column":1}},"line":5},"1":{"name":"(anonymous_1)","decl":{"start":{"line":6,"column":37},"end":{"line":6,"column":38}},"loc":{"start":{"line":6,"column":58},"end":{"line":18,"column":5}},"line":6},"2":{"name":"(anonymous_2)","decl":{"start":{"line":7,"column":31},"end":{"line":7,"column":32}},"loc":{"start":{"line":7,"column":50},"end":{"line":17,"column":9}},"line":7},"3":{"name":"(anonymous_3)","decl":{"start":{"line":22,"column":22},"end":{"line":22,"column":23}},"loc":{"start":{"line":22,"column":39},"end":{"line":36,"column":1}},"line":22},"4":{"name":"(anonymous_4)","decl":{"start":{"line":23,"column":37},"end":{"line":23,"column":38}},"loc":{"start":{"line":23,"column":58},"end":{"line":34,"column":5}},"line":23},"5":{"name":"(anonymous_5)","decl":{"start":{"line":24,"column":72},"end":{"line":24,"column":73}},"loc":{"start":{"line":24,"column":91},"end":{"line":33,"column":9}},"line":24}},"branchMap":{"0":{"loc":{"start":{"line":8,"column":12},"end":{"line":16,"column":13}},"type":"if","locations":[{"start":{"line":8,"column":12},"end":{"line":16,"column":13}},{"start":{"line":8,"column":12},"end":{"line":16,"column":13}}],"line":8},"1":{"loc":{"start":{"line":11,"column":19},"end":{"line":16,"column":13}},"type":"if","locations":[{"start":{"line":11,"column":19},"end":{"line":16,"column":13}},{"start":{"line":11,"column":19},"end":{"line":16,"column":13}}],"line":11},"2":{"loc":{"start":{"line":25,"column":12},"end":{"line":32,"column":13}},"type":"if","locations":[{"start":{"line":25,"column":12},"end":{"line":32,"column":13}},{"start":{"line":25,"column":12},"end":{"line":32,"column":13}}],"line":25},"3":{"loc":{"start":{"line":28,"column":19},"end":{"line":32,"column":13}},"type":"if","locations":[{"start":{"line":28,"column":19},"end":{"line":32,"column":13}},{"start":{"line":28,"column":19},"end":{"line":32,"column":13}}],"line":28}},"s":{"0":1,"1":1,"2":1,"3":24,"4":24,"5":24,"6":0,"7":0,"8":24,"9":24,"10":24,"11":0,"12":24,"13":1,"14":24,"15":24,"16":23,"17":0,"18":0,"19":23,"20":23,"21":0,"22":24,"23":1},"f":{"0":24,"1":24,"2":24,"3":24,"4":24,"5":23},"b":{"0":[0,24],"1":[24,0],"2":[0,23],"3":[23,0]},"_coverageSchema":"1a1c01bbd47fc00a2c39e90264f33305004495a9","hash":"4eb383e6c99d6c1f610075a8777f17faab6e9169","contentHash":"44356306165254ef7fe5a7590c8a4854d7e2e2f124275348635f445f4ae066ed"},"/home/iletavcioski/Documents/TPO1/LP234-11/src/server/controller/SprehodController.js":{"path":"/home/iletavcioski/Documents/TPO1/LP234-11/src/server/controller/SprehodController.js","statementMap":{"0":{"start":{"line":1,"column":17},"end":{"line":1,"column":45}},"1":{"start":{"line":2,"column":23},"end":{"line":2,"column":54}},"2":{"start":{"line":3,"column":40},"end":{"line":3,"column":64}},"3":{"start":{"line":7,"column":4},"end":{"line":7,"column":34}},"4":{"start":{"line":9,"column":24},"end":{"line":52,"column":1}},"5":{"start":{"line":10,"column":15},"end":{"line":10,"column":30}},"6":{"start":{"line":11,"column":2},"end":{"line":11,"column":24}},"7":{"start":{"line":12,"column":17},"end":{"line":12,"column":30}},"8":{"start":{"line":13,"column":14},"end":{"line":13,"column":24}},"9":{"start":{"line":14,"column":19},"end":{"line":14,"column":36}},"10":{"start":{"line":17,"column":2},"end":{"line":19,"column":3}},"11":{"start":{"line":18,"column":4},"end":{"line":18,"column":79}},"12":{"start":{"line":21,"column":22},"end":{"line":21,"column":54}},"13":{"start":{"line":22,"column":23},"end":{"line":22,"column":61}},"14":{"start":{"line":23,"column":20},"end":{"line":23,"column":52}},"15":{"start":{"line":25,"column":2},"end":{"line":27,"column":3}},"16":{"start":{"line":26,"column":4},"end":{"line":26,"column":72}},"17":{"start":{"line":29,"column":14},"end":{"line":29,"column":24}},"18":{"start":{"line":30,"column":2},"end":{"line":30,"column":44}},"19":{"start":{"line":32,"column":33},"end":{"line":43,"column":3}},"20":{"start":{"line":45,"column":2},"end":{"line":51,"column":3}},"21":{"start":{"line":46,"column":16},"end":{"line":46,"column":74}},"22":{"start":{"line":48,"column":4},"end":{"line":48,"column":107}},"23":{"start":{"line":50,"column":4},"end":{"line":50,"column":50}},"24":{"start":{"line":54,"column":21},"end":{"line":76,"column":1}},"25":{"start":{"line":55,"column":2},"end":{"line":55,"column":24}},"26":{"start":{"line":56,"column":35},"end":{"line":56,"column":43}},"27":{"start":{"line":57,"column":17},"end":{"line":57,"column":34}},"28":{"start":{"line":59,"column":14},"end":{"line":59,"column":24}},"29":{"start":{"line":60,"column":2},"end":{"line":60,"column":44}},"30":{"start":{"line":61,"column":23},"end":{"line":61,"column":65}},"31":{"start":{"line":62,"column":2},"end":{"line":66,"column":3}},"32":{"start":{"line":63,"column":4},"end":{"line":65,"column":79}},"33":{"start":{"line":69,"column":2},"end":{"line":75,"column":3}},"34":{"start":{"line":70,"column":4},"end":{"line":70,"column":53}},"35":{"start":{"line":74,"column":4},"end":{"line":74,"column":54}},"36":{"start":{"line":78,"column":26},"end":{"line":107,"column":1}},"37":{"start":{"line":79,"column":17},"end":{"line":79,"column":34}},"38":{"start":{"line":80,"column":14},"end":{"line":80,"column":39}},"39":{"start":{"line":82,"column":2},"end":{"line":106,"column":3}},"40":{"start":{"line":83,"column":18},"end":{"line":85,"column":36}},"41":{"start":{"line":87,"column":4},"end":{"line":101,"column":5}},"42":{"start":{"line":88,"column":6},"end":{"line":100,"column":7}},"43":{"start":{"line":89,"column":28},"end":{"line":92,"column":9}},"44":{"start":{"line":93,"column":8},"end":{"line":93,"column":38}},"45":{"start":{"line":95,"column":28},"end":{"line":98,"column":9}},"46":{"start":{"line":99,"column":8},"end":{"line":99,"column":38}},"47":{"start":{"line":102,"column":4},"end":{"line":102,"column":56}},"48":{"start":{"line":104,"column":4},"end":{"line":104,"column":19}},"49":{"start":{"line":105,"column":4},"end":{"line":105,"column":54}},"50":{"start":{"line":110,"column":2},"end":{"line":132,"column":3}},"51":{"start":{"line":111,"column":17},"end":{"line":111,"column":46}},"52":{"start":{"line":113,"column":24},"end":{"line":118,"column":5}},"53":{"start":{"line":120,"column":4},"end":{"line":120,"column":34}},"54":{"start":{"line":121,"column":18},"end":{"line":124,"column":5}},"55":{"start":{"line":125,"column":4},"end":{"line":126,"column":80}},"56":{"start":{"line":125,"column":17},"end":{"line":125,"column":77}},"57":{"start":{"line":126,"column":9},"end":{"line":126,"column":80}},"58":{"start":{"line":128,"column":4},"end":{"line":128,"column":19}},"59":{"start":{"line":129,"column":4},"end":{"line":131,"column":62}},"60":{"start":{"line":136,"column":2},"end":{"line":158,"column":3}},"61":{"start":{"line":137,"column":17},"end":{"line":137,"column":46}},"62":{"start":{"line":139,"column":24},"end":{"line":144,"column":5}},"63":{"start":{"line":146,"column":4},"end":{"line":146,"column":34}},"64":{"start":{"line":147,"column":18},"end":{"line":150,"column":5}},"65":{"start":{"line":151,"column":4},"end":{"line":152,"column":80}},"66":{"start":{"line":151,"column":17},"end":{"line":151,"column":77}},"67":{"start":{"line":152,"column":9},"end":{"line":152,"column":80}},"68":{"start":{"line":154,"column":4},"end":{"line":154,"column":19}},"69":{"start":{"line":155,"column":4},"end":{"line":157,"column":62}},"70":{"start":{"line":162,"column":2},"end":{"line":169,"column":3}},"71":{"start":{"line":163,"column":4},"end":{"line":165,"column":20}},"72":{"start":{"line":167,"column":4},"end":{"line":167,"column":19}},"73":{"start":{"line":168,"column":4},"end":{"line":168,"column":22}},"74":{"start":{"line":173,"column":2},"end":{"line":179,"column":3}},"75":{"start":{"line":174,"column":17},"end":{"line":174,"column":68}},"76":{"start":{"line":176,"column":4},"end":{"line":176,"column":19}},"77":{"start":{"line":178,"column":4},"end":{"line":178,"column":14}},"78":{"start":{"line":183,"column":15},"end":{"line":185,"column":25}},"79":{"start":{"line":187,"column":2},"end":{"line":187,"column":29}},"80":{"start":{"line":191,"column":2},"end":{"line":204,"column":3}},"81":{"start":{"line":192,"column":19},"end":{"line":197,"column":27}},"82":{"start":{"line":200,"column":4},"end":{"line":201,"column":19}},"83":{"start":{"line":200,"column":34},"end":{"line":200,"column":43}},"84":{"start":{"line":201,"column":9},"end":{"line":201,"column":19}},"85":{"start":{"line":203,"column":4},"end":{"line":203,"column":14}},"86":{"start":{"line":208,"column":2},"end":{"line":217,"column":3}},"87":{"start":{"line":209,"column":26},"end":{"line":212,"column":40}},"88":{"start":{"line":214,"column":4},"end":{"line":214,"column":41}},"89":{"start":{"line":216,"column":4},"end":{"line":216,"column":14}},"90":{"start":{"line":221,"column":2},"end":{"line":230,"column":3}},"91":{"start":{"line":222,"column":27},"end":{"line":225,"column":53}},"92":{"start":{"line":227,"column":4},"end":{"line":227,"column":33}},"93":{"start":{"line":229,"column":4},"end":{"line":229,"column":14}},"94":{"start":{"line":234,"column":2},"end":{"line":243,"column":3}},"95":{"start":{"line":235,"column":24},"end":{"line":238,"column":50}},"96":{"start":{"line":240,"column":4},"end":{"line":240,"column":30}},"97":{"start":{"line":242,"column":4},"end":{"line":242,"column":14}},"98":{"start":{"line":246,"column":22},"end":{"line":291,"column":1}},"99":{"start":{"line":247,"column":16},"end":{"line":287,"column":6}},"100":{"start":{"line":289,"column":19},"end":{"line":289,"column":45}},"101":{"start":{"line":290,"column":2},"end":{"line":290,"column":18}},"102":{"start":{"line":293,"column":23},"end":{"line":302,"column":1}},"103":{"start":{"line":294,"column":17},"end":{"line":294,"column":34}},"104":{"start":{"line":295,"column":2},"end":{"line":301,"column":3}},"105":{"start":{"line":296,"column":18},"end":{"line":296,"column":45}},"106":{"start":{"line":297,"column":4},"end":{"line":297,"column":39}},"107":{"start":{"line":299,"column":4},"end":{"line":299,"column":19}},"108":{"start":{"line":300,"column":4},"end":{"line":300,"column":69}},"109":{"start":{"line":304,"column":25},"end":{"line":320,"column":1}},"110":{"start":{"line":305,"column":19},"end":{"line":305,"column":44}},"111":{"start":{"line":307,"column":2},"end":{"line":317,"column":3}},"112":{"start":{"line":308,"column":4},"end":{"line":311,"column":47}},"113":{"start":{"line":313,"column":4},"end":{"line":316,"column":43}},"114":{"start":{"line":319,"column":2},"end":{"line":319,"column":70}},"115":{"start":{"line":322,"column":21},"end":{"line":345,"column":1}},"116":{"start":{"line":323,"column":35},"end":{"line":323,"column":43}},"117":{"start":{"line":325,"column":15},"end":{"line":325,"column":74}},"118":{"start":{"line":327,"column":22},"end":{"line":330,"column":3}},"119":{"start":{"line":332,"column":2},"end":{"line":332,"column":26}},"120":{"start":{"line":334,"column":2},"end":{"line":344,"column":3}},"121":{"start":{"line":335,"column":4},"end":{"line":337,"column":27}},"122":{"start":{"line":338,"column":4},"end":{"line":338,"column":69}},"123":{"start":{"line":340,"column":4},"end":{"line":340,"column":23}},"124":{"start":{"line":341,"column":4},"end":{"line":343,"column":61}},"125":{"start":{"line":348,"column":17},"end":{"line":348,"column":32}},"126":{"start":{"line":349,"column":13},"end":{"line":349,"column":24}},"127":{"start":{"line":350,"column":13},"end":{"line":350,"column":35}},"128":{"start":{"line":351,"column":13},"end":{"line":351,"column":20}},"129":{"start":{"line":353,"column":2},"end":{"line":353,"column":27}},"130":{"start":{"line":356,"column":0},"end":{"line":365,"column":2}}},"fnMap":{"0":{"name":"(anonymous_0)","decl":{"start":{"line":9,"column":24},"end":{"line":9,"column":25}},"loc":{"start":{"line":9,"column":44},"end":{"line":52,"column":1}},"line":9},"1":{"name":"(anonymous_1)","decl":{"start":{"line":54,"column":21},"end":{"line":54,"column":22}},"loc":{"start":{"line":54,"column":41},"end":{"line":76,"column":1}},"line":54},"2":{"name":"(anonymous_2)","decl":{"start":{"line":78,"column":26},"end":{"line":78,"column":27}},"loc":{"start":{"line":78,"column":46},"end":{"line":107,"column":1}},"line":78},"3":{"name":"acceptWalkRequest","decl":{"start":{"line":109,"column":15},"end":{"line":109,"column":32}},"loc":{"start":{"line":109,"column":57},"end":{"line":133,"column":1}},"line":109},"4":{"name":"declineWalkRequest","decl":{"start":{"line":135,"column":15},"end":{"line":135,"column":33}},"loc":{"start":{"line":135,"column":58},"end":{"line":159,"column":1}},"line":135},"5":{"name":"updateWalk","decl":{"start":{"line":161,"column":15},"end":{"line":161,"column":25}},"loc":{"start":{"line":161,"column":32},"end":{"line":170,"column":1}},"line":161},"6":{"name":"getWalkByID","decl":{"start":{"line":172,"column":15},"end":{"line":172,"column":26}},"loc":{"start":{"line":172,"column":31},"end":{"line":180,"column":1}},"line":172},"7":{"name":"checkIfUsersWalk","decl":{"start":{"line":182,"column":15},"end":{"line":182,"column":31}},"loc":{"start":{"line":182,"column":48},"end":{"line":188,"column":1}},"line":182},"8":{"name":"requestSentAlready","decl":{"start":{"line":190,"column":15},"end":{"line":190,"column":33}},"loc":{"start":{"line":190,"column":56},"end":{"line":205,"column":1}},"line":190},"9":{"name":"getIDsprehajalca","decl":{"start":{"line":207,"column":15},"end":{"line":207,"column":31}},"loc":{"start":{"line":207,"column":42},"end":{"line":218,"column":1}},"line":207},"10":{"name":"getTipSprehajalca","decl":{"start":{"line":220,"column":15},"end":{"line":220,"column":32}},"loc":{"start":{"line":220,"column":48},"end":{"line":231,"column":1}},"line":220},"11":{"name":"getTipLastnika","decl":{"start":{"line":233,"column":15},"end":{"line":233,"column":29}},"loc":{"start":{"line":233,"column":42},"end":{"line":244,"column":1}},"line":233},"12":{"name":"(anonymous_12)","decl":{"start":{"line":246,"column":22},"end":{"line":246,"column":23}},"loc":{"start":{"line":246,"column":40},"end":{"line":291,"column":1}},"line":246},"13":{"name":"(anonymous_13)","decl":{"start":{"line":293,"column":23},"end":{"line":293,"column":24}},"loc":{"start":{"line":293,"column":43},"end":{"line":302,"column":1}},"line":293},"14":{"name":"(anonymous_14)","decl":{"start":{"line":304,"column":25},"end":{"line":304,"column":26}},"loc":{"start":{"line":304,"column":43},"end":{"line":320,"column":1}},"line":304},"15":{"name":"(anonymous_15)","decl":{"start":{"line":322,"column":21},"end":{"line":322,"column":22}},"loc":{"start":{"line":322,"column":41},"end":{"line":345,"column":1}},"line":322},"16":{"name":"changeFormat","decl":{"start":{"line":347,"column":9},"end":{"line":347,"column":21}},"loc":{"start":{"line":347,"column":28},"end":{"line":354,"column":1}},"line":347}},"branchMap":{"0":{"loc":{"start":{"line":17,"column":2},"end":{"line":19,"column":3}},"type":"if","locations":[{"start":{"line":17,"column":2},"end":{"line":19,"column":3}},{"start":{"line":17,"column":2},"end":{"line":19,"column":3}}],"line":17},"1":{"loc":{"start":{"line":25,"column":2},"end":{"line":27,"column":3}},"type":"if","locations":[{"start":{"line":25,"co
[...]
line":15,"column":9}},"type":"if","locations":[{"start":{"line":13,"column":8},"end":{"line":15,"column":9}},{"start":{"line":13,"column":8},"end":{"line":15,"column":9}}],"line":13},"1":{"loc":{"start":{"line":53,"column":2},"end":{"line":55,"column":3}},"type":"if","locations":[{"start":{"line":53,"column":2},"end":{"line":55,"column":3}},{"start":{"line":53,"column":2},"end":{"line":55,"column":3}}],"line":53}},"s":{"0":1,"1":1,"2":1,"3":1,"4":4,"5":4,"6":1,"7":1,"8":1,"9":1,"10":1,"11":1,"12":1,"13":1,"14":26,"15":26,"16":23,"17":3,"18":3,"19":3,"20":3,"21":1},"f":{"0":1,"1":4,"2":1,"3":1,"4":1,"5":26,"6":3},"b":{"0":[1,3],"1":[23,3]},"_coverageSchema":"1a1c01bbd47fc00a2c39e90264f33305004495a9","hash":"f0367fbf56b43db82ee6f41795d8d289aaeddb07","contentHash":"f1cb58405c589142ada3b36efc1eca03ac94e1e493bba731317618fae9109161"},"/home/iletavcioski/Documents/TPO1/LP234-11/src/server/controller/OglasController.js":{"path":"/home/iletavcioski/Documents/TPO1/LP234-11/src/server/controller/OglasController.js","statementMap":{"0":{"start":{"line":1,"column":23},"end":{"line":1,"column":54}},"1":{"start":{"line":3,"column":18},"end":{"line":74,"column":1}},"2":{"start":{"line":4,"column":2},"end":{"line":73,"column":3}},"3":{"start":{"line":5,"column":20},"end":{"line":5,"column":36}},"4":{"start":{"line":6,"column":4},"end":{"line":6,"column":27}},"5":{"start":{"line":7,"column":19},"end":{"line":7,"column":36}},"6":{"start":{"line":8,"column":21},"end":{"line":29,"column":8}},"7":{"start":{"line":31,"column":4},"end":{"line":66,"column":5}},"8":{"start":{"line":32,"column":6},"end":{"line":34,"column":7}},"9":{"start":{"line":33,"column":8},"end":{"line":33,"column":71}},"10":{"start":{"line":36,"column":6},"end":{"line":41,"column":7}},"11":{"start":{"line":37,"column":30},"end":{"line":39,"column":43}},"12":{"start":{"line":40,"column":8},"end":{"line":40,"column":55}},"13":{"start":{"line":43,"column":6},"end":{"line":45,"column":7}},"14":{"start":{"line":44,"column":8},"end":{"line":44,"column":71}},"15":{"start":{"line":47,"column":6},"end":{"line":49,"column":7}},"16":{"start":{"line":48,"column":8},"end":{"line":48,"column":69}},"17":{"start":{"line":51,"column":6},"end":{"line":53,"column":7}},"18":{"start":{"line":52,"column":8},"end":{"line":52,"column":67}},"19":{"start":{"line":55,"column":6},"end":{"line":61,"column":7}},"20":{"start":{"line":56,"column":35},"end":{"line":59,"column":37}},"21":{"start":{"line":60,"column":8},"end":{"line":60,"column":63}},"22":{"start":{"line":63,"column":6},"end":{"line":65,"column":7}},"23":{"start":{"line":64,"column":8},"end":{"line":64,"column":40}},"24":{"start":{"line":68,"column":16},"end":{"line":68,"column":30}},"25":{"start":{"line":69,"column":4},"end":{"line":69,"column":42}},"26":{"start":{"line":71,"column":4},"end":{"line":71,"column":21}},"27":{"start":{"line":72,"column":4},"end":{"line":72,"column":50}},"28":{"start":{"line":76,"column":21},"end":{"line":79,"column":1}},"29":{"start":{"line":77,"column":17},"end":{"line":77,"column":42}},"30":{"start":{"line":78,"column":2},"end":{"line":78,"column":38}},"31":{"start":{"line":81,"column":0},"end":{"line":84,"column":2}}},"fnMap":{"0":{"name":"(anonymous_0)","decl":{"start":{"line":3,"column":18},"end":{"line":3,"column":19}},"loc":{"start":{"line":3,"column":38},"end":{"line":74,"column":1}},"line":3},"1":{"name":"(anonymous_1)","decl":{"start":{"line":76,"column":21},"end":{"line":76,"column":22}},"loc":{"start":{"line":76,"column":41},"end":{"line":79,"column":1}},"line":76}},"branchMap":{"0":{"loc":{"start":{"line":31,"column":4},"end":{"line":66,"column":5}},"type":"if","locations":[{"start":{"line":31,"column":4},"end":{"line":66,"column":5}},{"start":{"line":31,"column":4},"end":{"line":66,"column":5}}],"line":31},"1":{"loc":{"start":{"line":32,"column":6},"end":{"line":34,"column":7}},"type":"if","locations":[{"start":{"line":32,"column":6},"end":{"line":34,"column":7}},{"start":{"line":32,"column":6},"end":{"line":34,"column":7}}],"line":32},"2":{"loc":{"start":{"line":36,"column":6},"end":{"line":41,"column":7}},"type":"if","locations":[{"start":{"line":36,"column":6},"end":{"line":41,"column":7}},{"start":{"line":36,"column":6},"end":{"line":41,"column":7}}],"line":36},"3":{"loc":{"start":{"line":43,"column":6},"end":{"line":45,"column":7}},"type":"if","locations":[{"start":{"line":43,"column":6},"end":{"line":45,"column":7}},{"start":{"line":43,"column":6},"end":{"line":45,"column":7}}],"line":43},"4":{"loc":{"start":{"line":47,"column":6},"end":{"line":49,"column":7}},"type":"if","locations":[{"start":{"line":47,"column":6},"end":{"line":49,"column":7}},{"start":{"line":47,"column":6},"end":{"line":49,"column":7}}],"line":47},"5":{"loc":{"start":{"line":51,"column":6},"end":{"line":53,"column":7}},"type":"if","locations":[{"start":{"line":51,"column":6},"end":{"line":53,"column":7}},{"start":{"line":51,"column":6},"end":{"line":53,"column":7}}],"line":51},"6":{"loc":{"start":{"line":55,"column":6},"end":{"line":61,"column":7}},"type":"if","locations":[{"start":{"line":55,"column":6},"end":{"line":61,"column":7}},{"start":{"line":55,"column":6},"end":{"line":61,"column":7}}],"line":55},"7":{"loc":{"start":{"line":63,"column":6},"end":{"line":65,"column":7}},"type":"if","locations":[{"start":{"line":63,"column":6},"end":{"line":65,"column":7}},{"start":{"line":63,"column":6},"end":{"line":65,"column":7}}],"line":63}},"s":{"0":1,"1":1,"2":2,"3":2,"4":2,"5":2,"6":2,"7":2,"8":1,"9":1,"10":1,"11":1,"12":1,"13":1,"14":1,"15":1,"16":1,"17":1,"18":1,"19":1,"20":1,"21":1,"22":1,"23":1,"24":2,"25":2,"26":0,"27":0,"28":1,"29":0,"30":0,"31":1},"f":{"0":2,"1":0},"b":{"0":[1,1],"1":[1,0],"2":[1,0],"3":[1,0],"4":[1,0],"5":[1,0],"6":[1,0],"7":[1,0]},"_coverageSchema":"1a1c01bbd47fc00a2c39e90264f33305004495a9","hash":"d41543abaf0e0dcf6f70309803e1bc4e2720d8de","contentHash":"c14dce8281f84d46f38d3bc9f6a88534cc4f375095cfa4846435783c9471c06a"},"/home/iletavcioski/Documents/TPO1/LP234-11/src/server/controller/AddController.js":{"path":"/home/iletavcioski/Documents/TPO1/LP234-11/src/server/controller/AddController.js","statementMap":{"0":{"start":{"line":1,"column":23},"end":{"line":1,"column":54}},"1":{"start":{"line":2,"column":24},"end":{"line":2,"column":54}},"2":{"start":{"line":4,"column":15},"end":{"line":55,"column":1}},"3":{"start":{"line":5,"column":14},"end":{"line":5,"column":29}},"4":{"start":{"line":6,"column":15},"end":{"line":6,"column":51}},"5":{"start":{"line":7,"column":19},"end":{"line":7,"column":46}},"6":{"start":{"line":8,"column":17},"end":{"line":8,"column":42}},"7":{"start":{"line":10,"column":2},"end":{"line":12,"column":3}},"8":{"start":{"line":11,"column":4},"end":{"line":11,"column":56}},"9":{"start":{"line":13,"column":32},"end":{"line":13,"column":36}},"10":{"start":{"line":15,"column":19},"end":{"line":15,"column":40}},"11":{"start":{"line":17,"column":2},"end":{"line":19,"column":3}},"12":{"start":{"line":18,"column":4},"end":{"line":18,"column":76}},"13":{"start":{"line":21,"column":29},"end":{"line":30,"column":3}},"14":{"start":{"line":32,"column":16},"end":{"line":51,"column":4}},"15":{"start":{"line":33,"column":4},"end":{"line":50,"column":5}},"16":{"start":{"line":34,"column":20},"end":{"line":34,"column":65}},"17":{"start":{"line":35,"column":17},"end":{"line":35,"column":25}},"18":{"start":{"line":37,"column":38},"end":{"line":42,"column":7}},"19":{"start":{"line":44,"column":16},"end":{"line":44,"column":72}},"20":{"start":{"line":47,"column":6},"end":{"line":47,"column":16}},"21":{"start":{"line":49,"column":6},"end":{"line":49,"column":21}},"22":{"start":{"line":53,"column":2},"end":{"line":54,"column":75}},"23":{"start":{"line":53,"column":14},"end":{"line":53,"column":64}},"24":{"start":{"line":54,"column":7},"end":{"line":54,"column":75}},"25":{"start":{"line":57,"column":18},"end":{"line":77,"column":1}},"26":{"start":{"line":58,"column":14},"end":{"line":62,"column":51}},"27":{"start":{"line":64,"column":2},"end":{"line":76,"column":3}},"28":{"start":{"line":65,"column":4},"end":{"line":69,"column":5}},"29":{"start":{"line":66,"column":6},"end":{"line":66,"column":18}},"30":{"start":{"line":68,"column":6},"end":{"line":68,"column":19}},"31":{"start":{"line":71,"column":4},"end":{"line":75,"column":5}},"32":{"start":{"line":72,"column":6},"end":{"line":72,"column":18}},"33":{"start":{"line":74,"column":6},"end":{"line":74,"column":19}},"34":{"start":{"line":79,"column":18},"end":{"line":82,"column":1}},"35":{"start":{"line":80,"column":13},"end":{"line":80,"column":62}},"36":{"start":{"line":81,"column":2},"end":{"line":81,"column":15}},"37":{"start":{"line":84,"column":23},"end":{"line":89,"column":1}},"38":{"start":{"line":85,"column":13},"end":{"line":87,"column":23}},"39":{"start":{"line":88,"column":2},"end":{"line":88,"column":23}},"40":{"start":{"line":91,"column":19},"end":{"line":102,"column":1}},"41":{"start":{"line":92,"column":14},"end":{"line":100,"column":35}},"42":{"start":{"line":101,"column":2},"end":{"line":101,"column":13}},"43":{"start":{"line":104,"column":20},"end":{"line":112,"column":1}},"44":{"start":{"line":105,"column":17},"end":{"line":105,"column":34}},"45":{"start":{"line":106,"column":2},"end":{"line":111,"column":3}},"46":{"start":{"line":107,"column":16},"end":{"line":107,"column":40}},"47":{"start":{"line":108,"column":4},"end":{"line":108,"column":37}},"48":{"start":{"line":110,"column":4},"end":{"line":110,"column":72}},"49":{"start":{"line":115,"column":23},"end":{"line":144,"column":1}},"50":{"start":{"line":116,"column":17},"end":{"line":116,"column":34}},"51":{"start":{"line":117,"column":19},"end":{"line":117,"column":27}},"52":{"start":{"line":118,"column":2},"end":{"line":143,"column":3}},"53":{"start":{"line":119,"column":25},"end":{"line":119,"column":59}},"54":{"start":{"line":120,"column":4},"end":{"line":124,"column":5}},"55":{"start":{"line":121,"column":6},"end":{"line":123,"column":63}},"56":{"start":{"line":126,"column":15},"end":{"line":126,"column":36}},"57":{"start":{"line":128,"column":22},"end":{"line":131,"column":5}},"58":{"start":{"line":133,"column":20},"end":{"line":133,"column":45}},"59":{"start":{"line":135,"column":4},"end":{"line":137,"column":5}},"60":{"start":{"line":136,"column":6},"end":{"line":136,"column":73}},"61":{"start":{"line":139,"column":4},"end":{"line":139,"column":71}},"62":{"start":{"line":141,"column":4},"end":{"line":141,"column":19}},"63":{"start":{"line":142,"column":4},"end":{"line":142,"column":71}},"64":{"start":{"line":146,"column":17},"end":{"line":154,"column":1}},"65":{"start":{"line":147,"column":2},"end":{"line":153,"column":3}},"66":{"start":{"line":148,"column":4},"end":{"line":148,"column":72}},"67":{"start":{"line":149,"column":4},"end":{"line":149,"column":16}},"68":{"start":{"line":151,"column":4},"end":{"line":151,"column":19}},"69":{"start":{"line":152,"column":4},"end":{"line":152,"column":22}},"70":{"start":{"line":156,"column":23},"end":{"line":179,"column":1}},"71":{"start":{"line":157,"column":17},"end":{"line":157,"column":34}},"72":{"start":{"line":158,"column":52},"end":{"line":158,"column":60}},"73":{"start":{"line":159,"column":2},"end":{"line":178,"column":3}},"74":{"start":{"line":160,"column":25},"end":{"line":160,"column":62}},"75":{"start":{"line":161,"column":4},"end":{"line":165,"column":5}},"76":{"start":{"line":162,"column":6},"end":{"line":164,"column":63}},"77":{"start":{"line":166,"column":15},"end":{"line":166,"column":39}},"78":{"start":{"line":167,"column":22},"end":{"line":172,"column":5}},"79":{"start":{"line":173,"column":4},"end":{"line":173,"column":30}},"80":{"start":{"line":174,"column":4},"end":{"line":174,"column":64}},"81":{"start":{"line":176,"column":4},"end":{"line":176,"column":19}},"82":{"start":{"line":177,"column":4},"end":{"line":177,"column":71}},"83":{"start":{"line":182,"column":17},"end":{"line":182,"column":32}},"84":{"start":{"line":183,"column":13},"end":{"line":183,"column":24}},"85":{"start":{"line":184,"column":13},"end":{"line":184,"column":35}},"86":{"start":{"line":185,"column":13},"end":{"line":185,"column":20}},"87":{"start":{"line":187,"column":2},"end":{"line":187,"column":27}},"88":{"start":{"line":190,"column":0},"end":{"line":195,"column":2}}},"fnMap":{"0":{"name":"(anonymous_0)","decl":{"start":{"line":4,"column":15},"end":{"line":4,"column":16}},"loc":{"start":{"line":4,"column":35},"end":{"line":55,"column":1}},"line":4},"1":{"name":"(anonymous_1)","decl":{"start":{"line":32,"column":45},"end":{"line":32,"column":46}},"loc":{"start":{"line":32,"column":60},"end":{"line":51,"column":3}},"line":32},"2":{"name":"(anonymous_2)","decl":{"start":{"line":57,"column":18},"end":{"line":57,"column":19}},"loc":{"start":{"line":57,"column":34},"end":{"line":77,"column":1}},"line":57},"3":{"name":"(anonymous_3)","decl":{"start":{"line":79,"column":18},"end":{"line":79,"column":19}},"loc":{"start":{"line":79,"column":34},"end":{"line":82,"column":1}},"line":79},"4":{"name":"(anonymous_4)","decl":{"start":{"line":84,"column":23},"end":{"line":84,"column":24}},"loc":{"start":{"line":84,"column":47},"end":{"line":89,"column":1}},"line":84},"5":{"name":"(anonymous_5)","decl":{"start":{"line":91,"column":19},"end":{"line":91,"column":20}},"loc":{"start":{"line":91,"column":37},"end":{"line":102,"column":1}},"line":91},"6":{"name":"(anonymous_6)","decl":{"start":{"line":104,"column":20},"end":{"line":104,"column":21}},"loc":{"start":{"line":104,"column":40},"end":{"line":112,"column":1}},"line":104},"7":{"name":"(anonymous_7)","decl":{"start":{"line":115,"column":23},"end":{"line":115,"column":24}},"loc":{"start":{"line":115,"column":43},"end":{"line":144,"column":1}},"line":115},"8":{"name":"(anonymous_8)","decl":{"start":{"line":146,"column":17},"end":{"line":146,"column":18}},"loc":{"start":{"line":146,"column":31},"end":{"line":154,"column":1}},"line":146},"9":{"name":"(anonymous_9)","decl":{"start":{"line":156,"column":23},"end":{"line":156,"column":24}},"loc":{"start":{"line":156,"column":43},"end":{"line":179,"column":1}},"line":156},"10":{"name":"changeFormat","decl":{"start":{"line":181,"column":9},"end":{"line":181,"column":21}},"loc":{"start":{"line":181,"column":28},"end":{"line":188,"column":1}},"line":181}},"branchMap":{"0":{"loc":{"start":{"line":10,"column":2},"end":{"line":12,"column":3}},"type":"if","locations":[{"start":{"line":10,"column":2},"end":{"line":12,"column":3}},{"start":{"line":10,"column":2},"end":{"line":12,"column":3}}],"line":10},"1":{"loc":{"start":{"line":17,"column":2},"end":{"line":19,"column":3}},"type":"if","locations":[{"start":{"line":17,"column":2},"end":{"line":19,"column":3}},{"start":{"line":17,"column":2},"end":{"line":19,"column":3}}],"line":17},"2":{"loc":{"start":{"line":53,"column":2},"end":{"line":54,"column":75}},"type":"if","locations":[{"start":{"line":53,"column":2},"end":{"line":54,"column":75}},{"start":{"line":53,"column":2},"end":{"line":54,"column":75}}],"line":53},"3":{"loc":{"start":{"line":64,"column":2},"end":{"line":76,"column":3}},"type":"if","locations":[{"start":{"line":64,"column":2},"end":{"line":76,"column":3}},{"start":{"line":64,"column":2},"end":{"line":76,"column":3}}],"line":64},"4":{"loc":{"start":{"line":65,"column":4},"end":{"line":69,"column":5}},"type":"if","locations":[{"start":{"line":65,"column":4},"end":{"line":69,"column":5}},{"start":{"line":65,"column":4},"end":{"line":69,"column":5}}],"line":65},"5":{"loc":{"start":{"line":71,"column":4},"end":{"line":75,"column":5}},"type":"if","locations":[{"start":{"line":71,"column":4},"end":{"line":75,"column":5}},{"start":{"line":71,"column":4},"end":{"line":75,"column":5}}],"line":71},"6":{"loc":{"start":{"line":120,"column":4},"end":{"line":124,"column":5}},"type":"if","locations":[{"start":{"line":120,"column":4},"end":{"line":124,"column":5}},{"start":{"line":120,"column":4},"end":{"line":124,"column":5}}],"line":120},"7":{"loc":{"start":{"line":135,"column":4},"end":{"line":137,"column":5}},"type":"if","locations":[{"start":{"line":135,"column":4},"end":{"line":137,"column":5}},{"start":{"line":135,"column":4},"end":{"line":137,"column":5}}],"line":135},"8":{"loc":{"start":{"line":161,"column":4},"end":{"line":165,"column":5}},"type":"if","locations":[{"start":{"line":161,"column":4},"end":{"line":165,"column":5}},{"start":{"line":161,"column":4},"end":{"line":165,"column":5}}],"line":161}},"s":{"0":1,"1":1,"2":1,"3":3,"4":3,"5":3,"6":3,"7":3,"8":0,"9":3,"10":3,"11":3,"12":1,"13":2,"14":2,"15":2,"16":2,"17":2,"18":2,"19":2,"20":2,"21":0,"22":2,"23":0,"24":2,"25":1,"26":3,"27":3,"28":0,"29":0,"30":0,"31":3,"32":2,"33":1,"34":1,"35":2,"36":2,"37":1,"38":2,"39":2,"40":1,"41":0,"42":0,"43":1,"44":0,"45":0,"46":0,"47":0,"48":0,"49":1,"50":2,"51":2,"52":2,"53":2,"54":2,"55":0,"56":2,"57":2,"58":2,"59":2,"60":2,"61":0,"62":0,"63":0,"64":1,"65":2,"66":2,"67":2,"68":0,"69":0,"70":1,"71":0,"72":0,"73":0,"74":0,"75":0,"76":0,"77":0,"78":0,"79":0,"80":0,"81":0,"82":0,"83":6,"84":6,"85":6,"86":6,"87":6,"88":1},"f":{"0":3,"1":2,"2":3,"3":2,"4":2,"5":0,"6":0,"7":2,"8":2,"9":0,"10":6},"b":{"0":[0,3],"1":[1,2],"2":[0,2],"3":[0,3],"4":[0,0],"5":[2,1],"6":[0,2],"7":[2,0],"8":[0,0]},"_coverageSchema":"1a1c01bbd47fc00a2c39e90264f33305004495a9","hash":"fa7fdddae87a2295074cd9c390422f3a02b12c78","contentHash":"aac70169f588afa83143f73c033bbf328dd1eb2096353885f12c42d79ddfd406"},"/home/iletavcioski/Documents/TPO1/LP234-11/src/server/controller/OceneController.js":{"path":"/home/iletavcioski/Documents/TPO1/LP234-11/src/server/controller/OceneController.js","statementMap":{"0":{"start":{"line":1,"column":23},"end":{"line":1,"column":54}},"1":{"start":{"line":5,"column":4},"end":{"line":5,"column":34}},"2":{"start":{"line":7,"column":17},"end":{"line":41,"column":1}},"3":{"start":{"line":8,"column":39},"end":{"line":8,"column":47}},"4":{"start":{"line":10,"column":18},"end":{"line":10,"column":73}},"5":{"start":{"line":12,"column":2},"end":{"line":13,"column":71}},"6":{"start":{"line":13,"column":4},"end":{"line":13,"column":71}},"7":{"start":{"line":15,"column":2},"end":{"line":40,"column":3}},"8":{"start":{"line":16,"column":16},"end":{"line":16,"column":43}},"9":{"start":{"line":18,"column":32},"end":{"line":22,"column":5}},"10":{"start":{"line":23,"column":4},"end":{"line":23,"column":58}},"11":{"start":{"line":25,"column":27},"end":{"line":28,"column":5}},"12":{"start":{"line":29,"column":4},"end":{"line":31,"column":30}},"13":{"start":{"line":33,"column":20},"end":{"line":33,"column":60}},"14":{"start":{"line":35,"column":4},"end":{"line":36,"column":71}},"15":{"start":{"line":35,"column":17},"end":{"line":35,"column":68}},"16":{"start":{"line":36,"column":9},"end":{"line":36,"column":71}},"17":{"start":{"line":38,"column":4},"end":{"line":38,"column":19}},"18":{"start":{"line":39,"column":4},"end":{"line":39,"column":73}},"19":{"start":{"line":43,"column":0},"end":{"line":45,"column":2}}},"fnMap":{"0":{"name":"(anonymous_0)","decl":{"start":{"line":7,"column":17},"end":{"line":7,"column":18}},"loc":{"start":{"line":7,"column":37},"end":{"line":41,"column":1}},"line":7}},"branchMap":{"0":{"loc":{"start":{"line":12,"column":2},"end":{"line":13,"column":71}},"type":"if","locations":[{"start":{"line":12,"column":2},"end":{"line":13,"column":71}},{"start":{"line":12,"column":2},"end":{"line":13,"column":71}}],"line":12},"1":{"loc":{"start":{"line":35,"column":4},"end":{"line":36,"column":71}},"type":"if","locations":[{"start":{"line":35,"column":4},"end":{"line":36,"column":71}},{"start":{"line":35,"column":4},"end":{"line":36,"column":71}}],"line":35}},"s":{"0":1,"1":1,"2":1,"3":2,"4":2,"5":2,"6":1,"7":1,"8":1,"9":1,"10":1,"11":1,"12":1,"13":1,"14":1,"15":1,"16":0,"17":0,"18":0,"19":1},"f":{"0":2},"b":{"0":[1,1],"1":[1,0]},"_coverageSchema":"1a1c01bbd47fc00a2c39e90264f33305004495a9","hash":"6ab6a13c90ef64f9fd0b47b558e5d623ef5c49fc","contentHash":"b5da7a0d059b1994e9bdf3d272aeb59bea8c285d7294feccecb721b70d608241"}}