{"D:\\docs\\tpo\\LP234-11\\src\\server\\test.exports.js":{"path":"D:\\docs\\tpo\\LP234-11\\src\\server\\test.exports.js","statementMap":{"0":{"start":{"line":2,"column":25},"end":{"line":2,"column":45}},"1":{"start":{"line":3,"column":14},"end":{"line":3,"column":30}},"2":{"start":{"line":4,"column":12},"end":{"line":4,"column":31}},"3":{"start":{"line":5,"column":33},"end":{"line":5,"column":71}},"4":{"start":{"line":7,"column":0},"end":{"line":12,"column":1}}},"fnMap":{},"branchMap":{},"s":{"0":1,"1":1,"2":1,"3":1,"4":1},"f":{},"b":{},"_coverageSchema":"1a1c01bbd47fc00a2c39e90264f33305004495a9","hash":"3a07b993a9ab62be2cdfbb326a5ec26add46f518","contentHash":"f2352c12ef428f3c308a967c752b5793ad5897fc819345054aaa42202f7f82d6"},"D:\\docs\\tpo\\LP234-11\\src\\server\\server.js":{"path":"D:\\docs\\tpo\\LP234-11\\src\\server\\server.js","statementMap":{"0":{"start":{"line":1,"column":16},"end":{"line":1,"column":34}},"1":{"start":{"line":2,"column":15},"end":{"line":2,"column":32}},"2":{"start":{"line":3,"column":13},"end":{"line":3,"column":28}},"3":{"start":{"line":4,"column":15},"end":{"line":4,"column":32}},"4":{"start":{"line":5,"column":21},"end":{"line":5,"column":45}},"5":{"start":{"line":14,"column":4},"end":{"line":14,"column":42}},"6":{"start":{"line":23,"column":4},"end":{"line":23,"column":45}},"7":{"start":{"line":24,"column":15},"end":{"line":24,"column":32}},"8":{"start":{"line":25,"column":27},"end":{"line":25,"column":57}},"9":{"start":{"line":32,"column":4},"end":{"line":32,"column":44}},"10":{"start":{"line":33,"column":22},"end":{"line":33,"column":61}},"11":{"start":{"line":34,"column":21},"end":{"line":34,"column":56}},"12":{"start":{"line":40,"column":4},"end":{"line":40,"column":41}},"13":{"start":{"line":48,"column":4},"end":{"line":48,"column":45}},"14":{"start":{"line":49,"column":21},"end":{"line":49,"column":60}},"15":{"start":{"line":53,"column":4},"end":{"line":53,"column":43}},"16":{"start":{"line":55,"column":12},"end":{"line":55,"column":21}},"17":{"start":{"line":56,"column":0},"end":{"line":56,"column":26}},"18":{"start":{"line":58,"column":0},"end":{"line":58,"column":24}},"19":{"start":{"line":59,"column":0},"end":{"line":59,"column":49}},"20":{"start":{"line":60,"column":0},"end":{"line":60,"column":24}},"21":{"start":{"line":63,"column":2},"end":{"line":65,"column":29}},"22":{"start":{"line":67,"column":0},"end":{"line":67,"column":59}},"23":{"start":{"line":68,"column":0},"end":{"line":68,"column":23}},"24":{"start":{"line":69,"column":0},"end":{"line":69,"column":18}},"25":{"start":{"line":70,"column":0},"end":{"line":70,"column":16}},"26":{"start":{"line":75,"column":0},"end":{"line":80,"column":2}},"27":{"start":{"line":79,"column":16},"end":{"line":79,"column":38}},"28":{"start":{"line":81,"column":0},"end":{"line":81,"column":69}},"29":{"start":{"line":81,"column":45},"end":{"line":81,"column":67}},"30":{"start":{"line":82,"column":0},"end":{"line":88,"column":2}},"31":{"start":{"line":87,"column":16},"end":{"line":87,"column":38}},"32":{"start":{"line":90,"column":0},"end":{"line":92,"column":2}},"33":{"start":{"line":91,"column":2},"end":{"line":91,"column":32}},"34":{"start":{"line":94,"column":0},"end":{"line":96,"column":2}},"35":{"start":{"line":95,"column":2},"end":{"line":95,"column":21}},"36":{"start":{"line":98,"column":0},"end":{"line":98,"column":56}},"37":{"start":{"line":98,"column":38},"end":{"line":98,"column":54}},"38":{"start":{"line":101,"column":0},"end":{"line":103,"column":2}},"39":{"start":{"line":102,"column":2},"end":{"line":102,"column":33}},"40":{"start":{"line":105,"column":0},"end":{"line":105,"column":80}},"41":{"start":{"line":105,"column":52},"end":{"line":105,"column":78}},"42":{"start":{"line":106,"column":0},"end":{"line":108,"column":2}},"43":{"start":{"line":107,"column":2},"end":{"line":107,"column":31}},"44":{"start":{"line":109,"column":0},"end":{"line":111,"column":2}},"45":{"start":{"line":110,"column":2},"end":{"line":110,"column":32}},"46":{"start":{"line":114,"column":0},"end":{"line":120,"column":2}},"47":{"start":{"line":119,"column":16},"end":{"line":119,"column":32}},"48":{"start":{"line":121,"column":0},"end":{"line":123,"column":2}},"49":{"start":{"line":122,"column":2},"end":{"line":122,"column":27}},"50":{"start":{"line":124,"column":0},"end":{"line":124,"column":79}},"51":{"start":{"line":124,"column":54},"end":{"line":124,"column":77}},"52":{"start":{"line":127,"column":0},"end":{"line":129,"column":2}},"53":{"start":{"line":128,"column":2},"end":{"line":128,"column":21}},"54":{"start":{"line":131,"column":0},"end":{"line":131,"column":76}},"55":{"start":{"line":131,"column":53},"end":{"line":131,"column":74}},"56":{"start":{"line":132,"column":0},"end":{"line":134,"column":3}},"57":{"start":{"line":133,"column":2},"end":{"line":133,"column":27}},"58":{"start":{"line":135,"column":0},"end":{"line":137,"column":2}},"59":{"start":{"line":136,"column":2},"end":{"line":136,"column":26}},"60":{"start":{"line":139,"column":0},"end":{"line":139,"column":70}},"61":{"start":{"line":139,"column":52},"end":{"line":139,"column":68}},"62":{"start":{"line":142,"column":0},"end":{"line":142,"column":79}},"63":{"start":{"line":142,"column":59},"end":{"line":142,"column":77}},"64":{"start":{"line":145,"column":0},"end":{"line":145,"column":76}},"65":{"start":{"line":145,"column":50},"end":{"line":145,"column":74}},"66":{"start":{"line":146,"column":0},"end":{"line":148,"column":2}},"67":{"start":{"line":147,"column":2},"end":{"line":147,"column":27}},"68":{"start":{"line":149,"column":0},"end":{"line":151,"column":2}},"69":{"start":{"line":150,"column":2},"end":{"line":150,"column":24}},"70":{"start":{"line":152,"column":0},"end":{"line":154,"column":2}},"71":{"start":{"line":153,"column":2},"end":{"line":153,"column":29}},"72":{"start":{"line":155,"column":0},"end":{"line":157,"column":2}},"73":{"start":{"line":156,"column":2},"end":{"line":156,"column":24}},"74":{"start":{"line":158,"column":0},"end":{"line":160,"column":2}},"75":{"start":{"line":159,"column":2},"end":{"line":159,"column":21}},"76":{"start":{"line":163,"column":0},"end":{"line":163,"column":75}},"77":{"start":{"line":163,"column":55},"end":{"line":163,"column":73}},"78":{"start":{"line":166,"column":0},"end":{"line":168,"column":2}},"79":{"start":{"line":167,"column":2},"end":{"line":167,"column":32}},"80":{"start":{"line":169,"column":0},"end":{"line":171,"column":2}},"81":{"start":{"line":170,"column":2},"end":{"line":170,"column":33}},"82":{"start":{"line":173,"column":13},"end":{"line":173,"column":37}},"83":{"start":{"line":174,"column":0},"end":{"line":178,"column":3}},"84":{"start":{"line":175,"column":2},"end":{"line":175,"column":48}},"85":{"start":{"line":181,"column":0},"end":{"line":181,"column":21}}},"fnMap":{"0":{"name":"(anonymous_0)","decl":{"start":{"line":79,"column":2},"end":{"line":79,"column":3}},"loc":{"start":{"line":79,"column":16},"end":{"line":79,"column":38}},"line":79},"1":{"name":"(anonymous_1)","decl":{"start":{"line":81,"column":31},"end":{"line":81,"column":32}},"loc":{"start":{"line":81,"column":45},"end":{"line":81,"column":67}},"line":81},"2":{"name":"(anonymous_2)","decl":{"start":{"line":87,"column":2},"end":{"line":87,"column":3}},"loc":{"start":{"line":87,"column":16},"end":{"line":87,"column":38}},"line":87},"3":{"name":"(anonymous_3)","decl":{"start":{"line":90,"column":48},"end":{"line":90,"column":49}},"loc":{"start":{"line":91,"column":2},"end":{"line":91,"column":32}},"line":91},"4":{"name":"(anonymous_4)","decl":{"start":{"line":94,"column":63},"end":{"line":94,"column":64}},"loc":{"start":{"line":95,"column":2},"end":{"line":95,"column":21}},"line":95},"5":{"name":"(anonymous_5)","decl":{"start":{"line":98,"column":24},"end":{"line":98,"column":25}},"loc":{"start":{"line":98,"column":38},"end":{"line":98,"column":54}},"line":98},"6":{"name":"(anonymous_6)","decl":{"start":{"line":101,"column":41},"end":{"line":101,"column":42}},"loc":{"start":{"line":102,"column":2},"end":{"line":102,"column":33}},"line":102},"7":{"name":"(anonymous_7)","decl":{"start":{"line":105,"column":38},"end":{"line":105,"column":39}},"loc":{"start":{"line":105,"column":52},"end":{"line":105,"column":78}},"line":105},"8":{"name":"(anonymous_8)","decl":{"start":{"line":106,"column":45},"end":{"line":106,"column":46}},"loc":{"start":{"line":107,"column":2},"end":{"line":107,"column":31}},"line":107},"9":{"name":"(anonymous_9)","decl":{"start":{"line":109,"column":47},"end":{"line":109,"column":48}},"loc":{"start":{"line":110,"column":2},"end":{"line":110,"column":32}},"line":110},"10":{"name":"(anonymous_10)","decl":{"start":{"line":119,"column":2},"end":{"line":119,"column":3}},"loc":{"start":{"line":119,"column":16},"end":{"line":119,"column":32}},"line":119},"11":{"name":"(anonymous_11)","decl":{"start":{"line":121,"column":43},"end":{"line":121,"column":44}},"loc":{"start":{"line":122,"column":2},"end":{"line":122,"column":27}},"line":122},"12":{"name":"(anonymous_12)","decl":{"start":{"line":124,"column":40},"end":{"line":124,"column":41}},"loc":{"start":{"line":124,"column":54},"end":{"line":124,"column":77}},"line":124},"13":{"name":"(anonymous_13)","decl":{"start":{"line":127,"column":46},"end":{"line":127,"column":47}},"loc":{"start":{"line":128,"column":2},"end":{"line":128,"column":21}},"line":128},"14":{"name":"(anonymous_14)","decl":{"start":{"line":131,"column":39},"end":{"line":131,"column":40}},"loc":{"start":{"line":131,"column":53},"end":{"line":131,"column":74}},"line":131},"15":{"name":"(anonymous_15)","decl":{"start":{"line":132,"column":44},"end":{"line":132,"column":45}},"loc":{"start":{"line":132,"column":58},"end":{"line":134,"column":1}},"line":132},"16":{"name":"(anonymous_16)","decl":{"start":{"line":135,"column":41},"end":{"line":135,"column":42}},"loc":{"start":{"line":136,"column":2},"end":{"line":136,"column":26}},"line":136},"17":{"name":"(anonymous_17)","decl":{"start":{"line":139,"column":38},"end":{"line":139,"column":39}},"loc":{"start":{"line":139,"column":52},"end":{"line":139,"column":68}},"line":139},"18":{"name":"(anonymous_18)","decl":{"start":{"line":142,"column":45},"end":{"line":142,"column":46}},"loc":{"start":{"line":142,"column":59},"end":{"line":142,"column":77}},"line":142},"19":{"name":"(anonymous_19)","decl":{"start":{"line":145,"column":36},"end":{"line":145,"column":37}},"loc":{"start":{"line":145,"column":50},"end":{"line":145,"column":74}},"line":145},"20":{"name":"(anonymous_20)","decl":{"start":{"line":146,"column":47},"end":{"line":146,"column":48}},"loc":{"start":{"line":147,"column":2},"end":{"line":147,"column":27}},"line":147},"21":{"name":"(anonymous_21)","decl":{"start":{"line":149,"column":44},"end":{"line":149,"column":45}},"loc":{"start":{"line":150,"column":2},"end":{"line":150,"column":24}},"line":150},"22":{"name":"(anonymous_22)","decl":{"start":{"line":152,"column":49},"end":{"line":152,"column":50}},"loc":{"start":{"line":153,"column":2},"end":{"line":153,"column":29}},"line":153},"23":{"name":"(anonymous_23)","decl":{"start":{"line":155,"column":30},"end":{"line":155,"column":31}},"loc":{"start":{"line":156,"column":2},"end":{"line":156,"column":24}},"line":156},"24":{"name":"(anonymous_24)","decl":{"start":{"line":158,"column":41},"end":{"line":158,"column":42}},"loc":{"start":{"line":159,"column":2},"end":{"line":159,"column":21}},"line":159},"25":{"name":"(anonymous_25)","decl":{"start":{"line":163,"column":41},"end":{"line":163,"column":42}},"loc":{"start":{"line":163,"column":55},"end":{"line":163,"column":73}},"line":163},"26":{"name":"(anonymous_26)","decl":{"start":{"line":166,"column":42},"end":{"line":166,"column":43}},"loc":{"start":{"line":167,"column":2},"end":{"line":167,"column":32}},"line":167},"27":{"name":"(anonymous_27)","decl":{"start":{"line":169,"column":54},"end":{"line":169,"column":55}},"loc":{"start":{"line":170,"column":2},"end":{"line":170,"column":33}},"line":170},"28":{"name":"(anonymous_28)","decl":{"start":{"line":174,"column":17},"end":{"line":174,"column":18}},"loc":{"start":{"line":174,"column":23},"end":{"line":178,"column":1}},"line":174}},"branchMap":{"0":{"loc":{"start":{"line":63,"column":2},"end":{"line":65,"column":29}},"type":"cond-expr","locations":[{"start":{"line":64,"column":6},"end":{"line":64,"column":46}},{"start":{"line":65,"column":6},"end":{"line":65,"column":29}}],"line":63},"1":{"loc":{"start":{"line":173,"column":13},"end":{"line":173,"column":37}},"type":"binary-expr","locations":[{"start":{"line":173,"column":13},"end":{"line":173,"column":29}},{"start":{"line":173,"column":33},"end":{"line":173,"column":37}}],"line":173}},"s":{"0":1,"1":1,"2":1,"3":1,"4":1,"5":1,"6":1,"7":1,"8":1,"9":1,"10":1,"11":1,"12":1,"13":1,"14":1,"15":1,"16":1,"17":1,"18":1,"19":1,"20":1,"21":1,"22":1,"23":1,"24":1,"25":1,"26":1,"27":2,"28":1,"29":2,"30":1,"31":1,"32":1,"33":0,"34":1,"35":17,"36":1,"37":1,"38":1,"39":1,"40":1,"41":2,"42":1,"43":2,"44":1,"45":0,"46":1,"47":2,"48":1,"49":0,"50":1,"51":0,"52":1,"53":2,"54":1,"55":0,"56":1,"57":2,"58":1,"59":0,"60":1,"61":3,"62":1,"63":1,"64":1,"65":1,"66":1,"67":2,"68":1,"69":2,"70":1,"71":2,"72":1,"73":0,"74":1,"75":0,"76":1,"77":2,"78":1,"79":2,"80":1,"81":2,"82":1,"83":1,"84":1,"85":1},"f":{"0":2,"1":2,"2":1,"3":0,"4":17,"5":1,"6":1,"7":2,"8":2,"9":0,"10":2,"11":0,"12":0,"13":2,"14":0,"15":2,"16":0,"17":3,"18":1,"19":1,"20":2,"21":2,"22":2,"23":0,"24":0,"25":2,"26":2,"27":2,"28":1},"b":{"0":[0,1],"1":[1,0]},"_coverageSchema":"1a1c01bbd47fc00a2c39e90264f33305004495a9","hash":"ab2e07cf6226833366146e05ad8b080175563f2b","contentHash":"74d71b10583f962911cde6cac38c9c46a1fd085bbc16fd1ed9798f99192afe4d"},"D:\\docs\\tpo\\LP234-11\\src\\server\\controller\\AuthController.js":{"path":"D:\\docs\\tpo\\LP234-11\\src\\server\\controller\\AuthController.js","statementMap":{"0":{"start":{"line":1,"column":12},"end":{"line":1,"column":35}},"1":{"start":{"line":2,"column":12},"end":{"line":2,"column":26}},"2":{"start":{"line":3,"column":26},"end":{"line":3,"column":54}},"3":{"start":{"line":11,"column":4},"end":{"line":11,"column":34}},"4":{"start":{"line":12,"column":29},"end":{"line":12,"column":59}},"5":{"start":{"line":16,"column":21},"end":{"line":46,"column":1}},"6":{"start":{"line":17,"column":51},"end":{"line":17,"column":59}},"7":{"start":{"line":18,"column":17},"end":{"line":18,"column":40}},"8":{"start":{"line":20,"column":21},"end":{"line":20,"column":49}},"9":{"start":{"line":22,"column":16},"end":{"line":32,"column":3}},"10":{"start":{"line":35,"column":17},"end":{"line":35,"column":45}},"11":{"start":{"line":37,"column":2},"end":{"line":39,"column":3}},"12":{"start":{"line":38,"column":4},"end":{"line":38,"column":72}},"13":{"start":{"line":42,"column":25},"end":{"line":42,"column":74}},"14":{"start":{"line":43,"column":2},"end":{"line":43,"column":47}},"15":{"start":{"line":45,"column":2},"end":{"line":45,"column":35}},"16":{"start":{"line":48,"column":18},"end":{"line":64,"column":1}},"17":{"start":{"line":49,"column":30},"end":{"line":49,"column":38}},"18":{"start":{"line":51,"column":15},"end":{"line":51,"column":42}},"19":{"start":{"line":53,"column":2},"end":{"line":55,"column":3}},"20":{"start":{"line":54,"column":4},"end":{"line":54,"column":63}},"21":{"start":{"line":57,"column":26},"end":{"line":57,"column":67}},"22":{"start":{"line":59,"column":2},"end":{"line":61,"column":3}},"23":{"start":{"line":60,"column":4},"end":{"line":60,"column":63}},"24":{"start":{"line":63,"column":2},"end":{"line":63,"column":46}},"25":{"start":{"line":67,"column":21},"end":{"line":93,"column":1}},"26":{"start":{"line":68,"column":22},"end":{"line":72,"column":3}},"27":{"start":{"line":73,"column":23},"end":{"line":77,"column":3}},"28":{"start":{"line":79,"column":2},"end":{"line":81,"column":5}},"29":{"start":{"line":83,"column":15},"end":{"line":83,"column":41}},"30":{"start":{"line":84,"column":24},"end":{"line":84,"column":55}},"31":{"start":{"line":85,"column":20},"end":{"line":90,"column":3}},"32":{"start":{"line":92,"column":2},"end":{"line":92,"column":64}},"33":{"start":{"line":95,"column":22},"end":{"line":101,"column":1}},"34":{"start":{"line":96,"column":16},"end":{"line":99,"column":3}},"35":{"start":{"line":100,"column":2},"end":{"line":100,"column":55}},"36":{"start":{"line":104,"column":21},"end":{"line":123,"column":1}},"37":{"start":{"line":105,"column":2},"end":{"line":122,"column":3}},"38":{"start":{"line":106,"column":23},"end":{"line":106,"column":50}},"39":{"start":{"line":107,"column":4},"end":{"line":109,"column":5}},"40":{"start":{"line":108,"column":6},"end":{"line":108,"column":65}},"41":{"start":{"line":111,"column":18},"end":{"line":111,"column":42}},"42":{"start":{"line":113,"column":21},"end":{"line":113,"column":69}},"43":{"start":{"line":114,"column":4},"end":{"line":118,"column":5}},"44":{"start":{"line":115,"column":6},"end":{"line":115,"column":42}},"45":{"start":{"line":116,"column":6},"end":{"line":116,"column":13}},"46":{"start":{"line":117,"column":6},"end":{"line":117,"column":13}},"47":{"start":{"line":119,"column":4},"end":{"line":119,"column":62}},"48":{"start":{"line":121,"column":4},"end":{"line":121,"column":37}},"49":{"start":{"line":125,"column":21},"end":{"line":139,"column":1}},"50":{"start":{"line":127,"column":2},"end":{"line":138,"column":3}},"51":{"start":{"line":128,"column":26},"end":{"line":128,"column":41}},"52":{"start":{"line":129,"column":21},"end":{"line":129,"column":78}},"53":{"start":{"line":130,"column":4},"end":{"line":133,"column":5}},"54":{"start":{"line":131,"column":21},"end":{"line":131,"column":36}},"55":{"start":{"line":132,"column":6},"end":{"line":132,"column":39}},"56":{"start":{"line":135,"column":4},"end":{"line":135,"column":62}},"57":{"start":{"line":137,"column":4},"end":{"line":137,"column":62}},"58":{"start":{"line":141,"column":29},"end":{"line":147,"column":1}},"59":{"start":{"line":142,"column":16},"end":{"line":142,"column":64}},"60":{"start":{"line":143,"column":13},"end":{"line":143,"column":23}},"61":{"start":{"line":144,"column":2},"end":{"line":144,"column":41}},"62":{"start":{"line":145,"column":2},"end":{"line":145,"column":28}},"63":{"start":{"line":146,"column":2},"end":{"line":146,"column":14}},"64":{"start":{"line":149,"column":29},"end":{"line":171,"column":1}},"65":{"start":{"line":150,"column":17},"end":{"line":150,"column":34}},"66":{"start":{"line":151,"column":15},"end":{"line":151,"column":40}},"67":{"start":{"line":152,"column":22},"end":{"line":152,"column":32}},"68":{"start":{"line":153,"column":22},"end":{"line":157,"column":3}},"69":{"start":{"line":158,"column":2},"end":{"line":170,"column":3}},"70":{"start":{"line":159,"column":4},"end":{"line":159,"column":37}},"71":{"start":{"line":160,"column":31},"end":{"line":163,"column":5}},"72":{"start":{"line":164,"column":4},"end":{"line":164,"column":57}},"73":{"start":{"line":165,"column":4},"end":{"line":167,"column":7}},"74":{"start":{"line":169,"column":4},"end":{"line":169,"column":28}},"75":{"start":{"line":173,"column":21},"end":{"line":190,"column":1}},"76":{"start":{"line":174,"column":27},"end":{"line":174,"column":35}},"77":{"start":{"line":175,"column":2},"end":{"line":175,"column":48}},"78":{"start":{"line":176,"column":15},"end":{"line":176,"column":51}},"79":{"start":{"line":177,"column":15},"end":{"line":177,"column":77}},"80":{"start":{"line":179,"column":2},"end":{"line":187,"column":3}},"81":{"start":{"line":180,"column":24},"end":{"line":180,"column":52}},"82":{"start":{"line":181,"column":4},"end":{"line":186,"column":5}},"83":{"start":{"line":182,"column":6},"end":{"line":182,"column":39}},"84":{"start":{"line":183,"column":6},"end":{"line":183,"column":58}},"85":{"start":{"line":185,"column":6},"end":{"line":185,"column":78}},"86":{"start":{"line":189,"column":2},"end":{"line":189,"column":69}},"87":{"start":{"line":192,"column":15},"end":{"line":195,"column":1}},"88":{"start":{"line":193,"column":2},"end":{"line":193,"column":25}},"89":{"start":{"line":194,"column":2},"end":{"line":194,"column":62}},"90":{"start":{"line":197,"column":0},"end":{"line":206,"column":2}}},"fnMap":{"0":{"name":"(anonymous_0)","decl":{"start":{"line":16,"column":21},"end":{"line":16,"column":22}},"loc":{"start":{"line":16,"column":41},"end":{"line":46,"column":1}},"line":16},"1":{"name":"(anonymous_1)","decl":{"start":{"line":48,"column":18},"end":{"line":48,"column":19}},"loc":{"start":{"line":48,"column":38},"end":{"line":64,"column":1}},"line":48},"2":{"name":"(anonymous_2)","decl":{"start":{"line":67,"column":21},"end":{"line":67,"column":22}},"loc":{"start":{"line":67,"column":45},"end":{"line":93,"column":1}},"line":67},"3":{"name":"(anonymous_3)","decl":{"start":{"line":95,"column":22},"end":{"line":95,"column":23}},"loc":{"start":{"line":95,"column":47},"end":{"line":101,"column":1}},"line":95},"4":{"name":"(anonymous_4)","decl":{"start":{"line":104,"column":21},"end":{"line":104,"column":22}},"loc":{"start":{"line":104,"column":41},"end":{"line":123,"column":1}},"line":104},"5":{"name":"(anonymous_5)","decl":{"start":{"line":125,"column":21},"end":{"line":125,"column":22}},"loc":{"start":{"line":125,"column":35},"end":{"line":139,"column":1}},"line":125},"6":{"name":"(anonymous_6)","decl":{"start":{"line":141,"column":29},"end":{"line":141,"column":30}},"loc":{"start":{"line":141,"column":57},"end":{"line":147,"column":1}},"line":141},"7":{"name":"(anonymous_7)","decl":{"start":{"line":149,"column":29},"end":{"line":149,"column":30}},"loc":{"start":{"line":149,"column":49},"end":{"line":171,"column":1}},"line":149},"8":{"name":"(anonymous_8)","decl":{"start":{"line":173,"column":21},"end":{"line":173,"column":22}},"loc":{"start":{"line":173,"column":41},"end":{"line":190,"column":1}},"line":173},"9":{"name":"(anonymous_9)","decl":{"start":{"line":192,"column":15},"end":{"line":192,"column":16}},"loc":{"start":{"line":192,"column":29},"end":{"line":195,"column":1}},"line":192}},"branchMap":{"0":{"loc":{"start":{"line":18,"column":17},"end":{"line":18,"column":40}},"type":"cond-expr","locations":[{"start":{"line":18,"column":30},"end":{"line":18,"column":33}},{"start":{"line":18,"column":36},"end":{"line":18,"column":40}}],"line":18},"1":{"loc":{"start":{"line":37,"column":2},"end":{"line":39,"column":3}},"type":"if","locations":[{"start":{"line":37,"column":2},"end":{"line":39,"column":3}},{"start":{"line":37,"column":2},"end":{"line":39,"column":3}}],"line":37},"2":{"loc":{"start":{"line":53,"column":2},"end":{"line":55,"column":3}},"type":"if","locations":[{"start":{"line":53,"column":2},"end":{"line":55,"column":3}},{"start":{"line":53,"column":2},"end":{"line":55,"column":3}}],"line":53},"3":{"loc":{"start":{"line":59,"column":2},"end":{"line":61,"column":3}},"type":"if","locations":[{"start":{"line":59,"column":2},"end":{"line":61,"column":3}},{"start":{"line":59,"column":2},"end":{"line":61,"column":3}}],"line":59},"4":{"loc":{"start":{"line":107,"column":4},"end":{"line":109,"column":5}},"type":"if","locations":[{"start":{"line":107,"column":4},"end":{"line":109,"column":5}},{"start":{"line":107,"column":4},"end":{"line":109,"column":5}}],"line":107},"5":{"loc":{"start":{"line":114,"column":4},"end":{"line":118,"column":5}},"type":"if","locations":[{"start":{"line":114,"column":4},"end":{"line":118,"column":5}},{"start":{"line":114,"column":4},"end":{"line":118,"column":5}}],"line":114},"6":{"loc":{"start":{"line":130,"column":4},"end":{"line":133,"column":5}},"type":"if","locations":[{"start":{"line":130,"column":4},"end":{"line":133,"column":5}},{"start":{"line":130,"column":4},"end":{"line":133,"column":5}}],"line":130},"7":{"loc":{"start":{"line":179,"column":2},"end":{"line":187,"column":3}},"type":"if","locations":[{"start":{"line":179,"column":2},"end":{"line":187,"column":3}},{"start":{"line":179,"column":2},"end":{"line":187,"column":3}}],"line":179}},"s":{"0":1,"1":1,"2":1,"3":1,"4":1,"5":1,"6":2,"7":2,"8":2,"9":2,"10":2,"11":2,"12":0,"13":2,"14":2,"15":2,"16":1,"17":17,"18":17,"19":17,"20":1,"21":16,"22":16,"23":1,"24":15,"25":1,"26":17,"27":17,"28":17,"29":17,"30":17,"31":17,"32":17,"33":1,"34":34,"35":34,"36":1,"37":33,"38":33,"39":33,"40":2,"41":31,"42":31,"43":29,"44":29,"45":29,"46":29,"47":0,"48":2,"49":1,"50":2,"51":2,"52":2,"53":0,"54":0,"55":0,"56":0,"57":2,"58":1,"59":5,"60":5,"61":5,"62":5,"63":5,"64":1,"65":0,"66":0,"67":0,"68":0,"69":0,"70":0,"71":0,"72":0,"73":0,"74":0,"75":1,"76":1,"77":1,"78":1,"79":1,"80":1,"81":1,"82":1,"83":1,"84":1,"85":0,"86":0,"87":1,"88":1,"89":1,"90":1},"f":{"0":2,"1":17,"2":17,"3":34,"4":33,"5":2,"6":5,"7":0,"8":1,"9":1},"b":{"0":[2,0],"1":[0,2],"2":[1,16],"3":[1,15],"4":[2,31],"5":[29,0],"6":[0,0],"7":[1,0]},"_coverageSchema":"1a1c01bbd47fc00a2c39e90264f33305004495a9","hash":"cf3f19bbae837e38f363e0b2deda306311090b20","contentHash":"737b1863f36f8c67934d2fabcbaf524ecd8bd59b1cc4ca8a7b35caf93404b9b3"},"D:\\docs\\tpo\\LP234-11\\src\\server\\controller\\EmailController.js":{"path":"D:\\docs\\tpo\\LP234-11\\src\\server\\controller\\EmailController.js","statementMap":{"0":{"start":{"line":1,"column":19},"end":{"line":1,"column":40}},"1":{"start":{"line":2,"column":0},"end":{"line":2,"column":27}},"2":{"start":{"line":4,"column":20},"end":{"line":13,"column":1}},"3":{"start":{"line":15,"column":20},"end":{"line":15,"column":59}},"4":{"start":{"line":17,"column":22},"end":{"line":33,"column":1}},"5":{"start":{"line":18,"column":22},"end":{"line":24,"column":3}},"6":{"start":{"line":27,"column":2},"end":{"line":32,"column":5}},"7":{"start":{"line":28,"column":4},"end":{"line":30,"column":5}},"8":{"start":{"line":29,"column":6},"end":{"line":29,"column":32}},"9":{"start":{"line":31,"column":4},"end":{"line":31,"column":55}},"10":{"start":{"line":35,"column":0},"end":{"line":37,"column":2}}},"fnMap":{"0":{"name":"(anonymous_0)","decl":{"start":{"line":17,"column":22},"end":{"line":17,"column":23}},"loc":{"start":{"line":17,"column":39},"end":{"line":33,"column":1}},"line":17},"1":{"name":"(anonymous_1)","decl":{"start":{"line":27,"column":36},"end":{"line":27,"column":37}},"loc":{"start":{"line":27,"column":59},"end":{"line":32,"column":3}},"line":27}},"branchMap":{"0":{"loc":{"start":{"line":28,"column":4},"end":{"line":30,"column":5}},"type":"if","locations":[{"start":{"line":28,"column":4},"end":{"line":30,"column":5}},{"start":{"line":28,"column":4},"end":{"line":30,"column":5}}],"line":28}},"s":{"0":1,"1":1,"2":1,"3":1,"4":1,"5":2,"6":2,"7":2,"8":0,"9":2,"10":1},"f":{"0":2,"1":2},"b":{"0":[0,2]},"_coverageSchema":"1a1c01bbd47fc00a2c39e90264f33305004495a9","hash":"05a7a00f4bc3be213e95c6d2877e72bbc9dc2ca3","contentHash":"41610459bc18f577a7ba3fce22ab0c177c9501def9f0689cd81f0ec4ca1e03ce"},"D:\\docs\\tpo\\LP234-11\\src\\server\\controller\\ProfileController.js":{"path":"D:\\docs\\tpo\\LP234-11\\src\\server\\controller\\ProfileController.js","statementMap":{"0":{"start":{"line":1,"column":23},"end":{"line":1,"column":54}},"1":{"start":{"line":2,"column":26},"end":{"line":2,"column":50}},"2":{"start":{"line":3,"column":15},"end":{"line":3,"column":32}},"3":{"start":{"line":5,"column":19},"end":{"line":5,"column":21}},"4":{"start":{"line":7,"column":21},"end":{"line":10,"column":1}},"5":{"start":{"line":8,"column":15},"end":{"line":8,"column":47}},"6":{"start":{"line":9,"column":2},"end":{"line":9,"column":43}},"7":{"start":{"line":12,"column":22},"end":{"line":14,"column":1}},"8":{"start":{"line":13,"column":2},"end":{"line":13,"column":71}},"9":{"start":{"line":24,"column":22},"end":{"line":67,"column":1}},"10":{"start":{"line":25,"column":30},"end":{"line":35,"column":3}},"11":{"start":{"line":37,"column":2},"end":{"line":66,"column":3}},"12":{"start":{"line":38,"column":4},"end":{"line":44,"column":5}},"13":{"start":{"line":39,"column":19},"end":{"line":39,"column":76}},"14":{"start":{"line":40,"column":6},"end":{"line":40,"column":43}},"15":{"start":{"line":42,"column":6},"end":{"line":42,"column":23}},"16":{"start":{"line":43,"column":6},"end":{"line":43,"column":19}},"17":{"start":{"line":46,"column":19},"end":{"line":64,"column":6}},"18":{"start":{"line":47,"column":6},"end":{"line":63,"column":7}},"19":{"start":{"line":48,"column":21},"end":{"line":48,"column":71}},"20":{"start":{"line":49,"column":19},"end":{"line":49,"column":26}},"21":{"start":{"line":52,"column":38},"end":{"line":58,"column":9}},"22":{"start":{"line":59,"column":8},"end":{"line":59,"column":63}},"23":{"start":{"line":60,"column":8},"end":{"line":60,"column":23}},"24":{"start":{"line":62,"column":8},"end":{"line":62,"column":23}},"25":{"start":{"line":65,"column":4},"end":{"line":65,"column":18}},"26":{"start":{"line":69,"column":22},"end":{"line":78,"column":1}},"27":{"start":{"line":70,"column":2},"end":{"line":77,"column":3}},"28":{"start":{"line":71,"column":4},"end":{"line":73,"column":20}},"29":{"start":{"line":75,"column":4},"end":{"line":75,"column":19}},"30":{"start":{"line":76,"column":4},"end":{"line":76,"column":22}},"31":{"start":{"line":80,"column":20},"end":{"line":86,"column":1}},"32":{"start":{"line":81,"column":15},"end":{"line":84,"column":34}},"33":{"start":{"line":85,"column":2},"end":{"line":85,"column":39}},"34":{"start":{"line":88,"column":23},"end":{"line":94,"column":1}},"35":{"start":{"line":89,"column":15},"end":{"line":92,"column":26}},"36":{"start":{"line":93,"column":2},"end":{"line":93,"column":39}},"37":{"start":{"line":96,"column":30},"end":{"line":99,"column":1}},"38":{"start":{"line":97,"column":15},"end":{"line":97,"column":42}},"39":{"start":{"line":98,"column":2},"end":{"line":98,"column":29}},"40":{"start":{"line":101,"column":15},"end":{"line":127,"column":1}},"41":{"start":{"line":102,"column":14},"end":{"line":102,"column":29}},"42":{"start":{"line":103,"column":15},"end":{"line":103,"column":51}},"43":{"start":{"line":105,"column":2},"end":{"line":107,"column":3}},"44":{"start":{"line":106,"column":4},"end":{"line":106,"column":63}},"45":{"start":{"line":109,"column":32},"end":{"line":109,"column":36}},"46":{"start":{"line":111,"column":2},"end":{"line":111,"column":88}},"47":{"start":{"line":111,"column":16},"end":{"line":111,"column":88}},"48":{"start":{"line":113,"column":29},"end":{"line":119,"column":3}},"49":{"start":{"line":121,"column":2},"end":{"line":126,"column":3}},"50":{"start":{"line":122,"column":4},"end":{"line":122,"column":55}},"51":{"start":{"line":123,"column":4},"end":{"line":123,"column":58}},"52":{"start":{"line":125,"column":4},"end":{"line":125,"column":50}},"53":{"start":{"line":129,"column":30},"end":{"line":135,"column":1}},"54":{"start":{"line":130,"column":17},"end":{"line":130,"column":34}},"55":{"start":{"line":131,"column":15},"end":{"line":133,"column":34}},"56":{"start":{"line":134,"column":2},"end":{"line":134,"column":32}},"57":{"start":{"line":137,"column":21},"end":{"line":145,"column":1}},"58":{"start":{"line":139,"column":15},"end":{"line":142,"column":34}},"59":{"start":{"line":143,"column":19},"end":{"line":143,"column":44}},"60":{"start":{"line":144,"column":2},"end":{"line":144,"column":18}},"61":{"start":{"line":147,"column":23},"end":{"line":153,"column":1}},"62":{"start":{"line":148,"column":16},"end":{"line":151,"column":34}},"63":{"start":{"line":152,"column":2},"end":{"line":152,"column":18}},"64":{"start":{"line":155,"column":25},"end":{"line":179,"column":1}},"65":{"start":{"line":156,"column":2},"end":{"line":178,"column":3}},"66":{"start":{"line":157,"column":19},"end":{"line":157,"column":36}},"67":{"start":{"line":158,"column":17},"end":{"line":158,"column":42}},"68":{"start":{"line":159,"column":18},"end":{"line":159,"column":22}},"69":{"start":{"line":160,"column":4},"end":{"line":172,"column":5}},"70":{"start":{"line":162,"column":20},"end":{"line":162,"column":48}},"71":{"start":{"line":163,"column":6},"end":{"line":163,"column":48}},"72":{"start":{"line":164,"column":11},"end":{"line":172,"column":5}},"73":{"start":{"line":166,"column":19},"end":{"line":166,"column":45}},"74":{"start":{"line":167,"column":6},"end":{"line":171,"column":8}},"75":{"start":{"line":174,"column":4},"end":{"line":174,"column":41}},"76":{"start":{"line":176,"column":4},"end":{"line":176,"column":19}},"77":{"start":{"line":177,"column":4},"end":{"line":177,"column":76}},"78":{"start":{"line":181,"column":26},"end":{"line":189,"column":1}},"79":{"start":{"line":182,"column":14},"end":{"line":187,"column":21}},"80":{"start":{"line":188,"column":2},"end":{"line":188,"column":25}},"81":{"start":{"line":191,"column":19},"end":{"line":194,"column":1}},"82":{"start":{"line":192,"column":14},"end":{"line":192,"column":74}},"83":{"start":{"line":193,"column":2},"end":{"line":193,"column":37}},"84":{"start":{"line":196,"column":18},"end":{"line":203,"column":1}},"85":{"start":{"line":197,"column":2},"end":{"line":202,"column":3}},"86":{"start":{"line":198,"column":4},"end":{"line":198,"column":68}},"87":{"start":{"line":200,"column":4},"end":{"line":200,"column":19}},"88":{"start":{"line":201,"column":4},"end":{"line":201,"column":22}},"89":{"start":{"line":206,"column":18},"end":{"line":209,"column":1}},"90":{"start":{"line":207,"column":18},"end":{"line":207,"column":70}},"91":{"start":{"line":208,"column":2},"end":{"line":208,"column":17}},"92":{"start":{"line":211,"column":22},"end":{"line":221,"column":1}},"93":{"start":{"line":212,"column":2},"end":{"line":220,"column":3}},"94":{"start":{"line":213,"column":16},"end":{"line":213,"column":39}},"95":{"start":{"line":214,"column":23},"end":{"line":214,"column":51}},"96":{"start":{"line":215,"column":4},"end":{"line":215,"column":32}},"97":{"start":{"line":216,"column":4},"end":{"line":216,"column":16}},"98":{"start":{"line":218,"column":4},"end":{"line":218,"column":19}},"99":{"start":{"line":219,"column":4},"end":{"line":219,"column":17}},"100":{"start":{"line":223,"column":24},"end":{"line":249,"column":1}},"101":{"start":{"line":224,"column":2},"end":{"line":248,"column":3}},"102":{"start":{"line":225,"column":19},"end":{"line":225,"column":36}},"103":{"start":{"line":226,"column":22},"end":{"line":226,"column":30}},"104":{"start":{"line":227,"column":24},"end":{"line":227,"column":62}},"105":{"start":{"line":229,"column":4},"end":{"line":233,"column":5}},"106":{"start":{"line":230,"column":6},"end":{"line":232,"column":64}},"107":{"start":{"line":235,"column":20},"end":{"line":235,"column":46}},"108":{"start":{"line":236,"column":4},"end":{"line":238,"column":5}},"109":{"start":{"line":237,"column":6},"end":{"line":237,"column":75}},"110":{"start":{"line":240,"column":4},"end":{"line":242,"column":67}},"111":{"start":{"line":244,"column":4},"end":{"line":244,"column":19}},"112":{"start":{"line":245,"column":4},"end":{"line":247,"column":67}},"113":{"start":{"line":251,"column":28},"end":{"line":270,"column":1}},"114":{"start":{"line":252,"column":31},"end":{"line":252,"column":39}},"115":{"start":{"line":253,"column":24},"end":{"line":253,"column":47}},"116":{"start":{"line":254,"column":17},"end":{"line":254,"column":34}},"117":{"start":{"line":255,"column":2},"end":{"line":269,"column":3}},"118":{"start":{"line":256,"column":17},"end":{"line":256,"column":42}},"119":{"start":{"line":257,"column":24},"end":{"line":262,"column":5}},"120":{"start":{"line":263,"column":4},"end":{"line":263,"column":37}},"121":{"start":{"line":265,"column":4},"end":{"line":265,"column":76}},"122":{"start":{"line":267,"column":4},"end":{"line":267,"column":19}},"123":{"start":{"line":268,"column":4},"end":{"line":268,"column":68}},"124":{"start":{"line":272,"column":29},"end":{"line":294,"column":1}},"125":{"start":{"line":273,"column":17},"end":{"line":273,"column":34}},"126":{"start":{"line":274,"column":15},"end":{"line":274,"column":40}},"127":{"start":{"line":275,"column":39},"end":{"line":275,"column":47}},"128":{"start":{"line":276,"column":26},"end":{"line":276,"column":70}},"129":{"start":{"line":278,"column":2},"end":{"line":282,"column":3}},"130":{"start":{"line":279,"column":4},"end":{"line":281,"column":77}},"131":{"start":{"line":283,"column":2},"end":{"line":293,"column":3}},"132":{"start":{"line":284,"column":22},"end":{"line":284,"column":53}},"133":{"start":{"line":285,"column":24},"end":{"line":285,"column":53}},"134":{"start":{"line":286,"column":4},"end":{"line":286,"column":37}},"135":{"start":{"line":287,"column":4},"end":{"line":287,"column":77}},"136":{"start":{"line":289,"column":4},"end":{"line":289,"column":19}},"137":{"start":{"line":290,"column":4},"end":{"line":292,"column":72}},"138":{"start":{"line":296,"column":46},"end":{"line":326,"column":1}},"139":{"start":{"line":297,"column":26},"end":{"line":297,"column":68}},"140":{"start":{"line":298,"column":15},"end":{"line":299,"column":41}},"141":{"start":{"line":301,"column":14},"end":{"line":301,"column":27}},"142":{"start":{"line":302,"column":2},"end":{"line":303,"column":74}},"143":{"start":{"line":303,"column":4},"end":{"line":303,"column":74}},"144":{"start":{"line":305,"column":19},"end":{"line":305,"column":38}},"145":{"start":{"line":306,"column":2},"end":{"line":308,"column":3}},"146":{"start":{"line":307,"column":4},"end":{"line":307,"column":17}},"147":{"start":{"line":310,"column":22},"end":{"line":315,"column":3}},"148":{"start":{"line":317,"column":2},"end":{"line":325,"column":3}},"149":{"start":{"line":318,"column":4},"end":{"line":320,"column":27}},"150":{"start":{"line":321,"column":4},"end":{"line":321,"column":15}},"151":{"start":{"line":323,"column":4},"end":{"line":323,"column":19}},"152":{"start":{"line":324,"column":4},"end":{"line":324,"column":16}},"153":{"start":{"line":328,"column":23},"end":{"line":330,"column":1}},"154":{"start":{"line":329,"column":2},"end":{"line":329,"column":28}},"155":{"start":{"line":332,"column":32},"end":{"line":355,"column":1}},"156":{"start":{"line":333,"column":16},"end":{"line":333,"column":17}},"157":{"start":{"line":334,"column":14},"end":{"line":334,"column":15}},"158":{"start":{"line":335,"column":2},"end":{"line":342,"column":3}},"159":{"start":{"line":336,"column":16},"end":{"line":336,"column":49}},"160":{"start":{"line":337,"column":16},"end":{"line":337,"column":44}},"161":{"start":{"line":338,"column":15},"end":{"line":338,"column":48}},"162":{"start":{"line":339,"column":4},"end":{"line":339,"column":40}},"163":{"start":{"line":340,"column":4},"end":{"line":340,"column":20}},"164":{"start":{"line":341,"column":4},"end":{"line":341,"column":12}},"165":{"start":{"line":343,"column":2},"end":{"line":343,"column":28}},"166":{"start":{"line":345,"column":2},"end":{"line":353,"column":3}},"167":{"start":{"line":346,"column":4},"end":{"line":346,"column":16}},"168":{"start":{"line":347,"column":9},"end":{"line":353,"column":3}},"169":{"start":{"line":348,"column":4},"end":{"line":348,"column":16}},"170":{"start":{"line":349,"column":9},"end":{"line":353,"column":3}},"171":{"start":{"line":350,"column":4},"end":{"line":350,"column":16}},"172":{"start":{"line":352,"column":4},"end":{"line":352,"column":16}},"173":{"start":{"line":354,"column":2},"end":{"line":354,"column":17}},"174":{"start":{"line":357,"column":30},"end":{"line":372,"column":1}},"175":{"start":{"line":358,"column":2},"end":{"line":360,"column":3}},"176":{"start":{"line":359,"column":4},"end":{"line":359,"column":17}},"177":{"start":{"line":361,"column":16},"end":{"line":365,"column":39}},"178":{"start":{"line":367,"column":2},"end":{"line":369,"column":3}},"179":{"start":{"line":368,"column":4},"end":{"line":368,"column":17}},"180":{"start":{"line":370,"column":14},"end":{"line":370,"column":50}},"181":{"start":{"line":371,"column":2},"end":{"line":371,"column":27}},"182":{"start":{"line":374,"column":20},"end":{"line":380,"column":1}},"183":{"start":{"line":375,"column":15},"end":{"line":378,"column":34}},"184":{"start":{"line":379,"column":2},"end":{"line":379,"column":39}},"185":{"start":{"line":382,"column":22},"end":{"line":388,"column":1}},"186":{"start":{"line":383,"column":19},"end":{"line":383,"column":36}},"187":{"start":{"line":384,"column":15},"end":{"line":385,"column":38}},"188":{"start":{"line":387,"column":4},"end":{"line":387,"column":38}},"189":{"start":{"line":390,"column":33},"end":{"line":410,"column":1}},"190":{"start":{"line":391,"column":27},"end":{"line":391,"column":70}},"191":{"start":{"line":393,"column":15},"end":{"line":393,"column":83}},"192":{"start":{"line":395,"column":16},"end":{"line":395,"column":78}},"193":{"start":{"line":397,"column":22},"end":{"line":401,"column":3}},"194":{"start":{"line":403,"column":2},"end":{"line":409,"column":3}},"195":{"start":{"line":404,"column":4},"end":{"line":404,"column":93}},"196":{"start":{"line":405,"column":4},"end":{"line":405,"column":16}},"197":{"start":{"line":407,"column":4},"end":{"line":407,"column":19}},"198":{"start":{"line":408,"column":4},"end":{"line":408,"column":17}},"199":{"start":{"line":412,"column":31},"end":{"line":427,"column":1}},"200":{"start":{"line":413,"column":2},"end":{"line":415,"column":3}},"201":{"start":{"line":414,"column":4},"end":{"line":414,"column":17}},"202":{"start":{"line":416,"column":18},"end":{"line":418,"column":23}},"203":{"start":{"line":420,"column":12},"end":{"line":420,"column":13}},"204":{"start":{"line":421,"column":2},"end":{"line":423,"column":3}},"205":{"start":{"line":422,"column":4},"end":{"line":422,"column":27}},"206":{"start":{"line":424,"column":22},"end":{"line":424,"column":54}},"207":{"start":{"line":426,"column":2},"end":{"line":426,"column":23}},"208":{"start":{"line":429,"column":0},"end":{"line":448,"column":2}}},"fnMap":{"0":{"name":"(anonymous_0)","decl":{"start":{"line":7,"column":21},"end":{"line":7,"column":22}},"loc":{"start":{"line":7,"column":41},"end":{"line":10,"column":1}},"line":7},"1":{"name":"(anonymous_1)","decl":{"start":{"line":12,"column":22},"end":{"line":12,"column":23}},"loc":{"start":{"line":12,"column":53},"end":{"line":14,"column":1}},"line":12},"2":{"name":"(anonymous_2)","decl":{"start":{"line":24,"column":22},"end":{"line":24,"column":23}},"loc":{"start":{"line":24,"column":38},"end":{"line":67,"column":1}},"line":24},"3":{"name":"(anonymous_3)","decl":{"start":{"line":46,"column":48},"end":{"line":46,"column":49}},"loc":{"start":{"line":46,"column":63},"end":{"line":64,"column":5}},"line":46},"4":{"name":"(anonymous_4)","decl":{"start":{"line":69,"column":22},"end":{"line":69,"column":23}},"loc":{"start":{"line":69,"column":38},"end":{"line":78,"column":1}},"line":69},"5":{"name":"(anonymous_5)","decl":{"start":{"line":80,"column":20},"end":{"line":80,"column":21}},"loc":{"start":{"line":80,"column":38},"end":{"line":86,"column":1}},"line":80},"6":{"name":"(anonymous_6)","decl":{"start":{"line":88,"column":23},"end":{"line":88,"column":24}},"loc":{"start":{"line":88,"column":40},"end":{"line":94,"column":1}},"line":88},"7":{"name":"(anonymous_7)","decl":{"start":{"line":96,"column":30},"end":{"line":96,"column":31}},"loc":{"start":{"line":96,"column":47},"end":{"line":99,"column":1}},"line":96},"8":{"name":"(anonymous_8)","decl":{"start":{"line":101,"column":15},"end":{"line":101,"column":16}},"loc":{"start":{"line":101,"column":35},"end":{"line":127,"column":1}},"line":101},"9":{"name":"(anonymous_9)","decl":{"start":{"line":129,"column":30},"end":{"line":129,"column":31}},"loc":{"start":{"line":129,"column":50},"end":{"line":135,"column":1}},"line":129},"10":{"name":"(anonymous_10)","decl":{"start":{"line":137,"column":21},"end":{"line":137,"column":22}},"loc":{"start":{"line":137,"column":39},"end":{"line":145,"column":1}},"line":137},"11":{"name":"(anonymous_11)","decl":{"start":{"line":147,"column":23},"end":{"line":147,"column":24}},"loc":{"start":{"line":147,"column":41},"end":{"line":153,"column":1}},"line":147},"12":{"name":"(anonymous_12)","decl":{"start":{"line":155,"column":25},"end":{"line":155,"column":26}},"loc":{"start":{"line":155,"column":45},"end":{"line":179,"column":1}},"line":155},"13":{"name":"(anonymous_13)","decl":{"start":{"line":181,"column":26},"end":{"line":181,"column":27}},"loc":{"start":{"line":181,"column":51},"end":{"line":189,"column":1}},"line":181},"14":{"name":"(anonymous_14)","decl":{"start":{"line":191,"column":19},"end":{"line":191,"column":20}},"loc":{"start":{"line":191,"column":36},"end":{"line":194,"column":1}},"line":191},"15":{"name":"(anonymous_15)","decl":{"start":{"line":196,"column":18},"end":{"line":196,"column":19}},"loc":{"start":{"line":196,"column":33},"end":{"line":203,"column":1}},"line":196},"16":{"name":"(anonymous_16)","decl":{"start":{"line":206,"column":18},"end":{"line":206,"column":19}},"loc":{"start":{"line":206,"column":35},"end":{"line":209,"column":1}},"line":206},"17":{"name":"(anonymous_17)","decl":{"start":{"line":211,"column":22},"end":{"line":211,"column":23}},"loc":{"start":{"line":211,"column":39},"end":{"line":221,"column":1}},"line":211},"18":{"name":"(anonymous_18)","decl":{"start":{"line":223,"column":24},"end":{"line":223,"column":25}},"loc":{"start":{"line":223,"column":44},"end":{"line":249,"column":1}},"line":223},"19":{"name":"(anonymous_19)","decl":{"start":{"line":251,"column":28},"end":{"line":251,"column":29}},"loc":{"start":{"line":251,"column":48},"end":{"line":270,"column":1}},"line":251},"20":{"name":"(anonymous_20)","decl":{"start":{"line":272,"column":29},"end":{"line":272,"column":30}},"loc":{"start":{"line":272,"column":49},"end":{"line":294,"column":1}},"line":272},"21":{"name":"(anonymous_21)","decl":{"start":{"line":296,"column":46},"end":{"line":296,"column":47}},"loc":{"start":{"line":296,"column":85},"end":{"line":326,"column":1}},"line":296},"22":{"name":"(anonymous_22)","decl":{"start":{"line":328,"column":23},"end":{"line":328,"column":24}},"loc":{"start":{"line":328,"column":52},"end":{"line":330,"column":1}},"line":328},"23":{"name":"(anonymous_23)","decl":{"start":{"line":332,"column":32},"end":{"line":332,"column":33}},"loc":{"start":{"line":332,"column":49},"end":{"line":355,"column":1}},"line":332},"24":{"name":"(anonymous_24)","decl":{"start":{"line":357,"column":30},"end":{"line":357,"column":31}},"loc":{"start":{"line":357,"column":56},"end":{"line":372,"column":1}},"line":357},"25":{"name":"(anonymous_25)","decl":{"start":{"line":374,"column":20},"end":{"line":374,"column":21}},"loc":{"start":{"line":374,"column":38},"end":{"line":380,"column":1}},"line":374},"26":{"name":"(anonymous_26)","decl":{"start":{"line":382,"column":22},"end":{"line":382,"column":23}},"loc":{"start":{"line":382,"column":42},"end":{"line":388,"column":1}},"line":382},"27":{"name":"(anonymous_27)","decl":{"start":{"line":390,"column":33},"end":{"line":390,"column":34}},"loc":{"start":{"line":390,"column":58},"end":{"line":410,"column":1}},"line":390},"28":{"name":"(anonymous_28)","decl":{"start":{"line":412,"column":31},"end":{"line":412,"column":32}},"loc":{"start":{"line":412,"column":56},"end":{"line":427,"column":1}},"line":412}},"branchMap":{"0":{"loc":{"start":{"line":37,"column":2},"end":{"line":66,"column":3}},"type":"if","locations":[{"start":{"line":37,"column":2},"end":{"line":66,"column":3}},{"start":{"line":37,"column":2},"end":{"line":66,"column":3}}],"line":37},"1":{"loc":{"start":{"line":40,"column":13},"end":{"line":40,"column":42}},"type":"cond-expr","locations":[{"start":{"line":40,"column":27},"end":{"line":40,"column":34}},{"start":{"line":40,"column":37},"end":{"line":40,"column":42}}],"line":40},"2":{"loc":{"start":{"line":85,"column":9},"end":{"line":85,"column":38}},"type":"cond-expr","locations":[{"start":{"line":85,"column":23},"end":{"line":85,"column":30}},{"start":{"line":85,"column":33},"end":{"line":85,"column":38}}],"line":85},"3":{"loc":{"start":{"line":93,"column":9},"end":{"line":93,"column":38}},"type":"cond-expr","locations":[{"start":{"line":93,"column":23},"end":{"line":93,"column":30}},{"start":{"line":93,"column":33},"end":{"line":93,"column":38}}],"line":93},"4":{"loc":{"start":{"line":98,"column":9},"end":{"line":98,"column":28}},"type":"cond-expr","locations":[{"start":{"line":98,"column":16},"end":{"line":98,"column":21}},{"start":{"line":98,"column":24},"end":{"line":98,"column":28}}],"line":98},"5":{"loc":{"start":{"line":105,"column":2},"end":{"line":107,"column":3}},"type":"if","locations":[{"start":{"line":105,"column":2},"end":{"line":107,"column":3}},{"start":{"line":105,"column":2},"end":{"line":107,"column":3}}],"line":105},"6":{"loc":{"start":{"line":111,"column":2},"end":{"line":111,"column":88}},"type":"if","locations":[{"start":{"line":111,"column":2},"end":{"line":111,"column":88}},{"start":{"line":111,"column":2},"end":{"line":111,"column":88}}],"line":111},"7":{"loc":{"start":{"line":160,"column":4},"end":{"line":172,"column":5}},"type":"if","locations":[{"start":{"line":160,"column":4},"end":{"line":172,"column":5}},{"start":{"line":160,"column":4},"end":{"line":172,"column":5}}],"line":160},"8":{"loc":{"start":{"line":164,"column":11},"end":{"line":172,"column":5}},"type":"if","locations":[{"start":{"line":164,"column":11},"end":{"line":172,"column":5}},{"start":{"line":164,"column":11},"end":{"line":172,"column":5}}],"line":164},"9":{"loc":{"start":{"line":193,"column":9},"end":{"line":193,"column":36}},"type":"cond-expr","locations":[{"start":{"line":193,"column":22},"end":{"line":193,"column":28}},{"start":{"line":193,"column":31},"end":{"line":193,"column":36}}],"line":193},"10":{"loc":{"start":{"line":229,"column":4},"end":{"line":233,"column":5}},"type":"if","locations":[{"start":{"line":229,"column":4},"end":{"line":233,"column":5}},{"start":{"line":229,"column":4},"end":{"line":233,"column":5}}],"line":229},"11":{"loc":{"start":{"line":236,"column":4},"end":{"line":238,"column":5}},"type":"if","locations":[{"start":{"line":236,"column":4},"end":{"line":238,"column":5}},{"start":{"line":236,"column":4},"end":{"line":238,"column":5}}],"line":236},"12":{"loc":{"start":{"line":253,"column":24},"end":{"line":253,"column":47}},"type":"cond-expr","locations":[{"start":{"line":253,"column":37},"end":{"line":253,"column":40}},{"start":{"line":253,"column":43},"end":{"line":253,"column":47}}],"line":253},"13":{"loc":{"start":{"line":278,"column":2},"end":{"line":282,"column":3}},"type":"if","locations":[{"start":{"line":278,"column":2},"end":{"line":282,"column":3}},{"start":{"line":278,"column":2},"end":{"line":282,"column":3}}],"line":278},"14":{"loc":{"start":{"line":302,"column":2},"end":{"line":303,"column":74}},"type":"if","locations":[{"start":{"line":302,"column":2},"end":{"line":303,"column":74}},{"start":{"line":302,"column":2},"end":{"line":303,"column":74}}],"line":302},"15":{"loc":{"start":{"line":306,"column":2},"end":{"line":308,"column":3}},"type":"if","locations":[{"start":{"line":306,"column":2},"end":{"line":308,"column":3}},{"start":{"line":306,"column":2},"end":{"line":308,"column":3}}],"line":306},"16":{"loc":{"start":{"line":345,"column":2},"end":{"line":353,"column":3}},"type":"if","locations":[{"start":{"line":345,"column":2},"end":{"line":353,"column":3}},{"start":{"line":345,"column":2},"end":{"line":353,"column":3}}],"line":345},"17":{"loc":{"start":{"line":347,"column":9},"end":{"line":353,"column":3}},"type":"if","locations":[{"start":{"line":347,"column":9},"end":{"line":353,"column":3}},{"start":{"line":347,"column":9},"end":{"line":353,"column":3}}],"line":347},"18":{"loc":{"start":{"line":349,"column":9},"end":{"line":353,"column":3}},"type":"if","locations":[{"start":{"line":349,"column":9},"end":{"line":353,"column":3}},{"start":{"line":349,"column":9},"end":{"line":353,"column":3}}],"line":349},"19":{"loc":{"start":{"line":358,"column":2},"end":{"line":360,"column":3}},"type":"if","locations":[{"start":{"line":358,"column":2},"end":{"line":360,"column":3}},{"start":{"line":358,"column":2},"end":{"line":360,"column":3}}],"line":358},"20":{"loc":{"start":{"line":367,"column":2},"end":{"line":369,"column":3}},"type":"if","locations":[{"start":{"line":367,"column":2},"end":{"line":369,"column":3}},{"start":{"line":367,"column":2},"end":{"line":369,"column":3}}],"line":367},"21":{"loc":{"start":{"line":371,"column":9},"end":{"line":371,"column":26}},"type":"cond-expr","locations":[{"start":{"line":371,"column":15},"end":{"line":371,"column":18}},{"start":{"line":371,"column":21},"end":{"line":371,"column":26}}],"line":371},"22":{"loc":{"start":{"line":379,"column":9},"end":{"line":379,"column":38}},"type":"cond-expr","locations":[{"start":{"line":379,"column":23},"end":{"line":379,"column":30}},{"start":{"line":379,"column":33},"end":{"line":379,"column":38}}],"line":379},"23":{"loc":{"start":{"line":413,"column":2},"end":{"line":415,"column":3}},"type":"if","locations":[{"start":{"line":413,"column":2},"end":{"line":415,"column":3}},{"start":{"line":413,"column":2},"end":{"line":415,"column":3}}],"line":413}},"s":{"0":1,"1":1,"2":1,"3":1,"4":1,"5":2,"6":2,"7":1,"8":16,"9":1,"10":2,"11":2,"12":1,"13":1,"14":1,"15":0,"16":0,"17":1,"18":1,"19":1,"20":1,"21":1,"22":1,"23":1,"24":0,"25":1,"26":1,"27":4,"28":4,"29":0,"30":0,"31":1,"32":28,"33":28,"34":1,"35":21,"36":21,"37":1,"38":4,"39":4,"40":1,"41":2,"42":2,"43":2,"44":0,"45":2,"46":2,"47":1,"48":1,"49":1,"50":1,"51":1,"52":0,"53":1,"54":1,"55":1,"56":1,"57":1,"58":1,"59":1,"60":1,"61":1,"62":1,"63":1,"64":1,"65":2,"66":2,"67":2,"68":2,"69":2,"70":1,"71":1,"72":1,"73":1,"74":1,"75":2,"76":0,"77":0,"78":1,"79":0,"80":0,"81":1,"82":0,"83":0,"84":1,"85":0,"86":0,"87":0,"88":0,"89":1,"90":0,"91":0,"92":1,"93":0,"94":0,"95":0,"96":0,"97":0,"98":0,"99":0,"100":1,"101":0,"102":0,"103":0,"104":0,"105":0,"106":0,"107":0,"108":0,"109":0,"110":0,"111":0,"112":0,"113":1,"114":2,"115":2,"116":2,"117":2,"118":2,"119":2,"120":2,"121":2,"122":0,"123":0,"124":1,"125":0,"126":0,"127":0,"128":0,"129":0,"130":0,"131":0,"132":0,"133":0,"134":0,"135":0,"136":0,"137":0,"138":1,"139":0,"140":0,"141":0,"142":0,"143":0,"144":0,"145":0,"146":0,"147":0,"148":0,"149":0,"150":0,"151":0,"152":0,"153":1,"154":1,"155":1,"156":0,"157":0,"158":0,"159":0,"160":0,"161":0,"162":0,"163":0,"164":0,"165":0,"166":0,"167":0,"168":0,"169":0,"170":0,"171":0,"172":0,"173":0,"174":1,"175":0,"176":0,"177":0,"178":0,"179":0,"180":0,"181":0,"182":1,"183":24,"184":24,"185":1,"186":0,"187":0,"188":0,"189":1,"190":1,"191":1,"192":1,"193":1,"194":1,"195":1,"196":1,"197":0,"198":0,"199":1,"200":1,"201":0,"202":1,"203":1,"204":1,"205":13,"206":1,"207":1,"208":1},"f":{"0":2,"1":16,"2":2,"3":1,"4":4,"5":28,"6":21,"7":4,"8":2,"9":1,"10":1,"11":1,"12":2,"13":0,"14":0,"15":0,"16":0,"17":0,"18":0,"19":2,"20":0,"21":0,"22":1,"23":0,"24":0,"25":24,"26":0,"27":1,"28":1},"b":{"0":[1,1],"1":[1,0],"2":[28,0],"3":[17,4],"4":[1,3],"5":[0,2],"6":[1,1],"7":[1,1],"8":[1,0],"9":[0,0],"10":[0,0],"11":[0,0],"12":[2,0],"13":[0,0],"14":[0,0],"15":[0,0],"16":[0,0],"17":[0,0],"18":[0,0],"19":[0,0],"20":[0,0],"21":[0,0],"22":[24,0],"23":[0,1]},"_coverageSchema":"1a1c01bbd47fc00a2c39e90264f33305004495a9","hash":"4063a3f0c8e48eeccebf206ff9439464f25bad16","contentHash":"f8f07cb449f9745ccce69a6ce70ef580d929fdc6a383ea7c487bae97027cce7e"},"D:\\docs\\tpo\\LP234-11\\src\\server\\DB\\BazaTransakcij.js":{"path":"D:\\docs\\tpo\\LP234-11\\src\\server\\DB\\BazaTransakcij.js","statementMap":{"0":{"start":{"line":1,"column":13},"end":{"line":1,"column":28}},"1":{"start":{"line":2,"column":0},"end":{"line":2,"column":27}},"2":{"start":{"line":4,"column":19},"end":{"line":15,"column":2}},"3":{"start":{"line":17,"column":23},"end":{"line":19,"column":1}},"4":{"start":{"line":18,"column":2},"end":{"line":18,"column":52}},"5":{"start":{"line":21,"column":0},"end":{"line":24,"column":2}}},"fnMap":{"0":{"name":"(anonymous_0)","decl":{"start":{"line":17,"column":23},"end":{"line":17,"column":24}},"loc":{"start":{"line":17,"column":35},"end":{"line":19,"column":1}},"line":17}},"branchMap":{},"s":{"0":1,"1":1,"2":1,"3":1,"4":0,"5":1},"f":{"0":0},"b":{},"_coverageSchema":"1a1c01bbd47fc00a2c39e90264f33305004495a9","hash":"3091585d84e5b8b5aa456b190263595ba0179556","contentHash":"2d1ce84279336b4fe92d107363d3c3c86cf5bb63e354e7a266361c7997b35bcf"},"D:\\docs\\tpo\\LP234-11\\src\\server\\controller\\PasmeFasada.js":{"path":"D:\\docs\\tpo\\LP234-11\\src\\server\\controller\\PasmeFasada.js","statementMap":{"0":{"start":{"line":1,"column":14},"end":{"line":1,"column":30}},"1":{"start":{"line":2,"column":41},"end":{"line":2,"column":67}},"2":{"start":{"line":3,"column":0},"end":{"line":3,"column":27}},"3":{"start":{"line":5,"column":12},"end":{"line":5,"column":83}},"4":{"start":{"line":7,"column":20},"end":{"line":20,"column":1}},"5":{"start":{"line":8,"column":18},"end":{"line":8,"column":29}},"6":{"start":{"line":9,"column":15},"end":{"line":9,"column":26}},"7":{"start":{"line":10,"column":2},"end":{"line":18,"column":3}},"8":{"start":{"line":11,"column":16},"end":{"line":11,"column":18}},"9":{"start":{"line":12,"column":4},"end":{"line":12,"column":34}},"10":{"start":{"line":13,"column":4},"end":{"line":13,"column":37}},"11":{"start":{"line":14,"column":4},"end":{"line":14,"column":46}},"12":{"start":{"line":15,"column":4},"end":{"line":15,"column":43}},"13":{"start":{"line":16,"column":4},"end":{"line":16,"column":41}},"14":{"start":{"line":17,"column":4},"end":{"line":17,"column":26}},"15":{"start":{"line":19,"column":2},"end":{"line":19,"column":19}},"16":{"start":{"line":22,"column":24},"end":{"line":27,"column":1}},"17":{"start":{"line":23,"column":17},"end":{"line":23,"column":37}},"18":{"start":{"line":24,"column":2},"end":{"line":24,"column":28}},"19":{"start":{"line":24,"column":15},"end":{"line":24,"column":28}},"20":{"start":{"line":25,"column":14},"end":{"line":25,"column":39}},"21":{"start":{"line":26,"column":2},"end":{"line":26,"column":13}},"22":{"start":{"line":29,"column":17},"end":{"line":45,"column":1}},"23":{"start":{"line":30,"column":2},"end":{"line":44,"column":3}},"24":{"start":{"line":31,"column":17},"end":{"line":31,"column":38}},"25":{"start":{"line":32,"column":4},"end":{"line":34,"column":5}},"26":{"start":{"line":33,"column":6},"end":{"line":33,"column":39}},"27":{"start":{"line":36,"column":4},"end":{"line":38,"column":5}},"28":{"start":{"line":37,"column":6},"end":{"line":37,"column":70}},"29":{"start":{"line":39,"column":4},"end":{"line":39,"column":26}},"30":{"start":{"line":40,"column":4},"end":{"line":40,"column":44}},"31":{"start":{"line":42,"column":4},"end":{"line":42,"column":21}},"32":{"start":{"line":43,"column":4},"end":{"line":43,"column":50}},"33":{"start":{"line":47,"column":21},"end":{"line":75,"column":1}},"34":{"start":{"line":48,"column":2},"end":{"line":74,"column":3}},"35":{"start":{"line":49,"column":17},"end":{"line":49,"column":38}},"36":{"start":{"line":50,"column":4},"end":{"line":52,"column":5}},"37":{"start":{"line":51,"column":6},"end":{"line":51,"column":39}},"38":{"start":{"line":54,"column":4},"end":{"line":56,"column":5}},"39":{"start":{"line":55,"column":6},"end":{"line":55,"column":19}},"40":{"start":{"line":57,"column":4},"end":{"line":57,"column":26}},"41":{"start":{"line":60,"column":4},"end":{"line":69,"column":5}},"42":{"start":{"line":61,"column":6},"end":{"line":61,"column":31}},"43":{"start":{"line":63,"column":6},"end":{"line":68,"column":7}},"44":{"start":{"line":64,"column":8},"end":{"line":67,"column":9}},"45":{"start":{"line":65,"column":10},"end":{"line":65,"column":28}},"46":{"start":{"line":66,"column":10},"end":{"line":66,"column":16}},"47":{"start":{"line":70,"column":4},"end":{"line":70,"column":17}},"48":{"start":{"line":72,"column":4},"end":{"line":72,"column":21}},"49":{"start":{"line":73,"column":4},"end":{"line":73,"column":17}},"50":{"start":{"line":77,"column":22},"end":{"line":96,"column":1}},"51":{"start":{"line":78,"column":2},"end":{"line":95,"column":3}},"52":{"start":{"line":79,"column":20},"end":{"line":79,"column":22}},"53":{"start":{"line":80,"column":4},"end":{"line":90,"column":5}},"54":{"start":{"line":81,"column":6},"end":{"line":89,"column":7}},"55":{"start":{"line":82,"column":22},"end":{"line":82,"column":60}},"56":{"start":{"line":83,"column":33},"end":{"line":83,"column":56}},"57":{"start":{"line":84,"column":8},"end":{"line":84,"column":39}},"58":{"start":{"line":86,"column":27},"end":{"line":86,"column":109}},"59":{"start":{"line":87,"column":36},"end":{"line":87,"column":69}},"60":{"start":{"line":88,"column":8},"end":{"line":88,"column":42}},"61":{"start":{"line":91,"column":4},"end":{"line":91,"column":19}},"62":{"start":{"line":93,"column":4},"end":{"line":93,"column":21}},"63":{"start":{"line":94,"column":4},"end":{"line":94,"column":17}},"64":{"start":{"line":98,"column":0},"end":{"line":102,"column":2}}},"fnMap":{"0":{"name":"(anonymous_0)","decl":{"start":{"line":7,"column":20},"end":{"line":7,"column":21}},"loc":{"start":{"line":7,"column":38},"end":{"line":20,"column":1}},"line":7},"1":{"name":"(anonymous_1)","decl":{"start":{"line":22,"column":24},"end":{"line":22,"column":25}},"loc":{"start":{"line":22,"column":36},"end":{"line":27,"column":1}},"line":22},"2":{"name":"(anonymous_2)","decl":{"start":{"line":29,"column":17},"end":{"line":29,"column":18}},"loc":{"start":{"line":29,"column":37},"end":{"line":45,"column":1}},"line":29},"3":{"name":"(anonymous_3)","decl":{"start":{"line":47,"column":21},"end":{"line":47,"column":22}},"loc":{"start":{"line":47,"column":41},"end":{"line":75,"column":1}},"line":47},"4":{"name":"(anonymous_4)","decl":{"start":{"line":77,"column":22},"end":{"line":77,"column":23}},"loc":{"start":{"line":77,"column":38},"end":{"line":96,"column":1}},"line":77}},"branchMap":{"0":{"loc":{"start":{"line":24,"column":2},"end":{"line":24,"column":28}},"type":"if","locations":[{"start":{"line":24,"column":2},"end":{"line":24,"column":28}},{"start":{"line":24,"column":2},"end":{"line":24,"column":28}}],"line":24},"1":{"loc":{"start":{"line":32,"column":4},"end":{"line":34,"column":5}},"type":"if","locations":[{"start":{"line":32,"column":4},"end":{"line":34,"column":5}},{"start":{"line":32,"column":4},"end":{"line":34,"column":5}}],"line":32},"2":{"loc":{"start":{"line":36,"column":4},"end":{"line":38,"column":5}},"type":"if","locations":[{"start":{"line":36,"column":4},"end":{"line":38,"column":5}},{"start":{"line":36,"column":4},"end":{"line":38,"column":5}}],"line":36},"3":{"loc":{"start":{"line":50,"column":4},"end":{"line":52,"column":5}},"type":"if","locations":[{"start":{"line":50,"column":4},"end":{"line":52,"column":5}},{"start":{"line":50,"column":4},"end":{"line":52,"column":5}}],"line":50},"4":{"loc":{"start":{"line":54,"column":4},"end":{"line":56,"column":5}},"type":"if","locations":[{"start":{"line":54,"column":4},"end":{"line":56,"column":5}},{"start":{"line":54,"column":4},"end":{"line":56,"column":5}}],"line":54},"5":{"loc":{"start":{"line":60,"column":4},"end":{"line":69,"column":5}},"type":"if","locations":[{"start":{"line":60,"column":4},"end":{"line":69,"column":5}},{"start":{"line":60,"column":4},"end":{"line":69,"column":5}}],"line":60},"6":{"loc":{"start":{"line":64,"column":8},"end":{"line":67,"column":9}},"type":"if","locations":[{"start":{"line":64,"column":8},"end":{"line":67,"column":9}},{"start":{"line":64,"column":8},"end":{"line":67,"column":9}}],"line":64},"7":{"loc":{"start":{"line":81,"column":6},"end":{"line":89,"column":7}},"type":"if","locations":[{"start":{"line":81,"column":6},"end":{"line":89,"column":7}},{"start":{"line":81,"column":6},"end":{"line":89,"column":7}}],"line":81}},"s":{"0":1,"1":1,"2":1,"3":1,"4":1,"5":0,"6":0,"7":0,"8":0,"9":0,"10":0,"11":0,"12":0,"13":0,"14":0,"15":0,"16":1,"17":0,"18":0,"19":0,"20":0,"21":0,"22":1,"23":1,"24":1,"25":1,"26":0,"27":1,"28":0,"29":1,"30":1,"31":0,"32":0,"33":1,"34":42,"35":42,"36":42,"37":0,"38":42,"39":0,"40":42,"41":42,"42":0,"43":42,"44":83,"45":42,"46":42,"47":42,"48":0,"49":0,"50":1,"51":2,"52":2,"53":2,"54":42,"55":42,"56":42,"57":42,"58":0,"59":0,"60":0,"61":2,"62":0,"63":0,"64":1},"f":{"0":0,"1":0,"2":1,"3":42,"4":2},"b":{"0":[0,0],"1":[0,1],"2":[0,1],"3":[0,42],"4":[0,42],"5":[0,42],"6":[42,41],"7":[42,0]},"_coverageSchema":"1a1c01bbd47fc00a2c39e90264f33305004495a9","hash":"746e873775840b2ffa01cc3537bffc67ffd27df4","contentHash":"18d510ed0bb14cf27c99c0c8ae5eac24c7f119ca3f23718da43415db01a40e86"},"D:\\docs\\tpo\\LP234-11\\src\\server\\controller\\Predpomnilnik.js":{"path":"D:\\docs\\tpo\\LP234-11\\src\\server\\controller\\Predpomnilnik.js","statementMap":{"0":{"start":{"line":1,"column":14},"end":{"line":1,"column":30}},"1":{"start":{"line":3,"column":16},"end":{"line":3,"column":37}},"2":{"start":{"line":5,"column":22},"end":{"line":20,"column":1}},"3":{"start":{"line":6,"column":25},"end":{"line":18,"column":6}},"4":{"start":{"line":7,"column":8},"end":{"line":17,"column":11}},"5":{"start":{"line":8,"column":12},"end":{"line":16,"column":13}},"6":{"start":{"line":9,"column":16},"end":{"line":9,"column":33}},"7":{"start":{"line":10,"column":16},"end":{"line":10,"column":31}},"8":{"start":{"line":11,"column":19},"end":{"line":16,"column":13}},"9":{"start":{"line":12,"column":29},"end":{"line":12,"column":55}},"10":{"start":{"line":13,"column":16},"end":{"line":13,"column":32}},"11":{"start":{"line":15,"column":16},"end":{"line":15,"column":31}},"12":{"start":{"line":19,"column":4},"end":{"line":19,"column":26}},"13":{"start":{"line":22,"column":22},"end":{"line":36,"column":1}},"14":{"start":{"line":23,"column":25},"end":{"line":34,"column":6}},"15":{"start":{"line":24,"column":8},"end":{"line":33,"column":11}},"16":{"start":{"line":25,"column":12},"end":{"line":32,"column":13}},"17":{"start":{"line":26,"column":16},"end":{"line":26,"column":33}},"18":{"start":{"line":27,"column":16},"end":{"line":27,"column":31}},"19":{"start":{"line":28,"column":19},"end":{"line":32,"column":13}},"20":{"start":{"line":29,"column":16},"end":{"line":29,"column":29}},"21":{"start":{"line":31,"column":16},"end":{"line":31,"column":31}},"22":{"start":{"line":35,"column":4},"end":{"line":35,"column":26}},"23":{"start":{"line":38,"column":0},"end":{"line":42,"column":1}}},"fnMap":{"0":{"name":"(anonymous_0)","decl":{"start":{"line":5,"column":22},"end":{"line":5,"column":23}},"loc":{"start":{"line":5,"column":33},"end":{"line":20,"column":1}},"line":5},"1":{"name":"(anonymous_1)","decl":{"start":{"line":6,"column":37},"end":{"line":6,"column":38}},"loc":{"start":{"line":6,"column":58},"end":{"line":18,"column":5}},"line":6},"2":{"name":"(anonymous_2)","decl":{"start":{"line":7,"column":31},"end":{"line":7,"column":32}},"loc":{"start":{"line":7,"column":50},"end":{"line":17,"column":9}},"line":7},"3":{"name":"(anonymous_3)","decl":{"start":{"line":22,"column":22},"end":{"line":22,"column":23}},"loc":{"start":{"line":22,"column":39},"end":{"line":36,"column":1}},"line":22},"4":{"name":"(anonymous_4)","decl":{"start":{"line":23,"column":37},"end":{"line":23,"column":38}},"loc":{"start":{"line":23,"column":58},"end":{"line":34,"column":5}},"line":23},"5":{"name":"(anonymous_5)","decl":{"start":{"line":24,"column":72},"end":{"line":24,"column":73}},"loc":{"start":{"line":24,"column":91},"end":{"line":33,"column":9}},"line":24}},"branchMap":{"0":{"loc":{"start":{"line":8,"column":12},"end":{"line":16,"column":13}},"type":"if","locations":[{"start":{"line":8,"column":12},"end":{"line":16,"column":13}},{"start":{"line":8,"column":12},"end":{"line":16,"column":13}}],"line":8},"1":{"loc":{"start":{"line":11,"column":19},"end":{"line":16,"column":13}},"type":"if","locations":[{"start":{"line":11,"column":19},"end":{"line":16,"column":13}},{"start":{"line":11,"column":19},"end":{"line":16,"column":13}}],"line":11},"2":{"loc":{"start":{"line":25,"column":12},"end":{"line":32,"column":13}},"type":"if","locations":[{"start":{"line":25,"column":12},"end":{"line":32,"column":13}},{"start":{"line":25,"column":12},"end":{"line":32,"column":13}}],"line":25},"3":{"loc":{"start":{"line":28,"column":19},"end":{"line":32,"column":13}},"type":"if","locations":[{"start":{"line":28,"column":19},"end":{"line":32,"column":13}},{"start":{"line":28,"column":19},"end":{"line":32,"column":13}}],"line":28}},"s":{"0":1,"1":1,"2":1,"3":43,"4":43,"5":43,"6":0,"7":0,"8":43,"9":43,"10":43,"11":0,"12":43,"13":1,"14":43,"15":43,"16":42,"17":0,"18":0,"19":42,"20":42,"21":0,"22":43,"23":1},"f":{"0":43,"1":43,"2":43,"3":43,"4":43,"5":42},"b":{"0":[0,43],"1":[43,0],"2":[0,42],"3":[42,0]},"_coverageSchema":"1a1c01bbd47fc00a2c39e90264f33305004495a9","hash":"34b8d42db3371e1c781992ce56dfc332bcd01f31","contentHash":"469d7d8709ed06da4e43422dda6fa64df55d957a9e1484b910881a41e8ae69e3"},"D:\\docs\\tpo\\LP234-11\\src\\server\\controller\\SprehodController.js":{"path":"D:\\docs\\tpo\\LP234-11\\src\\server\\controller\\SprehodController.js","statementMap":{"0":{"start":{"line":1,"column":17},"end":{"line":1,"column":45}},"1":{"start":{"line":2,"column":23},"end":{"line":2,"column":54}},"2":{"start":{"line":3,"column":40},"end":{"line":3,"column":64}},"3":{"start":{"line":8,"column":4},"end":{"line":8,"column":34}},"4":{"start":{"line":10,"column":24},"end":{"line":51,"column":1}},"5":{"start":{"line":11,"column":15},"end":{"line":11,"column":30}},"6":{"start":{"line":13,"column":17},"end":{"line":13,"column":30}},"7":{"start":{"line":14,"column":14},"end":{"line":14,"column":24}},"8":{"start":{"line":15,"column":19},"end":{"line":15,"column":36}},"9":{"start":{"line":18,"column":2},"end":{"line":20,"column":3}},"10":{"start":{"line":19,"column":4},"end":{"line":19,"column":79}},"11":{"start":{"line":22,"column":22},"end":{"line":22,"column":54}},"12":{"start":{"line":23,"column":23},"end":{"line":23,"column":61}},"13":{"start":{"line":24,"column":20},"end":{"line":24,"column":52}},"14":{"start":{"line":26,"column":2},"end":{"line":28,"column":3}},"15":{"start":{"line":27,"column":4},"end":{"line":27,"column":72}},"16":{"start":{"line":30,"column":14},"end":{"line":30,"column":24}},"17":{"start":{"line":31,"column":2},"end":{"line":31,"column":44}},"18":{"start":{"line":33,"column":33},"end":{"line":42,"column":3}},"19":{"start":{"line":44,"column":2},"end":{"line":50,"column":3}},"20":{"start":{"line":45,"column":16},"end":{"line":45,"column":74}},"21":{"start":{"line":47,"column":4},"end":{"line":47,"column":107}},"22":{"start":{"line":49,"column":4},"end":{"line":49,"column":50}},"23":{"start":{"line":53,"column":21},"end":{"line":75,"column":1}},"24":{"start":{"line":55,"column":35},"end":{"line":55,"column":43}},"25":{"start":{"line":56,"column":17},"end":{"line":56,"column":34}},"26":{"start":{"line":58,"column":14},"end":{"line":58,"column":24}},"27":{"start":{"line":59,"column":2},"end":{"line":59,"column":44}},"28":{"start":{"line":60,"column":23},"end":{"line":60,"column":65}},"29":{"start":{"line":61,"column":2},"end":{"line":65,"column":3}},"30":{"start":{"line":62,"column":4},"end":{"line":64,"column":79}},"31":{"start":{"line":68,"column":2},"end":{"line":74,"column":3}},"32":{"start":{"line":69,"column":4},"end":{"line":69,"column":53}},"33":{"start":{"line":73,"column":4},"end":{"line":73,"column":54}},"34":{"start":{"line":77,"column":26},"end":{"line":106,"column":1}},"35":{"start":{"line":78,"column":17},"end":{"line":78,"column":34}},"36":{"start":{"line":79,"column":14},"end":{"line":79,"column":39}},"37":{"start":{"line":81,"column":2},"end":{"line":105,"column":3}},"38":{"start":{"line":82,"column":18},"end":{"line":84,"column":36}},"39":{"start":{"line":86,"column":4},"end":{"line":100,"column":5}},"40":{"start":{"line":87,"column":6},"end":{"line":99,"column":7}},"41":{"start":{"line":88,"column":28},"end":{"line":91,"column":9}},"42":{"start":{"line":92,"column":8},"end":{"line":92,"column":38}},"43":{"start":{"line":94,"column":28},"end":{"line":97,"column":9}},"44":{"start":{"line":98,"column":8},"end":{"line":98,"column":38}},"45":{"start":{"line":101,"column":4},"end":{"line":101,"column":56}},"46":{"start":{"line":103,"column":4},"end":{"line":103,"column":19}},"47":{"start":{"line":104,"column":4},"end":{"line":104,"column":54}},"48":{"start":{"line":109,"column":2},"end":{"line":131,"column":3}},"49":{"start":{"line":110,"column":17},"end":{"line":110,"column":46}},"50":{"start":{"line":112,"column":24},"end":{"line":117,"column":5}},"51":{"start":{"line":119,"column":4},"end":{"line":119,"column":34}},"52":{"start":{"line":120,"column":18},"end":{"line":123,"column":5}},"53":{"start":{"line":124,"column":4},"end":{"line":125,"column":80}},"54":{"start":{"line":124,"column":17},"end":{"line":124,"column":77}},"55":{"start":{"line":125,"column":9},"end":{"line":125,"column":80}},"56":{"start":{"line":127,"column":4},"end":{"line":127,"column":19}},"57":{"start":{"line":128,"column":4},"end":{"line":130,"column":62}},"58":{"start":{"line":135,"column":2},"end":{"line":157,"column":3}},"59":{"start":{"line":136,"column":17},"end":{"line":136,"column":46}},"60":{"start":{"line":138,"column":24},"end":{"line":143,"column":5}},"61":{"start":{"line":145,"column":4},"end":{"line":145,"column":34}},"62":{"start":{"line":146,"column":18},"end":{"line":149,"column":5}},"63":{"start":{"line":150,"column":4},"end":{"line":151,"column":80}},"64":{"start":{"line":150,"column":17},"end":{"line":150,"column":77}},"65":{"start":{"line":151,"column":9},"end":{"line":151,"column":80}},"66":{"start":{"line":153,"column":4},"end":{"line":153,"column":19}},"67":{"start":{"line":154,"column":4},"end":{"line":156,"column":62}},"68":{"start":{"line":161,"column":2},"end":{"line":168,"column":3}},"69":{"start":{"line":162,"column":4},"end":{"line":164,"column":20}},"70":{"start":{"line":166,"column":4},"end":{"line":166,"column":19}},"71":{"start":{"line":167,"column":4},"end":{"line":167,"column":22}},"72":{"start":{"line":172,"column":2},"end":{"line":178,"column":3}},"73":{"start":{"line":173,"column":17},"end":{"line":173,"column":68}},"74":{"start":{"line":174,"column":4},"end":{"line":174,"column":55}},"75":{"start":{"line":176,"column":4},"end":{"line":176,"column":24}},"76":{"start":{"line":177,"column":4},"end":{"line":177,"column":17}},"77":{"start":{"line":182,"column":15},"end":{"line":184,"column":25}},"78":{"start":{"line":186,"column":2},"end":{"line":186,"column":29}},"79":{"start":{"line":190,"column":2},"end":{"line":203,"column":3}},"80":{"start":{"line":191,"column":19},"end":{"line":196,"column":27}},"81":{"start":{"line":199,"column":4},"end":{"line":200,"column":19}},"82":{"start":{"line":199,"column":34},"end":{"line":199,"column":43}},"83":{"start":{"line":200,"column":9},"end":{"line":200,"column":19}},"84":{"start":{"line":202,"column":4},"end":{"line":202,"column":14}},"85":{"start":{"line":207,"column":2},"end":{"line":216,"column":3}},"86":{"start":{"line":208,"column":26},"end":{"line":211,"column":40}},"87":{"start":{"line":213,"column":4},"end":{"line":213,"column":41}},"88":{"start":{"line":215,"column":4},"end":{"line":215,"column":14}},"89":{"start":{"line":220,"column":2},"end":{"line":229,"column":3}},"90":{"start":{"line":221,"column":27},"end":{"line":224,"column":53}},"91":{"start":{"line":226,"column":4},"end":{"line":226,"column":33}},"92":{"start":{"line":228,"column":4},"end":{"line":228,"column":14}},"93":{"start":{"line":233,"column":2},"end":{"line":242,"column":3}},"94":{"start":{"line":234,"column":24},"end":{"line":237,"column":50}},"95":{"start":{"line":239,"column":4},"end":{"line":239,"column":30}},"96":{"start":{"line":241,"column":4},"end":{"line":241,"column":14}},"97":{"start":{"line":245,"column":22},"end":{"line":290,"column":1}},"98":{"start":{"line":246,"column":16},"end":{"line":286,"column":6}},"99":{"start":{"line":288,"column":19},"end":{"line":288,"column":45}},"100":{"start":{"line":289,"column":2},"end":{"line":289,"column":18}},"101":{"start":{"line":292,"column":23},"end":{"line":301,"column":1}},"102":{"start":{"line":293,"column":17},"end":{"line":293,"column":34}},"103":{"start":{"line":294,"column":2},"end":{"line":300,"column":3}},"104":{"start":{"line":295,"column":18},"end":{"line":295,"column":45}},"105":{"start":{"line":296,"column":4},"end":{"line":296,"column":39}},"106":{"start":{"line":298,"column":4},"end":{"line":298,"column":19}},"107":{"start":{"line":299,"column":4},"end":{"line":299,"column":69}},"108":{"start":{"line":303,"column":25},"end":{"line":319,"column":1}},"109":{"start":{"line":304,"column":19},"end":{"line":304,"column":44}},"110":{"start":{"line":306,"column":2},"end":{"line":316,"column":3}},"111":{"start":{"line":307,"column":4},"end":{"line":310,"column":47}},"112":{"start":{"line":312,"column":4},"end":{"line":315,"column":43}},"113":{"start":{"line":318,"column":2},"end":{"line":318,"column":70}},"114":{"start":{"line":321,"column":21},"end":{"line":344,"column":1}},"115":{"start":{"line":322,"column":35},"end":{"line":322,"column":43}},"116":{"start":{"line":324,"column":15},"end":{"line":324,"column":74}},"117":{"start":{"line":326,"column":22},"end":{"line":329,"column":3}},"118":{"start":{"line":331,"column":2},"end":{"line":331,"column":26}},"119":{"start":{"line":333,"column":2},"end":{"line":343,"column":3}},"120":{"start":{"line":334,"column":4},"end":{"line":336,"column":27}},"121":{"start":{"line":337,"column":4},"end":{"line":337,"column":69}},"122":{"start":{"line":339,"column":4},"end":{"line":339,"column":23}},"123":{"start":{"line":340,"column":4},"end":{"line":342,"column":61}},"124":{"start":{"line":347,"column":17},"end":{"line":347,"column":32}},"125":{"start":{"line":348,"column":13},"end":{"line":348,"column":24}},"126":{"start":{"line":349,"column":13},"end":{"line":349,"column":35}},"127":{"start":{"line":350,"column":13},"end":{"line":350,"column":20}},"128":{"start":{"line":352,"column":2},"end":{"line":352,"column":27}},"129":{"start":{"line":355,"column":18},"end":{"line":383,"column":1}},"130":{"start":{"line":356,"column":15},"end":{"line":356,"column":23}},"131":{"start":{"line":357,"column":17},"end":{"line":357,"column":51}},"132":{"start":{"line":358,"column":2},"end":{"line":360,"column":3}},"133":{"start":{"line":359,"column":4},"end":{"line":359,"column":65}},"134":{"start":{"line":361,"column":15},"end":{"line":361,"column":40}},"135":{"start":{"line":362,"column":2},"end":{"line":364,"column":3}},"136":{"start":{"line":363,"column":4},"end":{"line":363,"column":63}},"137":{"start":{"line":365,"column":32},"end":{"line":365,"column":36}},"138":{"start":{"line":366,"column":29},"end":{"line":369,"column":3}},"139":{"start":{"line":371,"column":20},"end":{"line":379,"column":4}},"140":{"start":{"line":372,"column":4},"end":{"line":378,"column":5}},"141":{"start":{"line":373,"column":23},"end":{"line":373,"column":70}},"142":{"start":{"line":374,"column":17},"end":{"line":374,"column":28}},"143":{"start":{"line":375,"column":6},"end":{"line":375,"column":16}},"144":{"start":{"line":377,"column":6},"end":{"line":377,"column":21}},"145":{"start":{"line":381,"column":2},"end":{"line":382,"column":63}},"146":{"start":{"line":381,"column":17},"end":{"line":381,"column":67}},"147":{"start":{"line":382,"column":7},"end":{"line":382,"column":63}},"148":{"start":{"line":385,"column":0},"end":{"line":396,"column":2}}},"fnMap":{"0":{"name":"(anonymous_0)","decl":{"start":{"line":10,"column":24},"end":{"line":10,"column":25}},"loc":{"start":{"line":10,"column":44},"end":{"line":51,"column":1}},"line":10},"1":{"name":"(anonymous_1)","decl":{"start":{"line":53,"column":21},"end":{"line":53,"column":22}},"loc":{"start":{"line":53,"column":41},"end":{"line":75,"column":1}},"line":53},"2":{"name":"(anonymous_2)","decl":{"start":{"line":77,"column":26},"end":{"line":77,"column":27}},"loc":{"start":{"line":77,"column":46},"end":{"line":106,"column":1}},"line":77},"3":{"name":"acceptWalkRequest","decl":{"start":{"line":108,"column":15},"end":{"line":108,"column":32}},"loc":{"start":{"line":108,"column":57},"end":{"line":132,"column":1}},"line":108},"4":{"name":"declineWalkRequest","decl":{"start":{"line":134,"column":15},"end":{"line":134,"column":33}},"loc":{"start":{"line":134,"column":58},"end":{"line":158,"column":1}},"line":134},"5":{"name":"updateWalk","decl":{
[...]
,"decl":{"start":{"line":3,"column":18},"end":{"line":3,"column":19}},"loc":{"start":{"line":3,"column":38},"end":{"line":74,"column":1}},"line":3},"1":{"name":"(anonymous_1)","decl":{"start":{"line":76,"column":21},"end":{"line":76,"column":22}},"loc":{"start":{"line":76,"column":41},"end":{"line":79,"column":1}},"line":76}},"branchMap":{"0":{"loc":{"start":{"line":31,"column":4},"end":{"line":66,"column":5}},"type":"if","locations":[{"start":{"line":31,"column":4},"end":{"line":66,"column":5}},{"start":{"line":31,"column":4},"end":{"line":66,"column":5}}],"line":31},"1":{"loc":{"start":{"line":32,"column":6},"end":{"line":34,"column":7}},"type":"if","locations":[{"start":{"line":32,"column":6},"end":{"line":34,"column":7}},{"start":{"line":32,"column":6},"end":{"line":34,"column":7}}],"line":32},"2":{"loc":{"start":{"line":36,"column":6},"end":{"line":41,"column":7}},"type":"if","locations":[{"start":{"line":36,"column":6},"end":{"line":41,"column":7}},{"start":{"line":36,"column":6},"end":{"line":41,"column":7}}],"line":36},"3":{"loc":{"start":{"line":43,"column":6},"end":{"line":45,"column":7}},"type":"if","locations":[{"start":{"line":43,"column":6},"end":{"line":45,"column":7}},{"start":{"line":43,"column":6},"end":{"line":45,"column":7}}],"line":43},"4":{"loc":{"start":{"line":47,"column":6},"end":{"line":49,"column":7}},"type":"if","locations":[{"start":{"line":47,"column":6},"end":{"line":49,"column":7}},{"start":{"line":47,"column":6},"end":{"line":49,"column":7}}],"line":47},"5":{"loc":{"start":{"line":51,"column":6},"end":{"line":53,"column":7}},"type":"if","locations":[{"start":{"line":51,"column":6},"end":{"line":53,"column":7}},{"start":{"line":51,"column":6},"end":{"line":53,"column":7}}],"line":51},"6":{"loc":{"start":{"line":55,"column":6},"end":{"line":61,"column":7}},"type":"if","locations":[{"start":{"line":55,"column":6},"end":{"line":61,"column":7}},{"start":{"line":55,"column":6},"end":{"line":61,"column":7}}],"line":55},"7":{"loc":{"start":{"line":63,"column":6},"end":{"line":65,"column":7}},"type":"if","locations":[{"start":{"line":63,"column":6},"end":{"line":65,"column":7}},{"start":{"line":63,"column":6},"end":{"line":65,"column":7}}],"line":63}},"s":{"0":1,"1":1,"2":2,"3":2,"4":2,"5":2,"6":2,"7":1,"8":1,"9":1,"10":1,"11":1,"12":1,"13":1,"14":1,"15":1,"16":1,"17":1,"18":1,"19":1,"20":1,"21":1,"22":1,"23":2,"24":2,"25":0,"26":0,"27":1,"28":0,"29":0,"30":1},"f":{"0":2,"1":0},"b":{"0":[1,1],"1":[1,0],"2":[1,0],"3":[1,0],"4":[1,0],"5":[1,0],"6":[1,0],"7":[1,0]},"_coverageSchema":"1a1c01bbd47fc00a2c39e90264f33305004495a9","hash":"d052468e259ad5d5449a5138e09dc01947b028f1","contentHash":"88035b254eecb04fc67b067c7c455fbc0613a66164edd04c485caae7be7b5bf3"},"D:\\docs\\tpo\\LP234-11\\src\\server\\controller\\AddController.js":{"path":"D:\\docs\\tpo\\LP234-11\\src\\server\\controller\\AddController.js","statementMap":{"0":{"start":{"line":1,"column":23},"end":{"line":1,"column":54}},"1":{"start":{"line":2,"column":24},"end":{"line":2,"column":54}},"2":{"start":{"line":4,"column":15},"end":{"line":53,"column":1}},"3":{"start":{"line":5,"column":14},"end":{"line":5,"column":29}},"4":{"start":{"line":6,"column":15},"end":{"line":6,"column":51}},"5":{"start":{"line":7,"column":19},"end":{"line":7,"column":46}},"6":{"start":{"line":8,"column":17},"end":{"line":8,"column":42}},"7":{"start":{"line":10,"column":2},"end":{"line":12,"column":3}},"8":{"start":{"line":11,"column":4},"end":{"line":11,"column":56}},"9":{"start":{"line":13,"column":32},"end":{"line":13,"column":36}},"10":{"start":{"line":15,"column":19},"end":{"line":15,"column":40}},"11":{"start":{"line":17,"column":2},"end":{"line":19,"column":3}},"12":{"start":{"line":18,"column":4},"end":{"line":18,"column":76}},"13":{"start":{"line":21,"column":29},"end":{"line":29,"column":3}},"14":{"start":{"line":31,"column":16},"end":{"line":49,"column":4}},"15":{"start":{"line":32,"column":4},"end":{"line":48,"column":5}},"16":{"start":{"line":33,"column":20},"end":{"line":33,"column":65}},"17":{"start":{"line":34,"column":17},"end":{"line":34,"column":25}},"18":{"start":{"line":36,"column":38},"end":{"line":40,"column":7}},"19":{"start":{"line":42,"column":16},"end":{"line":42,"column":72}},"20":{"start":{"line":45,"column":6},"end":{"line":45,"column":16}},"21":{"start":{"line":47,"column":6},"end":{"line":47,"column":21}},"22":{"start":{"line":51,"column":2},"end":{"line":52,"column":75}},"23":{"start":{"line":51,"column":14},"end":{"line":51,"column":64}},"24":{"start":{"line":52,"column":7},"end":{"line":52,"column":75}},"25":{"start":{"line":55,"column":18},"end":{"line":75,"column":1}},"26":{"start":{"line":56,"column":14},"end":{"line":60,"column":51}},"27":{"start":{"line":62,"column":2},"end":{"line":74,"column":3}},"28":{"start":{"line":63,"column":4},"end":{"line":67,"column":5}},"29":{"start":{"line":64,"column":6},"end":{"line":64,"column":18}},"30":{"start":{"line":66,"column":6},"end":{"line":66,"column":19}},"31":{"start":{"line":69,"column":4},"end":{"line":73,"column":5}},"32":{"start":{"line":70,"column":6},"end":{"line":70,"column":18}},"33":{"start":{"line":72,"column":6},"end":{"line":72,"column":19}},"34":{"start":{"line":77,"column":18},"end":{"line":80,"column":1}},"35":{"start":{"line":78,"column":13},"end":{"line":78,"column":62}},"36":{"start":{"line":79,"column":2},"end":{"line":79,"column":15}},"37":{"start":{"line":82,"column":23},"end":{"line":87,"column":1}},"38":{"start":{"line":83,"column":13},"end":{"line":85,"column":23}},"39":{"start":{"line":86,"column":2},"end":{"line":86,"column":23}},"40":{"start":{"line":89,"column":19},"end":{"line":100,"column":1}},"41":{"start":{"line":90,"column":14},"end":{"line":98,"column":35}},"42":{"start":{"line":99,"column":2},"end":{"line":99,"column":13}},"43":{"start":{"line":102,"column":20},"end":{"line":110,"column":1}},"44":{"start":{"line":103,"column":17},"end":{"line":103,"column":34}},"45":{"start":{"line":104,"column":2},"end":{"line":109,"column":3}},"46":{"start":{"line":105,"column":16},"end":{"line":105,"column":40}},"47":{"start":{"line":106,"column":4},"end":{"line":106,"column":37}},"48":{"start":{"line":108,"column":4},"end":{"line":108,"column":72}},"49":{"start":{"line":113,"column":23},"end":{"line":142,"column":1}},"50":{"start":{"line":114,"column":17},"end":{"line":114,"column":34}},"51":{"start":{"line":115,"column":19},"end":{"line":115,"column":27}},"52":{"start":{"line":116,"column":2},"end":{"line":141,"column":3}},"53":{"start":{"line":117,"column":25},"end":{"line":117,"column":59}},"54":{"start":{"line":118,"column":4},"end":{"line":122,"column":5}},"55":{"start":{"line":119,"column":6},"end":{"line":121,"column":63}},"56":{"start":{"line":124,"column":15},"end":{"line":124,"column":36}},"57":{"start":{"line":126,"column":22},"end":{"line":129,"column":5}},"58":{"start":{"line":131,"column":20},"end":{"line":131,"column":45}},"59":{"start":{"line":133,"column":4},"end":{"line":135,"column":5}},"60":{"start":{"line":134,"column":6},"end":{"line":134,"column":73}},"61":{"start":{"line":137,"column":4},"end":{"line":137,"column":71}},"62":{"start":{"line":139,"column":4},"end":{"line":139,"column":19}},"63":{"start":{"line":140,"column":4},"end":{"line":140,"column":71}},"64":{"start":{"line":144,"column":17},"end":{"line":152,"column":1}},"65":{"start":{"line":145,"column":2},"end":{"line":151,"column":3}},"66":{"start":{"line":146,"column":4},"end":{"line":146,"column":72}},"67":{"start":{"line":147,"column":4},"end":{"line":147,"column":16}},"68":{"start":{"line":149,"column":4},"end":{"line":149,"column":19}},"69":{"start":{"line":150,"column":4},"end":{"line":150,"column":22}},"70":{"start":{"line":154,"column":23},"end":{"line":177,"column":1}},"71":{"start":{"line":155,"column":17},"end":{"line":155,"column":34}},"72":{"start":{"line":156,"column":52},"end":{"line":156,"column":60}},"73":{"start":{"line":157,"column":2},"end":{"line":176,"column":3}},"74":{"start":{"line":158,"column":25},"end":{"line":158,"column":62}},"75":{"start":{"line":159,"column":4},"end":{"line":163,"column":5}},"76":{"start":{"line":160,"column":6},"end":{"line":162,"column":63}},"77":{"start":{"line":164,"column":15},"end":{"line":164,"column":39}},"78":{"start":{"line":165,"column":22},"end":{"line":170,"column":5}},"79":{"start":{"line":171,"column":4},"end":{"line":171,"column":30}},"80":{"start":{"line":172,"column":4},"end":{"line":172,"column":64}},"81":{"start":{"line":174,"column":4},"end":{"line":174,"column":19}},"82":{"start":{"line":175,"column":4},"end":{"line":175,"column":71}},"83":{"start":{"line":180,"column":17},"end":{"line":180,"column":32}},"84":{"start":{"line":181,"column":13},"end":{"line":181,"column":24}},"85":{"start":{"line":182,"column":13},"end":{"line":182,"column":35}},"86":{"start":{"line":183,"column":13},"end":{"line":183,"column":20}},"87":{"start":{"line":185,"column":2},"end":{"line":185,"column":27}},"88":{"start":{"line":188,"column":0},"end":{"line":193,"column":2}}},"fnMap":{"0":{"name":"(anonymous_0)","decl":{"start":{"line":4,"column":15},"end":{"line":4,"column":16}},"loc":{"start":{"line":4,"column":35},"end":{"line":53,"column":1}},"line":4},"1":{"name":"(anonymous_1)","decl":{"start":{"line":31,"column":45},"end":{"line":31,"column":46}},"loc":{"start":{"line":31,"column":60},"end":{"line":49,"column":3}},"line":31},"2":{"name":"(anonymous_2)","decl":{"start":{"line":55,"column":18},"end":{"line":55,"column":19}},"loc":{"start":{"line":55,"column":34},"end":{"line":75,"column":1}},"line":55},"3":{"name":"(anonymous_3)","decl":{"start":{"line":77,"column":18},"end":{"line":77,"column":19}},"loc":{"start":{"line":77,"column":34},"end":{"line":80,"column":1}},"line":77},"4":{"name":"(anonymous_4)","decl":{"start":{"line":82,"column":23},"end":{"line":82,"column":24}},"loc":{"start":{"line":82,"column":47},"end":{"line":87,"column":1}},"line":82},"5":{"name":"(anonymous_5)","decl":{"start":{"line":89,"column":19},"end":{"line":89,"column":20}},"loc":{"start":{"line":89,"column":37},"end":{"line":100,"column":1}},"line":89},"6":{"name":"(anonymous_6)","decl":{"start":{"line":102,"column":20},"end":{"line":102,"column":21}},"loc":{"start":{"line":102,"column":40},"end":{"line":110,"column":1}},"line":102},"7":{"name":"(anonymous_7)","decl":{"start":{"line":113,"column":23},"end":{"line":113,"column":24}},"loc":{"start":{"line":113,"column":43},"end":{"line":142,"column":1}},"line":113},"8":{"name":"(anonymous_8)","decl":{"start":{"line":144,"column":17},"end":{"line":144,"column":18}},"loc":{"start":{"line":144,"column":31},"end":{"line":152,"column":1}},"line":144},"9":{"name":"(anonymous_9)","decl":{"start":{"line":154,"column":23},"end":{"line":154,"column":24}},"loc":{"start":{"line":154,"column":43},"end":{"line":177,"column":1}},"line":154},"10":{"name":"changeFormat","decl":{"start":{"line":179,"column":9},"end":{"line":179,"column":21}},"loc":{"start":{"line":179,"column":28},"end":{"line":186,"column":1}},"line":179}},"branchMap":{"0":{"loc":{"start":{"line":10,"column":2},"end":{"line":12,"column":3}},"type":"if","locations":[{"start":{"line":10,"column":2},"end":{"line":12,"column":3}},{"start":{"line":10,"column":2},"end":{"line":12,"column":3}}],"line":10},"1":{"loc":{"start":{"line":17,"column":2},"end":{"line":19,"column":3}},"type":"if","locations":[{"start":{"line":17,"column":2},"end":{"line":19,"column":3}},{"start":{"line":17,"column":2},"end":{"line":19,"column":3}}],"line":17},"2":{"loc":{"start":{"line":51,"column":2},"end":{"line":52,"column":75}},"type":"if","locations":[{"start":{"line":51,"column":2},"end":{"line":52,"column":75}},{"start":{"line":51,"column":2},"end":{"line":52,"column":75}}],"line":51},"3":{"loc":{"start":{"line":62,"column":2},"end":{"line":74,"column":3}},"type":"if","locations":[{"start":{"line":62,"column":2},"end":{"line":74,"column":3}},{"start":{"line":62,"column":2},"end":{"line":74,"column":3}}],"line":62},"4":{"loc":{"start":{"line":63,"column":4},"end":{"line":67,"column":5}},"type":"if","locations":[{"start":{"line":63,"column":4},"end":{"line":67,"column":5}},{"start":{"line":63,"column":4},"end":{"line":67,"column":5}}],"line":63},"5":{"loc":{"start":{"line":69,"column":4},"end":{"line":73,"column":5}},"type":"if","locations":[{"start":{"line":69,"column":4},"end":{"line":73,"column":5}},{"start":{"line":69,"column":4},"end":{"line":73,"column":5}}],"line":69},"6":{"loc":{"start":{"line":118,"column":4},"end":{"line":122,"column":5}},"type":"if","locations":[{"start":{"line":118,"column":4},"end":{"line":122,"column":5}},{"start":{"line":118,"column":4},"end":{"line":122,"column":5}}],"line":118},"7":{"loc":{"start":{"line":133,"column":4},"end":{"line":135,"column":5}},"type":"if","locations":[{"start":{"line":133,"column":4},"end":{"line":135,"column":5}},{"start":{"line":133,"column":4},"end":{"line":135,"column":5}}],"line":133},"8":{"loc":{"start":{"line":159,"column":4},"end":{"line":163,"column":5}},"type":"if","locations":[{"start":{"line":159,"column":4},"end":{"line":163,"column":5}},{"start":{"line":159,"column":4},"end":{"line":163,"column":5}}],"line":159}},"s":{"0":1,"1":1,"2":1,"3":3,"4":3,"5":3,"6":3,"7":3,"8":0,"9":3,"10":3,"11":3,"12":1,"13":2,"14":2,"15":2,"16":2,"17":2,"18":2,"19":2,"20":2,"21":0,"22":2,"23":0,"24":2,"25":1,"26":3,"27":3,"28":0,"29":0,"30":0,"31":3,"32":2,"33":1,"34":1,"35":2,"36":2,"37":1,"38":2,"39":2,"40":1,"41":0,"42":0,"43":1,"44":0,"45":0,"46":0,"47":0,"48":0,"49":1,"50":2,"51":2,"52":2,"53":2,"54":2,"55":0,"56":2,"57":2,"58":2,"59":2,"60":2,"61":0,"62":0,"63":0,"64":1,"65":2,"66":2,"67":2,"68":0,"69":0,"70":1,"71":0,"72":0,"73":0,"74":0,"75":0,"76":0,"77":0,"78":0,"79":0,"80":0,"81":0,"82":0,"83":6,"84":6,"85":6,"86":6,"87":6,"88":1},"f":{"0":3,"1":2,"2":3,"3":2,"4":2,"5":0,"6":0,"7":2,"8":2,"9":0,"10":6},"b":{"0":[0,3],"1":[1,2],"2":[0,2],"3":[0,3],"4":[0,0],"5":[2,1],"6":[0,2],"7":[2,0],"8":[0,0]},"_coverageSchema":"1a1c01bbd47fc00a2c39e90264f33305004495a9","hash":"a08534085ef65fcfc2f5301e88026d585da1e8c9","contentHash":"4994323d8d80ec3db10a998761e5e1e590cf727f57c028b76dc70a8e8c408328"},"D:\\docs\\tpo\\LP234-11\\src\\server\\controller\\OceneController.js":{"path":"D:\\docs\\tpo\\LP234-11\\src\\server\\controller\\OceneController.js","statementMap":{"0":{"start":{"line":1,"column":23},"end":{"line":1,"column":54}},"1":{"start":{"line":5,"column":4},"end":{"line":5,"column":34}},"2":{"start":{"line":7,"column":17},"end":{"line":40,"column":1}},"3":{"start":{"line":8,"column":39},"end":{"line":8,"column":47}},"4":{"start":{"line":10,"column":18},"end":{"line":10,"column":73}},"5":{"start":{"line":12,"column":2},"end":{"line":13,"column":71}},"6":{"start":{"line":13,"column":4},"end":{"line":13,"column":71}},"7":{"start":{"line":15,"column":2},"end":{"line":39,"column":3}},"8":{"start":{"line":16,"column":16},"end":{"line":16,"column":43}},"9":{"start":{"line":18,"column":32},"end":{"line":21,"column":5}},"10":{"start":{"line":22,"column":4},"end":{"line":22,"column":58}},"11":{"start":{"line":24,"column":27},"end":{"line":27,"column":5}},"12":{"start":{"line":28,"column":4},"end":{"line":30,"column":30}},"13":{"start":{"line":32,"column":20},"end":{"line":32,"column":60}},"14":{"start":{"line":34,"column":4},"end":{"line":35,"column":71}},"15":{"start":{"line":34,"column":17},"end":{"line":34,"column":68}},"16":{"start":{"line":35,"column":9},"end":{"line":35,"column":71}},"17":{"start":{"line":37,"column":4},"end":{"line":37,"column":19}},"18":{"start":{"line":38,"column":4},"end":{"line":38,"column":73}},"19":{"start":{"line":42,"column":0},"end":{"line":44,"column":2}}},"fnMap":{"0":{"name":"(anonymous_0)","decl":{"start":{"line":7,"column":17},"end":{"line":7,"column":18}},"loc":{"start":{"line":7,"column":37},"end":{"line":40,"column":1}},"line":7}},"branchMap":{"0":{"loc":{"start":{"line":12,"column":2},"end":{"line":13,"column":71}},"type":"if","locations":[{"start":{"line":12,"column":2},"end":{"line":13,"column":71}},{"start":{"line":12,"column":2},"end":{"line":13,"column":71}}],"line":12},"1":{"loc":{"start":{"line":34,"column":4},"end":{"line":35,"column":71}},"type":"if","locations":[{"start":{"line":34,"column":4},"end":{"line":35,"column":71}},{"start":{"line":34,"column":4},"end":{"line":35,"column":71}}],"line":34}},"s":{"0":1,"1":1,"2":1,"3":2,"4":2,"5":2,"6":1,"7":1,"8":1,"9":1,"10":1,"11":1,"12":1,"13":1,"14":1,"15":1,"16":0,"17":0,"18":0,"19":1},"f":{"0":2},"b":{"0":[1,1],"1":[1,0]},"_coverageSchema":"1a1c01bbd47fc00a2c39e90264f33305004495a9","hash":"59d6af3064687ff6b979baa25d1c957ec62fa1d3","contentHash":"939b7de387239f2670a21958c43a83b9217a381a6e6455ed2e0c7f2762adbbad"},"D:\\docs\\tpo\\LP234-11\\src\\server\\controller\\AdminController.js":{"path":"D:\\docs\\tpo\\LP234-11\\src\\server\\controller\\AdminController.js","statementMap":{"0":{"start":{"line":1,"column":23},"end":{"line":1,"column":54}},"1":{"start":{"line":6,"column":4},"end":{"line":6,"column":34}},"2":{"start":{"line":8,"column":21},"end":{"line":11,"column":1}},"3":{"start":{"line":9,"column":19},"end":{"line":9,"column":44}},"4":{"start":{"line":10,"column":2},"end":{"line":10,"column":31}},"5":{"start":{"line":13,"column":29},"end":{"line":22,"column":1}},"6":{"start":{"line":14,"column":17},"end":{"line":14,"column":34}},"7":{"start":{"line":15,"column":18},"end":{"line":15,"column":44}},"8":{"start":{"line":16,"column":2},"end":{"line":18,"column":3}},"9":{"start":{"line":17,"column":4},"end":{"line":17,"column":58}},"10":{"start":{"line":20,"column":16},"end":{"line":20,"column":45}},"11":{"start":{"line":21,"column":2},"end":{"line":21,"column":37}},"12":{"start":{"line":24,"column":30},"end":{"line":39,"column":1}},"13":{"start":{"line":25,"column":17},"end":{"line":25,"column":34}},"14":{"start":{"line":26,"column":18},"end":{"line":26,"column":44}},"15":{"start":{"line":27,"column":2},"end":{"line":29,"column":3}},"16":{"start":{"line":28,"column":4},"end":{"line":28,"column":58}},"17":{"start":{"line":30,"column":2},"end":{"line":38,"column":3}},"18":{"start":{"line":31,"column":26},"end":{"line":31,"column":34}},"19":{"start":{"line":32,"column":17},"end":{"line":32,"column":45}},"20":{"start":{"line":33,"column":24},"end":{"line":33,"column":52}},"21":{"start":{"line":34,"column":4},"end":{"line":34,"column":37}},"22":{"start":{"line":35,"column":4},"end":{"line":35,"column":57}},"23":{"start":{"line":37,"column":4},"end":{"line":37,"column":70}},"24":{"start":{"line":41,"column":0},"end":{"line":44,"column":2}}},"fnMap":{"0":{"name":"(anonymous_0)","decl":{"start":{"line":8,"column":21},"end":{"line":8,"column":22}},"loc":{"start":{"line":8,"column":39},"end":{"line":11,"column":1}},"line":8},"1":{"name":"(anonymous_1)","decl":{"start":{"line":13,"column":29},"end":{"line":13,"column":30}},"loc":{"start":{"line":13,"column":49},"end":{"line":22,"column":1}},"line":13},"2":{"name":"(anonymous_2)","decl":{"start":{"line":24,"column":30},"end":{"line":24,"column":31}},"loc":{"start":{"line":24,"column":50},"end":{"line":39,"column":1}},"line":24}},"branchMap":{"0":{"loc":{"start":{"line":16,"column":2},"end":{"line":18,"column":3}},"type":"if","locations":[{"start":{"line":16,"column":2},"end":{"line":18,"column":3}},{"start":{"line":16,"column":2},"end":{"line":18,"column":3}}],"line":16},"1":{"loc":{"start":{"line":27,"column":2},"end":{"line":29,"column":3}},"type":"if","locations":[{"start":{"line":27,"column":2},"end":{"line":29,"column":3}},{"start":{"line":27,"column":2},"end":{"line":29,"column":3}}],"line":27}},"s":{"0":1,"1":1,"2":1,"3":4,"4":4,"5":1,"6":2,"7":2,"8":2,"9":1,"10":1,"11":1,"12":1,"13":2,"14":2,"15":2,"16":1,"17":1,"18":1,"19":1,"20":1,"21":1,"22":1,"23":0,"24":1},"f":{"0":4,"1":2,"2":2},"b":{"0":[1,1],"1":[1,1]},"_coverageSchema":"1a1c01bbd47fc00a2c39e90264f33305004495a9","hash":"e56d2418a1f0afaa6ba953c269ce3272b8c504a6","contentHash":"06c77aca4f2945d36d0c8739eadb16b5f6a58072ce9dfbabe81de2b8c084eea8"}}